time,userID,action,objName
75,3,MOVE,DataSlip_8
77,1,MOVE,DataSlip_15
77,2,MOVE,Note_0
78,3,MOVE,DataSlip_8
79,2,ENLARGE,Note_0
80,3,MOVE,DataSlip_8
80,3,MOVE,DataSlip_11
80,1,MOVE,DataSlip_6
81,2,MOVE,Note_0
81,2,MOVE,Note_0
82,3,MOVE,DataSlip_13
82,2,MOVE,Note_0
82,1,MOVE,DataSlip_17
83,3,MOVE,DataSlip_5
84,1,MOVE,DataSlip_19
84,3,MOVE,DataSlip_10
85,1,MOVE,DataSlip_7
85,3,MOVE,DataSlip_14
86,3,MOVE,DataSlip_12
86,1,MOVE,DataSlip_16
87,3,MOVE,DataSlip_1
88,3,MOVE,DataSlip_20
89,3,MOVE,DataSlip_2
90,2,MOVE,DataSlip_13
90,3,MOVE,DataSlip_9
92,2,MOVE,DataSlip_13
92,3,MOVE,DataSlip_2
95,2,MOVE,Note_0
96,2,ENLARGE,Note_0
97,2,NORMAL,Note_0
98,2,ENLARGE,Note_0
101,2,ROTATE,Note_0
103,2,MOVE,Note_0
106,3,MOVE,DataSlip_18
107,3,MOVE,Note_0
108,3,MOVE,DataSlip_14
108,1,MOVE,DataSlip_7
109,3,MOVE,DataSlip_9
109,1,MOVE,DataSlip_15
109,3,MOVE,DataSlip_18
110,1,MOVE,DataSlip_16
111,3,MOVE,DataSlip_20
111,1,MOVE,DataSlip_19
111,1,MOVE,DataSlip_3
112,3,MOVE,DataSlip_12
113,2,MOVE,DataSlip_1
115,3,MOVE,Note_0
116,2,MOVE,DataSlip_13
116,3,ENLARGE,Note_0
117,2,ENLARGE,DataSlip_13
119,3,MOVE,Note_0
120,3,MOVE,DataSlip_2
120,2,MOVE,DataSlip_13
121,3,MOVE,DataSlip_4
121,3,MOVE,DataSlip_11
122,1,MOVE,DataSlip_16
123,1,MOVE,DataSlip_16
123,3,MOVE,DataSlip_4
124,1,MOVE,DataSlip_7
124,3,MOVE,DataSlip_3
124,1,MOVE,DataSlip_7
124,2,MOVE,DataSlip_13
126,2,SHRINK,DataSlip_13
126,3,MOVE,Note_0
127,3,MOVE,DataSlip_2
128,3,MOVE,DataSlip_11
128,2,MOVE,DataSlip_13
129,3,MOVE,Note_0
129,2,MOVE,DataSlip_13
138,2,MOVE,DataSlip_1
139,2,MOVE,DataSlip_1
139,1,ENLARGE,DataSlip_7
140,2,ENLARGE,DataSlip_1
142,1,MOVE,DataSlip_7
143,2,MOVE,DataSlip_1
144,1,MOVE,DataSlip_7
155,1,SHRINK,DataSlip_7
157,1,MOVE,DataSlip_7
159,2,SHRINK,DataSlip_1
165,2,MOVE,DataSlip_1
170,2,MOVE,DataSlip_13
178,1,MOVE,DataSlip_7
181,1,MOVE,DataSlip_8
181,3,MOVE,DataSlip_11
182,1,MOVE,DataSlip_4
182,3,ENLARGE,DataSlip_11
183,2,ENLARGE,DataSlip_10
185,3,MOVE,DataSlip_11
186,2,MOVE,DataSlip_10
186,1,MOVE,DataSlip_16
187,2,MOVE,DataSlip_10
188,2,MOVE,DataSlip_10
188,1,ENLARGE,DataSlip_16
189,2,MOVE,DataSlip_10
190,1,MOVE,DataSlip_16
191,3,MOVE,DataSlip_11
202,3,MOVE,DataSlip_11
203,2,MOVE,DataSlip_10
204,1,NORMAL,DataSlip_16
207,1,MOVE,DataSlip_16
208,2,MOVE,DataSlip_10
209,2,SHRINK,DataSlip_10
211,2,MOVE,DataSlip_10
219,2,ENLARGE,DataSlip_10
220,3,SHRINK,DataSlip_11
221,2,SHRINK,DataSlip_10
223,3,MOVE,DataSlip_11
225,1,MOVE,DataSlip_16
226,2,MOVE,DataSlip_11
226,1,MOVE,DataSlip_16
227,2,MOVE,DataSlip_10
228,3,MOVE,DataSlip_16
230,2,MOVE,DataSlip_16
232,2,SHRINK,DataSlip_16
234,2,MOVE,DataSlip_16
235,1,ENLARGE,DataSlip_8
237,1,MOVE,DataSlip_8
238,2,MOVE,DataSlip_10
239,3,MOVE,DataSlip_2
240,2,MOVE,DataSlip_10
240,3,ENLARGE,DataSlip_2
242,3,MOVE,DataSlip_2
247,3,MOVE,DataSlip_2
258,1,SHRINK,DataSlip_8
258,3,MOVE,DataSlip_2
260,3,SHRINK,DataSlip_2
262,1,MOVE,DataSlip_8
274,3,MOVE,DataSlip_2
283,2,MOVE,DataSlip_2
283,1,MOVE,DataSlip_8
284,2,ENLARGE,DataSlip_2
286,2,MOVE,DataSlip_2
288,3,MOVE,DataSlip_10
289,1,MOVE,DataSlip_8
291,3,MOVE,DataSlip_4
292,2,SHRINK,DataSlip_2
292,3,ENLARGE,DataSlip_4
294,2,MOVE,DataSlip_2
294,3,MOVE,DataSlip_4
295,2,MOVE,DataSlip_2
295,2,MOVE,DataSlip_2
295,1,ENLARGE,DataSlip_7
296,2,MOVE,DataSlip_2
297,1,MOVE,DataSlip_7
297,3,MOVE,DataSlip_4
299,1,SHRINK,DataSlip_7
300,1,MOVE,DataSlip_7
301,1,MOVE,DataSlip_7
302,1,MOVE,DataSlip_15
302,3,MOVE,DataSlip_4
303,3,MOVE,DataSlip_4
303,1,ENLARGE,DataSlip_15
305,1,MOVE,DataSlip_15
306,2,SHRINK,DataSlip_4
307,1,MOVE,DataSlip_15
308,2,MOVE,DataSlip_4
309,2,MOVE,DataSlip_4
309,2,MOVE,DataSlip_4
310,2,MOVE,DataSlip_4
310,2,MOVE,DataSlip_4
311,2,MOVE,DataSlip_4
311,2,MOVE,DataSlip_4
316,1,SHRINK,DataSlip_15
319,1,MOVE,DataSlip_15
320,2,MOVE,DataSlip_15
321,2,MOVE,DataSlip_15
322,2,ENLARGE,DataSlip_15
322,1,MOVE,DataSlip_19
323,2,MOVE,DataSlip_15
323,3,MOVE,DataSlip_3
323,2,MOVE,DataSlip_15
324,1,ENLARGE,DataSlip_19
324,3,ENLARGE,DataSlip_3
326,1,MOVE,DataSlip_19
326,2,MOVE,DataSlip_15
326,3,MOVE,DataSlip_3
328,1,MOVE,DataSlip_3
329,2,SHRINK,DataSlip_15
330,1,MOVE,DataSlip_19
331,2,MOVE,DataSlip_15
336,1,MOVE,DataSlip_19
346,3,MOVE,DataSlip_3
347,3,SHRINK,DataSlip_3
355,2,MOVE,DataSlip_10
356,3,MOVE,DataSlip_3
357,2,SHRINK,DataSlip_18
359,2,ENLARGE,DataSlip_18
359,3,MOVE,DataSlip_10
362,1,SHRINK,DataSlip_19
365,2,MOVE,DataSlip_18
366,2,SHRINK,DataSlip_18
369,2,MOVE,DataSlip_18
370,3,MOVE,DataSlip_10
371,3,MOVE,DataSlip_3
373,2,ENLARGE,DataSlip_14
375,1,MOVE,DataSlip_7
376,1,MOVE,DataSlip_7
376,1,MOVE,DataSlip_19
378,1,MOVE,DataSlip_12
381,1,MOVE,DataSlip_20
383,1,MOVE,DataSlip_20
384,1,ENLARGE,DataSlip_20
408,1,SHRINK,DataSlip_20
409,1,MOVE,DataSlip_20
412,3,MOVE,Note_0
413,3,ENLARGE,Note_0
416,3,NORMAL,Note_0
418,3,ROTATE,Note_0
421,3,MOVE,Note_0
421,3,MOVE,Note_0
422,1,MOVE,DataSlip_19
423,1,MOVE,DataSlip_19
423,3,MOVE,DataSlip_14
424,1,MOVE,DataSlip_7
425,1,MOVE,DataSlip_7
425,1,MOVE,DataSlip_7
426,3,MOVE,DataSlip_14
426,1,MOVE,DataSlip_19
427,1,MOVE,DataSlip_7
428,3,MOVE,DataSlip_14
428,1,MOVE,DataSlip_19
429,3,SHRINK,DataSlip_14
430,3,MOVE,DataSlip_14
431,1,MOVE,DataSlip_20
432,1,MOVE,DataSlip_12
433,1,ENLARGE,DataSlip_12
434,1,MOVE,DataSlip_12
449,3,MOVE,DataSlip_12
454,1,SHRINK,DataSlip_12
459,1,MOVE,DataSlip_12
461,2,ENLARGE,DataSlip_12
463,3,MOVE,DataSlip_7
463,2,MOVE,DataSlip_12
464,3,ENLARGE,DataSlip_7
466,3,MOVE,DataSlip_7
488,1,MOVE,DataSlip_7
490,3,MOVE,DataSlip_7
492,3,SHRINK,DataSlip_7
495,2,SHRINK,DataSlip_12
497,3,MOVE,DataSlip_7
498,2,MOVE,DataSlip_12
499,2,MOVE,DataSlip_12
499,3,MOVE,DataSlip_19
500,3,ENLARGE,DataSlip_19
502,3,MOVE,DataSlip_19
503,1,MOVE,DataSlip_17
505,1,ENLARGE,DataSlip_17
506,1,MOVE,DataSlip_17
508,3,MOVE,DataSlip_19
508,1,MOVE,DataSlip_17
511,1,MOVE,DataSlip_17
513,1,MOVE,DataSlip_17
533,1,MOVE,DataSlip_17
536,3,MOVE,DataSlip_19
539,3,SHRINK,DataSlip_19
540,3,NORMAL,DataSlip_19
540,3,ROTATE,DataSlip_19
541,1,SHRINK,DataSlip_17
541,3,MOVE,DataSlip_19
542,2,MOVE,DataSlip_7
544,3,MOVE,DataSlip_17
545,2,MOVE,DataSlip_17
546,3,MOVE,DataSlip_6
547,3,ENLARGE,DataSlip_6
547,2,ENLARGE,DataSlip_17
549,2,MOVE,DataSlip_17
562,2,SHRINK,DataSlip_17
562,2,ROTATE,DataSlip_17
563,2,MOVE,DataSlip_17
565,2,MOVE,DataSlip_17
578,3,SHRINK,DataSlip_6
581,3,MOVE,DataSlip_6
588,1,MOVE,DataSlip_20
591,1,MOVE,DataSlip_20
593,1,ENLARGE,DataSlip_20
594,1,MOVE,DataSlip_20
601,2,MOVE,DataSlip_3
602,2,MOVE,DataSlip_7
603,2,MOVE,DataSlip_7
604,2,ENLARGE,DataSlip_7
606,2,MOVE,DataSlip_7
606,2,MOVE,DataSlip_7
607,1,SHRINK,DataSlip_20
608,2,MOVE,DataSlip_7
611,1,MOVE,DataSlip_20
619,1,MOVE,DataSlip_20
621,3,MOVE,DataSlip_7
624,3,SHRINK,DataSlip_7
626,2,MOVE,DataSlip_19
626,2,MOVE,DataSlip_19
627,2,MOVE,DataSlip_17
627,3,MOVE,DataSlip_7
628,2,MOVE,DataSlip_5
628,3,MOVE,DataSlip_6
628,2,MOVE,DataSlip_9
630,2,MOVE,DataSlip_12
630,2,MOVE,DataSlip_12
631,2,MOVE,DataSlip_2
631,2,MOVE,DataSlip_15
631,3,MOVE,DataSlip_3
631,2,MOVE,DataSlip_4
632,2,MOVE,DataSlip_10
632,1,MOVE,DataSlip_20
633,2,MOVE,DataSlip_8
634,2,MOVE,DataSlip_11
634,2,MOVE,DataSlip_13
635,3,MOVE,DataSlip_4
636,3,MOVE,DataSlip_11
637,3,MOVE,DataSlip_16
643,1,MOVE,DataSlip_20
656,3,MOVE,DataSlip_6
663,1,MOVE,DataSlip_6
664,3,MOVE,DataSlip_7
664,1,SHRINK,DataSlip_6
664,3,ENLARGE,DataSlip_7
664,3,NORMAL,DataSlip_7
666,3,MOVE,DataSlip_7
667,3,SHRINK,DataSlip_7
668,1,MOVE,DataSlip_6
668,3,MOVE,DataSlip_7
670,1,MOVE,DataSlip_20
671,3,MOVE,DataSlip_17
672,1,MOVE,DataSlip_7
674,1,MOVE,DataSlip_17
675,3,MOVE,DataSlip_3
678,1,MOVE,Note_0
679,3,MOVE,DataSlip_19
679,1,SHRINK,Note_0
681,3,MOVE,Note_0
681,3,ENLARGE,Note_0
683,3,MOVE,Note_0
684,3,NORMAL,Note_0
687,3,ROTATE,Note_0
689,3,MOVE,Note_0
690,3,MOVE,DataSlip_12
693,3,MOVE,DataSlip_5
696,1,MOVE,DataSlip_12
697,1,MOVE,DataSlip_17
699,1,MOVE,DataSlip_5
699,3,MOVE,DataSlip_15
701,1,MOVE,DataSlip_15
702,1,MOVE,DataSlip_15
706,1,MOVE,DataSlip_19
707,3,ENLARGE,DataSlip_15
707,3,NORMAL,DataSlip_15
707,3,ROTATE,DataSlip_15
708,3,MOVE,DataSlip_15
710,1,MOVE,DataSlip_5
710,2,MOVE,DataSlip_15
721,1,MOVE,DataSlip_7
722,1,MOVE,DataSlip_7
722,1,MOVE,DataSlip_17
723,1,MOVE,DataSlip_7
724,1,MOVE,DataSlip_17
725,1,MOVE,DataSlip_12
726,1,MOVE,DataSlip_5
727,1,MOVE,DataSlip_5
728,1,MOVE,DataSlip_7
730,2,MOVE,DataSlip_15
734,1,MOVE,DataSlip_5
736,1,NORMAL,DataSlip_5
738,2,MOVE,DataSlip_15
738,1,ROTATE,DataSlip_5
740,2,SHRINK,DataSlip_15
740,3,MOVE,DataSlip_10
741,1,ENLARGE,DataSlip_5
742,2,MOVE,DataSlip_15
743,3,MOVE,DataSlip_14
744,1,MOVE,DataSlip_5
753,3,MOVE,DataSlip_5
755,2,MOVE,DataSlip_15
755,3,NORMAL,DataSlip_15
756,2,MOVE,DataSlip_1
757,2,MOVE,DataSlip_1
758,3,MOVE,DataSlip_5
759,3,NORMAL,DataSlip_5
761,3,MOVE,DataSlip_5
765,1,MOVE,DataSlip_5
765,2,MOVE,DataSlip_15
766,2,MOVE,DataSlip_15
767,2,MOVE,DataSlip_15
768,1,MOVE,DataSlip_5
769,1,MOVE,DataSlip_5
772,3,SHRINK,DataSlip_15
775,1,MOVE,DataSlip_5
775,3,MOVE,DataSlip_15
775,3,MOVE,DataSlip_3
778,2,MOVE,DataSlip_18
778,1,NORMAL,DataSlip_5
782,1,SHRINK,DataSlip_5
783,1,ROTATE,DataSlip_5
785,1,MOVE,DataSlip_5
787,1,NORMAL,DataSlip_5
787,3,MOVE,DataSlip_8
789,3,MOVE,DataSlip_10
790,3,MOVE,DataSlip_18
791,1,ROTATE,DataSlip_5
792,2,MOVE,DataSlip_4
793,1,MOVE,DataSlip_5
793,3,MOVE,DataSlip_16
793,2,ENLARGE,DataSlip_4
793,2,NORMAL,DataSlip_4
794,2,MOVE,DataSlip_4
794,3,MOVE,DataSlip_11
795,2,MOVE,DataSlip_4
795,1,NORMAL,DataSlip_5
795,2,NORMAL,DataSlip_4
795,2,NORMAL,DataSlip_4
796,2,ROTATE,DataSlip_4
796,1,ROTATE,DataSlip_5
797,3,MOVE,DataSlip_13
797,2,MOVE,Note_0
797,1,MOVE,DataSlip_5
798,2,MOVE,DataSlip_4
799,3,MOVE,DataSlip_2
799,1,MOVE,Note_0
800,3,MOVE,DataSlip_1
803,1,MOVE,DataSlip_3
803,3,MOVE,DataSlip_9
803,1,MOVE,DataSlip_15
804,1,MOVE,DataSlip_3
805,1,MOVE,DataSlip_15
807,1,MOVE,DataSlip_3
809,3,MOVE,DataSlip_10
810,3,ENLARGE,DataSlip_10
811,1,MOVE,DataSlip_15
812,2,MOVE,DataSlip_4
813,2,MOVE,DataSlip_4
813,3,MOVE,DataSlip_10
814,2,MOVE,DataSlip_4
816,1,NORMAL,DataSlip_15
817,1,ROTATE,DataSlip_15
825,1,ENLARGE,DataSlip_15
827,1,MOVE,DataSlip_15
830,1,SHRINK,DataSlip_15
833,1,MOVE,DataSlip_15
836,3,MOVE,DataSlip_10
839,2,MOVE,DataSlip_15
844,2,SHRINK,DataSlip_10
846,2,ENLARGE,DataSlip_10
848,2,SHRINK,DataSlip_10
849,2,ENLARGE,DataSlip_10
852,2,SHRINK,DataSlip_10
854,2,MOVE,DataSlip_10
857,2,MOVE,DataSlip_10
857,1,MOVE,DataSlip_5
859,1,MOVE,DataSlip_12
861,1,MOVE,DataSlip_17
877,2,MOVE,DataSlip_1
878,2,MOVE,DataSlip_2
879,2,ENLARGE,DataSlip_2
881,2,MOVE,DataSlip_1
882,2,MOVE,DataSlip_1
889,2,MOVE,DataSlip_2
890,2,MOVE,DataSlip_2
891,2,MOVE,DataSlip_2
893,2,MOVE,DataSlip_2
906,3,MOVE,DataSlip_2
908,3,MOVE,DataSlip_2
914,3,NORMAL,DataSlip_2
915,3,MOVE,DataSlip_2
916,2,MOVE,DataSlip_4
917,1,MOVE,DataSlip_12
921,2,ENLARGE,DataSlip_3
921,3,MOVE,DataSlip_10
923,2,MOVE,DataSlip_3
924,2,SHRINK,DataSlip_3
926,1,MOVE,DataSlip_12
927,3,MOVE,DataSlip_10
927,2,MOVE,DataSlip_3
927,2,MOVE,DataSlip_3
927,2,MOVE,DataSlip_3
928,2,MOVE,DataSlip_3
928,2,MOVE,DataSlip_3
929,2,MOVE,DataSlip_3
937,2,MOVE,DataSlip_4
946,2,MOVE,DataSlip_4
948,1,MOVE,DataSlip_4
951,2,MOVE,DataSlip_10
953,2,MOVE,DataSlip_10
954,1,MOVE,DataSlip_4
954,2,MOVE,DataSlip_10
955,1,MOVE,DataSlip_4
956,2,ENLARGE,DataSlip_10
958,2,MOVE,DataSlip_10
960,2,MOVE,DataSlip_10
960,3,MOVE,DataSlip_2
961,2,MOVE,DataSlip_10
965,2,SHRINK,DataSlip_10
967,2,MOVE,DataSlip_10
967,1,MOVE,DataSlip_4
968,3,MOVE,DataSlip_2
969,3,MOVE,DataSlip_2
969,1,SHRINK,DataSlip_4
972,1,MOVE,DataSlip_4
977,2,MOVE,DataSlip_2
979,1,MOVE,DataSlip_14
980,1,MOVE,DataSlip_3
993,2,MOVE,DataSlip_9
994,2,ENLARGE,DataSlip_9
994,-1,SAVE,null
994,-1,INIT_STAGE2,
994,1,INTERACTION_TIME,204575 of 614860
994,1,SLIP_INTERACTION,169 of 472
994,2,INTERACTION_TIME,186453 of 614860
994,2,SLIP_INTERACTION,163 of 472
994,3,INTERACTION_TIME,223832 of 614860
994,3,SLIP_INTERACTION,140 of 472
999,1,MOVE,InformationDialog
1039,1,CREATE_OBJECT,StorageArea_2
1062,-1,ENTER_GROUP_NAME,move  name is: move 
1065,3,MOVE,move 
1071,1,MOVE,move 
1071,2,SHRINK,DataSlip_9
1071,1,MOVE,move 
1073,1,ADD_OBJ_TO_GROUP,DataSlip_4 -> move 
1073,1,SHRINK,DataSlip_4
1073,1,MOVE,DataSlip_4
1076,3,CREATE_OBJECT,Sticker_0
1076,1,ENLARGE,StorageArea_2
1077,2,CREATE_OBJECT,StorageArea_3
1079,3,CREATE_OBJECT,DataSlip_10-
1079,3,UPDATE_RELATION,DataSlip_10-
1079,3,MOVE,Sticker_0
1093,-1,ENTER_GROUP_NAME,dont name is: dont
1095,-1,REMOVE_OBJ_FROM_GROUP,DataSlip_4 -> move 
1095,1,REMOVE_OBJ_FROM_GROUP,DataSlip_4 -> move 
1095,1,MOVE,DataSlip_4
1096,1,MOVE,DataSlip_4
1097,1,SHRINK,DataSlip_4
1097,3,MOVE,DataSlip_10-
1098,1,ADD_OBJ_TO_GROUP,DataSlip_4 -> move 
1098,1,SHRINK,DataSlip_4
1098,2,MOVE,dont
1099,3,MOVE,DataSlip_10-
1099,1,MOVE,DataSlip_4
1100,2,MOVE,dont
1101,1,SHRINK,DataSlip_4
1101,3,MOVE,DataSlip_10-
1103,3,DELETE_RELATION,DataSlip_10-
1103,3,CREATE_OBJECT,DataSlip_10-DataSlip_14-
1103,3,UPDATE_RELATION,DataSlip_10-DataSlip_14-
1103,3,MOVE,Sticker_0
1103,1,MOVE,DataSlip_4
1104,2,MOVE,DataSlip_15
1104,3,MOVE,DataSlip_10-DataSlip_14-
1105,2,MOVE,DataSlip_1
1105,-1,REMOVE_OBJ_FROM_GROUP,DataSlip_4 -> move 
1105,1,REMOVE_OBJ_FROM_GROUP,DataSlip_4 -> move 
1105,1,MOVE,DataSlip_4
1106,2,ENLARGE,DataSlip_1
1107,3,MOVE,DataSlip_10-DataSlip_14-
1107,1,MOVE,Note_0
1108,2,MOVE,DataSlip_1
1108,3,ENLARGE,Relation_1
1109,1,ENLARGE,StorageArea_2
1111,1,MOVE,move 
1111,2,SHRINK,DataSlip_1
1112,3,MOVE,DataSlip_10-DataSlip_14-
1112,2,MOVE,DataSlip_1
1113,2,MOVE,DataSlip_1
1114,3,ENLARGE,Relation_1
1114,1,ADD_OBJ_TO_GROUP,DataSlip_4 -> move 
1114,1,SHRINK,DataSlip_4
1114,1,MOVE,DataSlip_4
1115,3,MOVE,DataSlip_14-DataSlip_10-
1118,2,MOVE,Red herrings
1119,2,MOVE,Red herrings
1120,3,MOVE,DataSlip_14-DataSlip_10-
1120,2,MOVE,Red herrings
1124,1,MOVE,DataSlip_14-DataSlip_10-
1125,2,MOVE,Red herrings
1125,2,MOVE,Red herrings
1126,2,MOVE,Red herrings
1127,2,MOVE,Red herrings
1131,2,MOVE,Red herrings
1143,2,MOVE,DataSlip_18
1145,2,NORMAL,DataSlip_18
1146,2,NORMAL,DataSlip_18
1147,2,ROTATE,DataSlip_18
1148,2,MOVE,DataSlip_18
1148,1,ADD_OBJ_TO_GROUP,DataSlip_5 -> move 
1148,1,SHRINK,DataSlip_5
1148,1,MOVE,DataSlip_5
1150,2,MOVE,DataSlip_18
1150,1,MOVE,DataSlip_12
1151,2,NORMAL,DataSlip_18
1152,-1,REMOVE_OBJ_FROM_GROUP,DataSlip_4 -> move 
1152,1,REMOVE_OBJ_FROM_GROUP,DataSlip_4 -> move 
1152,1,MOVE,DataSlip_4
1153,2,MOVE,DataSlip_18
1153,-1,REMOVE_OBJ_FROM_GROUP,DataSlip_5 -> move 
1153,1,REMOVE_OBJ_FROM_GROUP,DataSlip_5 -> move 
1153,1,MOVE,DataSlip_5
1154,3,MOVE,DataSlip_14-DataSlip_10-
1156,2,MOVE,DataSlip_18
1158,3,SHRINK,Relation_1
1161,3,DELETE_RELATION,DataSlip_10-DataSlip_14-
1161,3,CREATE_OBJECT,DataSlip_6-
1161,3,UPDATE_RELATION,DataSlip_6-
1162,2,MOVE,DataSlip_10
1163,2,SHRINK,DataSlip_10
1165,2,NORMAL,DataSlip_10
1167,3,CREATE_OBJECT,Note_1
1167,2,MOVE,DataSlip_10
1169,2,MOVE,DataSlip_18
1176,1,MOVE,DataSlip_4
1177,1,MOVE,DataSlip_4
1178,1,MOVE,DataSlip_4
1181,2,ADD_OBJ_TO_GROUP,DataSlip_4 -> dont
1181,2,SHRINK,DataSlip_4
1181,2,MOVE,DataSlip_4
1185,1,MOVE,DataSlip_12
1186,1,MOVE,DataSlip_3
1204,1,MOVE,Note_1
1232,2,MOVE,DataSlip_18
1240,2,CREATE_OBJECT,StorageArea_4
1246,2,MOVE,Keyboard
1261,-1,ENTER_GROUP_NAME,maby move name is: maby move
1269,2,MOVE,maby move
1269,2,MOVE,DataSlip_2
1270,2,MOVE,DataSlip_10
1271,2,MOVE,maby move
1272,2,MOVE,maby move
1272,3,MOVE,Keyboard
1275,3,MOVE,Keyboard
1277,3,MOVE,Note_1
1278,1,MOVE,Note_1
1282,1,MOVE,Note_1
1287,1,MOVE,Keyboard
1314,2,NORMAL,DataSlip_8
1316,2,MOVE,DataSlip_8
1317,2,MOVE,DataSlip_8
1317,2,MOVE,DataSlip_8
1318,2,MOVE,DataSlip_18
1320,2,SHRINK,DataSlip_18
1320,2,NORMAL,DataSlip_18
1321,2,NORMAL,DataSlip_18
1321,2,SHRINK,DataSlip_18
1323,2,MOVE,DataSlip_18
1324,2,MOVE,DataSlip_18
1324,2,MOVE,DataSlip_18
1324,2,CREATE_OBJECT,Note_2
1325,2,MOVE,Note_2
1330,2,NORMAL,Note_2
1334,2,ADD_OBJ_TO_GROUP,Note_2 -> Red herrings
1334,2,SHRINK,Note_2
1334,2,MOVE,Note_2
1339,-1,REMOVE_OBJ_FROM_GROUP,Note_2 -> Red herrings
1339,2,REMOVE_OBJ_FROM_GROUP,Note_2 -> Red herrings
1339,2,MOVE,Note_2
1341,1,MOVE,Trash
1342,2,MOVE,Note_2
1343,2,MOVE,Keyboard
1343,1,MOVE,Note_2
1344,1,MOVE,Keyboard
1346,1,DELETE_NOTE,Note_2
1346,-1,UPDATE_NOTE,Note_2: es hot 
1346,2,MOVE,Keyboard
1347,1,MOVE,Trash
1348,1,MOVE,Trash
1351,1,MOVE,Trash
1434,2,MOVE,DataSlip_10
1436,2,MOVE,DataSlip_10
1436,2,MOVE,DataSlip_10
1437,2,MOVE,DataSlip_15
1439,2,MOVE,DataSlip_15
1440,2,NORMAL,DataSlip_15
1443,2,MOVE,DataSlip_15
1445,2,NORMAL,DataSlip_15
1448,2,ROTATE,DataSlip_15
1449,2,MOVE,DataSlip_15
1458,2,ADD_OBJ_TO_GROUP,DataSlip_15 -> maby move
1458,2,SHRINK,DataSlip_15
1458,2,MOVE,DataSlip_15
1459,2,MOVE,DataSlip_15
1461,1,MOVE,DataSlip_15
1462,1,MOVE,DataSlip_15
1464,3,MOVE,Note_1
1465,2,NORMAL,DataSlip_15
1466,2,ROTATE,DataSlip_15
1467,2,MOVE,maby move
1469,2,MOVE,DataSlip_15
1470,2,NORMAL,DataSlip_15
1473,1,MOVE,Note_1
1473,2,ROTATE,DataSlip_15
1475,2,MOVE,DataSlip_15
1478,1,MOVE,Keyboard
1489,1,MOVE,Keyboard
1493,1,MOVE,Note_1
1494,3,MOVE,Keyboard
1496,2,ADD_OBJ_TO_GROUP,DataSlip_10 -> maby move
1496,2,SHRINK,DataSlip_10
1496,2,MOVE,DataSlip_10
1497,2,MOVE,DataSlip_10
1497,3,MOVE,Keyboard
1497,-1,REMOVE_OBJ_FROM_GROUP,DataSlip_10 -> maby move
1497,2,REMOVE_OBJ_FROM_GROUP,DataSlip_10 -> maby move
1497,2,MOVE,DataSlip_10
1500,1,MOVE,DataSlip_10
1504,1,ADD_OBJ_TO_GROUP,DataSlip_10 -> move 
1504,1,SHRINK,DataSlip_10
1504,1,MOVE,DataSlip_10
1504,1,MOVE,DataSlip_10
1505,3,MOVE,DataSlip_14
1507,3,CREATE_OBJECT,Sticker_1
1507,2,MOVE,DataSlip_11
1508,1,MOVE,Note_1
1508,1,MOVE,Note_1
1509,2,NORMAL,DataSlip_11
1510,2,NORMAL,DataSlip_11
1510,3,CREATE_OBJECT,DataSlip_14-DataSlip_2-
1510,3,UPDATE_RELATION,DataSlip_14-DataSlip_2-
1510,3,MOVE,Sticker_1
1510,2,NORMAL,DataSlip_11
1511,2,ROTATE,DataSlip_11
1512,3,MOVE,DataSlip_14-DataSlip_2-
1514,1,SHRINK,Note_1
1516,1,MOVE,Note_1
1520,2,NORMAL,DataSlip_11
1521,2,ROTATE,DataSlip_11
1522,2,MOVE,DataSlip_11
1528,2,MOVE,DataSlip_11
1531,3,MOVE,Note_1
1532,3,NORMAL,Note_1
1536,2,MOVE,DataSlip_11
1538,3,MOVE,DataSlip_11
1544,2,ADD_OBJ_TO_GROUP,DataSlip_11 -> move 
1544,2,SHRINK,DataSlip_11
1544,2,MOVE,DataSlip_11
1546,2,MOVE,DataSlip_11
1547,2,NORMAL,DataSlip_11
1550,2,ROTATE,DataSlip_11
1551,-1,REMOVE_OBJ_FROM_GROUP,DataSlip_11 -> move 
1551,2,REMOVE_OBJ_FROM_GROUP,DataSlip_11 -> move 
1551,2,MOVE,DataSlip_11
1554,2,ENLARGE,DataSlip_11
1558,2,MOVE,DataSlip_11
1560,2,SHRINK,DataSlip_11
1563,2,ADD_OBJ_TO_GROUP,DataSlip_11 -> move 
1563,2,SHRINK,DataSlip_11
1563,2,MOVE,DataSlip_11
1564,2,CREATE_OBJECT,Sticker_2
1567,1,CREATE_OBJECT,StorageArea_5
1568,-1,REMOVE_OBJ_FROM_GROUP,DataSlip_10 -> move 
1568,-1,REMOVE_OBJ_FROM_GROUP,DataSlip_10 -> move 
1569,-1,REMOVE_OBJ_FROM_GROUP,DataSlip_11 -> move 
1569,-1,REMOVE_OBJ_FROM_GROUP,DataSlip_11 -> move 
1569,2,CREATE_OBJECT,DataSlip_11-DataSlip_10-
1569,2,UPDATE_RELATION,DataSlip_11-DataSlip_10-
1569,2,ADD_OBJ_TO_GROUP,DataSlip_11-DataSlip_10- -> move 
1569,2,SHRINK,Sticker_2
1569,2,MOVE,Sticker_2
1572,1,MOVE,Keyboard
1585,-1,ENTER_GROUP_NAME,maby stay name is: maby stay
1586,1,MOVE,maby stay
1588,1,MOVE,Keyboard
1594,-1,ADD_OBJ_TO_GROUP,DataSlip_10 -> move 
1594,-1,ADD_OBJ_TO_GROUP,DataSlip_11 -> move 
1594,2,DELETE_RELATION,DataSlip_11-DataSlip_10-
1594,-1,REMOVE_OBJ_FROM_GROUP,Relation_4 -> move 
1594,-1,REMOVE_OBJ_FROM_GROUP,Relation_4 -> move 
1594,-1,REMOVE_OBJ_FROM_GROUP,DataSlip_10 -> move 
1594,-1,REMOVE_OBJ_FROM_GROUP,DataSlip_10 -> move 
1594,-1,REMOVE_OBJ_FROM_GROUP,DataSlip_11 -> move 
1594,-1,REMOVE_OBJ_FROM_GROUP,DataSlip_11 -> move 
1594,2,CREATE_OBJECT,DataSlip_11-DataSlip_10-
1594,2,UPDATE_RELATION,DataSlip_11-DataSlip_10-
1594,2,ADD_OBJ_TO_GROUP,DataSlip_11-DataSlip_10- -> move 
1594,2,SHRINK,Sticker_2
1594,2,MOVE,Sticker_2
1597,2,MOVE,DataSlip_11-DataSlip_10-
1606,2,ADD_OBJ_TO_GROUP,DataSlip_6- -> maby stay
1606,2,SHRINK,Relation_2
1606,2,MOVE,DataSlip_6-
1608,2,ENLARGE,Relation_2
1611,2,SHRINK,Relation_2
1611,-1,REMOVE_OBJ_FROM_GROUP,DataSlip_6- -> maby stay
1611,2,REMOVE_OBJ_FROM_GROUP,DataSlip_6- -> maby stay
1614,2,ADD_OBJ_TO_GROUP,DataSlip_6- -> maby stay
1614,2,SHRINK,Relation_2
1614,2,MOVE,DataSlip_6-
1616,-1,ADD_OBJ_TO_GROUP,DataSlip_6 -> maby stay
1616,2,DELETE_RELATION,DataSlip_6-
1616,-1,REMOVE_OBJ_FROM_GROUP,Relation_2 -> maby stay
1616,-1,REMOVE_OBJ_FROM_GROUP,Relation_2 -> maby stay
1616,2,CREATE_OBJECT,Note_1-
1616,2,UPDATE_RELATION,Note_1-
1616,2,MOVE,Sticker_0
1618,3,CREATE_OBJECT,Sticker_3
1621,-1,REMOVE_OBJ_FROM_GROUP,DataSlip_6 -> maby stay
1621,-1,REMOVE_OBJ_FROM_GROUP,DataSlip_6 -> maby stay
1621,3,CREATE_OBJECT,DataSlip_6-
1621,3,UPDATE_RELATION,DataSlip_6-
1621,3,ADD_OBJ_TO_GROUP,DataSlip_6- -> maby stay
1621,3,SHRINK,Sticker_3
1621,3,MOVE,Sticker_3
1622,1,DELETE_RELATION,Note_1-
1622,1,CREATE_OBJECT,Note_1-
1622,1,UPDATE_RELATION,Note_1-
1622,1,MOVE,Sticker_0
1626,2,DELETE_RELATION,Note_1-
1626,2,CREATE_OBJECT,Note_1-
1626,2,UPDATE_RELATION,Note_1-
1626,2,MOVE,Sticker_0
1626,2,DELETE_RELATION,Note_1-
1626,2,CREATE_OBJECT,Note_1-
1626,2,UPDATE_RELATION,Note_1-
1626,2,MOVE,Sticker_0
1629,2,DELETE_RELATION,Note_1-
1633,2,MOVE,DataSlip_20
1635,2,ENLARGE,DataSlip_20
1635,2,NORMAL,DataSlip_20
1638,2,ADD_OBJ_TO_GROUP,DataSlip_20 -> move 
1638,2,SHRINK,DataSlip_20
1638,2,MOVE,DataSlip_20
1640,-1,REMOVE_OBJ_FROM_GROUP,DataSlip_20 -> move 
1640,2,REMOVE_OBJ_FROM_GROUP,DataSlip_20 -> move 
1640,2,MOVE,DataSlip_20
1641,2,ENLARGE,DataSlip_20
1641,2,NORMAL,DataSlip_20
1641,-1,ADD_OBJ_TO_GROUP,DataSlip_6 -> maby stay
1641,1,DELETE_RELATION,DataSlip_6-
1641,-1,REMOVE_OBJ_FROM_GROUP,Relation_7 -> maby stay
1641,-1,REMOVE_OBJ_FROM_GROUP,Relation_7 -> maby stay
1641,1,CREATE_OBJECT,DataSlip_20-
1641,1,UPDATE_RELATION,DataSlip_20-
1643,2,MOVE,DataSlip_20-
1646,1,MOVE,DataSlip_20-
1647,2,DELETE_RELATION,DataSlip_20-
1649,3,SHRINK,DataSlip_20
1651,2,MOVE,DataSlip_20
1652,2,MOVE,Note_1
1654,2,MOVE,DataSlip_20
1655,2,MOVE,DataSlip_20
1655,2,MOVE,DataSlip_20
1656,2,MOVE,DataSlip_20
1658,2,NORMAL,DataSlip_20
1660,2,NORMAL,DataSlip_20
1663,2,ROTATE,DataSlip_20
1671,1,MOVE,DataSlip_19
1690,3,ADD_OBJ_TO_GROUP,DataSlip_14-DataSlip_2- -> maby move
1690,3,SHRINK,Relation_3
1690,3,MOVE,DataSlip_14-DataSlip_2-
1692,3,MOVE,DataSlip_14-DataSlip_2-
1693,2,MOVE,DataSlip_20
1693,-1,ADD_OBJ_TO_GROUP,DataSlip_2 -> maby move
1693,-1,ADD_OBJ_TO_GROUP,DataSlip_14 -> maby move
1693,3,DELETE_RELATION,DataSlip_14-DataSlip_2-
1693,-1,REMOVE_OBJ_FROM_GROUP,Relation_3 -> maby move
1693,-1,REMOVE_OBJ_FROM_GROUP,Relation_3 -> maby move
1693,-1,REMOVE_OBJ_FROM_GROUP,DataSlip_2 -> maby move
1693,-1,REMOVE_OBJ_FROM_GROUP,DataSlip_2 -> maby move
1693,3,CREATE_OBJECT,DataSlip_2-
1693,3,UPDATE_RELATION,DataSlip_2-
1693,3,ADD_OBJ_TO_GROUP,DataSlip_2- -> maby move
1693,3,SHRINK,Sticker_1
1693,3,MOVE,Sticker_1
1695,-1,ADD_OBJ_TO_GROUP,DataSlip_2 -> maby move
1695,3,DELETE_RELATION,DataSlip_2-
1695,-1,REMOVE_OBJ_FROM_GROUP,Relation_12 -> maby move
1695,-1,REMOVE_OBJ_FROM_GROUP,Relation_12 -> maby move
1695,-1,REMOVE_OBJ_FROM_GROUP,DataSlip_14 -> maby move
1695,-1,REMOVE_OBJ_FROM_GROUP,DataSlip_14 -> maby move
1695,-1,REMOVE_OBJ_FROM_GROUP,DataSlip_2 -> maby move
1695,-1,REMOVE_OBJ_FROM_GROUP,DataSlip_2 -> maby move
1695,3,CREATE_OBJECT,DataSlip_2-DataSlip_14-
1695,3,UPDATE_RELATION,DataSlip_2-DataSlip_14-
1695,3,ADD_OBJ_TO_GROUP,DataSlip_2-DataSlip_14- -> maby move
1695,3,SHRINK,Sticker_1
1695,3,MOVE,Sticker_1
1697,2,NORMAL,DataSlip_20
1697,3,NORMAL,Relation_13
1698,2,ROTATE,DataSlip_20
1698,3,NORMAL,Relation_13
1700,3,ROTATE,DataSlip_2-DataSlip_14-
1701,2,MOVE,DataSlip_20
1702,3,MOVE,DataSlip_2-DataSlip_14-
1703,1,MOVE,DataSlip_19
1703,2,ADD_OBJ_TO_GROUP,DataSlip_20 -> maby move
1703,2,SHRINK,DataSlip_20
1703,2,MOVE,DataSlip_20
1704,2,MOVE,DataSlip_20
1707,2,CREATE_OBJECT,Sticker_4
1707,1,CREATE_OBJECT,Note_3
1708,1,MOVE,Note_3
1710,-1,REMOVE_OBJ_FROM_GROUP,DataSlip_20 -> maby move
1710,-1,REMOVE_OBJ_FROM_GROUP,DataSlip_20 -> maby move
1710,2,CREATE_OBJECT,DataSlip_20-
1710,2,UPDATE_RELATION,DataSlip_20-
1710,2,ADD_OBJ_TO_GROUP,DataSlip_20- -> maby move
1710,2,SHRINK,Sticker_4
1710,2,MOVE,Sticker_4
1710,1,MOVE,Keyboard
1711,2,MOVE,DataSlip_15
1713,-1,ADD_OBJ_TO_GROUP,DataSlip_20 -> maby move
1713,2,DELETE_RELATION,DataSlip_20-
1713,-1,REMOVE_OBJ_FROM_GROUP,Relation_14 -> maby move
1713,-1,REMOVE_OBJ_FROM_GROUP,Relation_14 -> maby move
1713,-1,REMOVE_OBJ_FROM_GROUP,DataSlip_15 -> maby move
1714,-1,REMOVE_OBJ_FROM_GROUP,DataSlip_15 -> maby move
1714,-1,REMOVE_OBJ_FROM_GROUP,DataSlip_20 -> maby move
1714,-1,REMOVE_OBJ_FROM_GROUP,DataSlip_20 -> maby move
1714,2,CREATE_OBJECT,DataSlip_20-DataSlip_15-
1714,2,UPDATE_RELATION,DataSlip_20-DataSlip_15-
1714,2,ADD_OBJ_TO_GROUP,DataSlip_20-DataSlip_15- -> maby move
1714,2,SHRINK,Sticker_4
1716,2,MOVE,DataSlip_20-DataSlip_15-
1721,3,CREATE_OBJECT,Sticker_5
1723,3,MOVE,Sticker_5
1725,3,CREATE_OBJECT,Sticker_6
1726,3,MOVE,Sticker_6
1728,3,CREATE_OBJECT,Sticker_7
1730,3,CREATE_OBJECT,Sticker_8
1730,2,CREATE_OBJECT,Sticker_9
1733,3,MOVE,Sticker_8
1734,2,UPDATE_RELATION,DataSlip_2-DataSlip_14-
1734,2,SHRINK,Sticker_9
1734,2,MOVE,Sticker_9
1735,3,MOVE,Sticker_7
1735,2,UPDATE_RELATION,DataSlip_2-DataSlip_14-
1735,2,UPDATE_RELATION,DataSlip_2-DataSlip_14-
1735,2,SHRINK,Sticker_9
1737,2,MOVE,DataSlip_20-DataSlip_15-
1737,3,CREATE_OBJECT,Sticker_10
1737,3,CREATE_OBJECT,Sticker_11
1739,2,UPDATE_RELATION,DataSlip_2-DataSlip_14-
1739,-1,REMOVE_OBJ_FROM_GROUP,DataSlip_20-DataSlip_15- -> maby move
1739,-1,REMOVE_OBJ_FROM_GROUP,DataSlip_20-DataSlip_15- -> maby move
1739,2,UPDATE_RELATION,DataSlip_2-DataSlip_14-DataSlip_20-DataSlip_15-
1739,2,SHRINK,Sticker_9
1739,3,CREATE_OBJECT,Sticker_12
1740,3,CREATE_OBJECT,Sticker_13
1741,2,CREATE_OBJECT,Sticker_14
1742,3,MOVE,Sticker_13
1744,2,UPDATE_RELATION,DataSlip_2-DataSlip_14-DataSlip_20-DataSlip_15-
1744,2,SHRINK,Sticker_14
1744,2,MOVE,Sticker_14
1744,3,MOVE,Sticker_12
1746,3,MOVE,Sticker_11
1748,3,MOVE,Sticker_10
1751,3,MOVE,Sticker_7
1752,3,MOVE,Sticker_7
1754,3,MOVE,Sticker_7
1761,2,MOVE,move 
1765,2,MOVE,DataSlip_11-DataSlip_10-
1770,2,MOVE,DataSlip_11-DataSlip_10-
1770,3,ENLARGE,Note_3
1772,2,MOVE,DataSlip_11-DataSlip_10-
1776,2,MOVE,DataSlip_5
1776,3,SHRINK,Note_3
1777,2,ENLARGE,DataSlip_5
1779,2,NORMAL,DataSlip_5
1781,2,MOVE,DataSlip_5
1783,3,ENLARGE,Note_3
1783,2,MOVE,DataSlip_5
1784,3,MOVE,Note_3
1784,2,NORMAL,DataSlip_5
1786,2,ROTATE,DataSlip_5
1786,3,NORMAL,Note_3
1786,2,MOVE,DataSlip_5
1788,3,NORMAL,Note_3
1791,3,ROTATE,Note_3
1791,2,ADD_OBJ_TO_GROUP,DataSlip_5 -> move 
1791,2,SHRINK,DataSlip_5
1791,2,MOVE,DataSlip_5
1792,2,MOVE,DataSlip_5
1795,2,NORMAL,DataSlip_5
1795,2,NORMAL,DataSlip_5
1798,2,NORMAL,DataSlip_5
1799,2,NORMAL,DataSlip_5
1799,3,ENLARGE,DataSlip_12
1802,2,NORMAL,DataSlip_5
1802,2,ROTATE,DataSlip_5
1804,2,MOVE,DataSlip_5
1809,3,MOVE,DataSlip_12
1809,3,MOVE,DataSlip_12
1810,2,MOVE,DataSlip_5
1810,3,SHRINK,DataSlip_12
1812,2,MOVE,move 
1812,3,MOVE,DataSlip_12
1813,2,ENLARGE,DataSlip_5
1814,2,SHRINK,DataSlip_5
1816,2,MOVE,DataSlip_5
1817,2,MOVE,DataSlip_5
1819,2,NORMAL,DataSlip_5
1821,-1,REMOVE_OBJ_FROM_GROUP,DataSlip_5 -> move 
1821,2,REMOVE_OBJ_FROM_GROUP,DataSlip_5 -> move 
1821,2,ROTATE,DataSlip_5
1821,3,MOVE,DataSlip_19
1823,3,ENLARGE,DataSlip_19
1823,2,ADD_OBJ_TO_GROUP,DataSlip_5 -> move 
1823,2,SHRINK,DataSlip_5
1823,2,MOVE,DataSlip_5
1825,3,MOVE,DataSlip_19
1826,2,CREATE_OBJECT,Sticker_15
1828,3,NORMAL,DataSlip_19
1829,-1,REMOVE_OBJ_FROM_GROUP,DataSlip_5 -> move 
1829,-1,REMOVE_OBJ_FROM_GROUP,DataSlip_5 -> move 
1829,2,UPDATE_RELATION,DataSlip_5-DataSlip_11-DataSlip_10-
1829,2,SHRINK,Sticker_15
1829,2,MOVE,Sticker_15
1829,3,ROTATE,DataSlip_19
1830,3,MOVE,DataSlip_19
1831,3,MOVE,DataSlip_19
1833,1,MOVE,Note_3
1839,2,SHRINK,DataSlip_19
1842,2,MOVE,DataSlip_19
1843,3,MOVE,Sticker_10
1844,3,MOVE,Sticker_11
1846,3,MOVE,Sticker_13
1849,3,MOVE,Sticker_8
1851,3,MOVE,Sticker_12
1854,3,MOVE,Sticker_7
1856,3,MOVE,Sticker_5
1859,3,MOVE,Sticker_6
1875,2,CREATE_OBJECT,Note_4
1881,3,CREATE_OBJECT,Note_5
1883,3,CREATE_OBJECT,StorageArea_6
1886,3,ADD_OBJ_TO_GROUP,Note_5 -> StorageArea_6
1886,3,SHRINK,Note_5
1898,2,MOVE,TextEntryDialog
1900,2,MOVE,TextEntryDialog
1902,2,ROTATE,TextEntryDialog
1903,2,MOVE,TextEntryDialog
1908,2,MOVE,TextEntryDialog
1917,-1,ENTER_GROUP_NAME,fgvff name is: fgvff
1919,1,MOVE,Keyboard
1922,2,MOVE,fgvff
1924,2,MOVE,fgvff
1926,2,MOVE,fgvff
1929,-1,REMOVE_OBJ_FROM_GROUP,Note_5 -> fgvff
1929,2,REMOVE_OBJ_FROM_GROUP,Note_5 -> fgvff
1929,2,MOVE,Note_5
1930,2,DELETE_GROUP,fgvff
1931,3,CREATE_OBJECT,Note_6
1932,2,DELETE_NOTE,Note_5
1932,-1,UPDATE_NOTE,Note_5: aube
1938,3,MOVE,Note_6
1954,2,MOVE,Trash
1957,3,MOVE,DataSlip_9
1958,3,ENLARGE,DataSlip_9
1959,2,MOVE,move 
1960,3,MOVE,DataSlip_9
1962,2,MOVE,move 
1974,2,ADD_OBJ_TO_GROUP,DataSlip_16 -> dont
1974,2,SHRINK,DataSlip_16
1974,2,MOVE,DataSlip_16
1976,-1,REMOVE_OBJ_FROM_GROUP,DataSlip_16 -> dont
1976,2,REMOVE_OBJ_FROM_GROUP,DataSlip_16 -> dont
1976,2,MOVE,DataSlip_16
1977,2,NORMAL,DataSlip_16
1979,2,NORMAL,DataSlip_16
1980,2,ROTATE,DataSlip_16
1989,3,SHRINK,DataSlip_9
1989,2,SHRINK,DataSlip_16
1990,2,NORMAL,DataSlip_16
1990,2,ADD_OBJ_TO_GROUP,DataSlip_16 -> dont
1990,2,SHRINK,DataSlip_16
1990,2,MOVE,DataSlip_16
1992,2,MOVE,DataSlip_16
1996,2,ENLARGE,DataSlip_16
1996,3,MOVE,DataSlip_13
1997,2,SHRINK,DataSlip_16
2000,2,NORMAL,DataSlip_16
2002,2,ROTATE,DataSlip_16
2004,3,ADD_OBJ_TO_GROUP,DataSlip_9 -> dont
2004,3,SHRINK,DataSlip_9
2004,3,MOVE,DataSlip_9
2004,2,MOVE,DataSlip_16
2007,-1,REMOVE_OBJ_FROM_GROUP,DataSlip_4 -> dont
2007,-1,REMOVE_OBJ_FROM_GROUP,DataSlip_4 -> dont
2007,-1,REMOVE_OBJ_FROM_GROUP,DataSlip_16 -> dont
2007,-1,REMOVE_OBJ_FROM_GROUP,DataSlip_16 -> dont
2007,2,CREATE_OBJECT,DataSlip_16-DataSlip_4-
2007,2,UPDATE_RELATION,DataSlip_16-DataSlip_4-
2007,2,ADD_OBJ_TO_GROUP,DataSlip_16-DataSlip_4- -> dont
2007,2,SHRINK,Sticker_5
2007,2,MOVE,Sticker_5
2010,-1,REMOVE_OBJ_FROM_GROUP,DataSlip_9 -> dont
2010,-1,REMOVE_OBJ_FROM_GROUP,DataSlip_9 -> dont
2010,2,CREATE_OBJECT,DataSlip_9-
2010,2,UPDATE_RELATION,DataSlip_9-
2010,2,ADD_OBJ_TO_GROUP,DataSlip_9- -> dont
2010,2,SHRINK,Sticker_6
2010,2,MOVE,Sticker_6
2011,2,MOVE,DataSlip_9-
2016,3,MOVE,Sticker_10
2018,3,ENLARGE,Sticker_10
2020,3,SHRINK,Sticker_10
2024,3,MOVE,Sticker_10
2025,3,SHRINK,Sticker_10
2025,3,NORMAL,Sticker_10
2027,3,ROTATE,Sticker_10
2029,3,MOVE,Sticker_10
2030,-1,REMOVE_OBJ_FROM_GROUP,DataSlip_5-DataSlip_11-DataSlip_10- -> move 
2030,2,REMOVE_OBJ_FROM_GROUP,DataSlip_5-DataSlip_11-DataSlip_10- -> move 
2030,2,MOVE,DataSlip_5-DataSlip_11-DataSlip_10-
2030,3,MOVE,DataSlip_19
2032,2,ENLARGE,Relation_5
2032,3,MOVE,DataSlip_9-
2034,-1,ADD_OBJ_TO_GROUP,DataSlip_9 -> dont
2034,3,DELETE_RELATION,DataSlip_9-
2034,-1,REMOVE_OBJ_FROM_GROUP,Relation_17 -> dont
2034,-1,REMOVE_OBJ_FROM_GROUP,Relation_17 -> dont
2034,-1,REMOVE_OBJ_FROM_GROUP,DataSlip_9 -> dont
2034,-1,REMOVE_OBJ_FROM_GROUP,DataSlip_9 -> dont
2034,3,CREATE_OBJECT,DataSlip_9-
2034,3,UPDATE_RELATION,DataSlip_9-
2034,3,ADD_OBJ_TO_GROUP,DataSlip_9- -> dont
2034,3,SHRINK,Sticker_6
2034,3,MOVE,Sticker_6
2035,2,MOVE,DataSlip_10-DataSlip_5-DataSlip_11-
2035,3,MOVE,DataSlip_9-
2037,-1,ADD_OBJ_TO_GROUP,DataSlip_9 -> dont
2037,3,DELETE_RELATION,DataSlip_9-
2037,-1,REMOVE_OBJ_FROM_GROUP,Relation_18 -> dont
2037,-1,REMOVE_OBJ_FROM_GROUP,Relation_18 -> dont
2037,3,ADD_OBJ_TO_GROUP,Sticker_6 -> dont
2037,3,SHRINK,Sticker_6
2037,3,MOVE,Sticker_6
2039,3,MOVE,DataSlip_9
2040,-1,REMOVE_OBJ_FROM_GROUP,Sticker_6 -> dont
2040,3,REMOVE_OBJ_FROM_GROUP,Sticker_6 -> dont
2040,3,MOVE,Sticker_6
2042,2,SHRINK,Relation_5
2043,3,UPDATE_RELATION,DataSlip_16-DataSlip_4-
2043,3,SHRINK,Sticker_10
2043,3,MOVE,Sticker_10
2044,2,ADD_OBJ_TO_GROUP,DataSlip_5-DataSlip_11-DataSlip_10- -> move 
2044,2,SHRINK,Relation_5
2044,2,MOVE,DataSlip_5-DataSlip_11-DataSlip_10-
2045,3,MOVE,DataSlip_9
2046,3,UPDATE_RELATION,DataSlip_16-DataSlip_4-
2046,-1,REMOVE_OBJ_FROM_GROUP,DataSlip_9 -> dont
2046,-1,REMOVE_OBJ_FROM_GROUP,DataSlip_9 -> dont
2046,3,UPDATE_RELATION,DataSlip_9-DataSlip_16-DataSlip_4-
2046,3,SHRINK,Sticker_10
2050,3,MOVE,DataSlip_9-DataSlip_16-DataSlip_4-
2055,3,MOVE,DataSlip_8
2057,2,MOVE,DataSlip_8
2059,2,MOVE,DataSlip_8
2060,2,MOVE,Note_0
2062,2,MOVE,Note_0
2065,1,MOVE,Note_3
2069,1,SHRINK,Note_3
2071,1,MOVE,Note_3
2074,2,MOVE,Note_0
2078,2,MOVE,Note_0
2079,2,SHRINK,Note_0
2080,2,NORMAL,Note_0
2081,2,ROTATE,Note_0
2082,2,MOVE,Note_0
2084,2,NORMAL,Note_0
2085,2,MOVE,Note_0
2088,2,NORMAL,Note_3
2090,2,MOVE,Note_3
2092,2,ENLARGE,Note_3
2095,2,NORMAL,Note_3
2098,2,ENLARGE,Note_3
2108,1,MOVE,Note_6
2110,1,MOVE,Keyboard
2118,3,UPDATE_RELATION,DataSlip_2-DataSlip_14-DataSlip_20-DataSlip_15-
2118,3,UPDATE_RELATION,DataSlip_2-DataSlip_14-DataSlip_20-DataSlip_15-
2118,3,SHRINK,Sticker_9
2118,3,MOVE,Sticker_9
2125,3,MOVE,maby move
2127,3,MOVE,DataSlip_13
2141,1,MOVE,Keyboard
2149,2,DELETE_NOTE,Note_4
2149,-1,UPDATE_NOTE,Note_4: 
2152,3,MOVE,Note_3
2155,1,MOVE,Note_3
2165,1,MOVE,Keyboard
2166,3,MOVE,DataSlip_3
2168,3,ADD_OBJ_TO_GROUP,DataSlip_3 -> move 
2168,3,SHRINK,DataSlip_3
2168,3,MOVE,DataSlip_3
2168,2,MOVE,move 
2170,1,NORMAL,Note_3
2170,2,MOVE,DataSlip_3
2171,3,CREATE_OBJECT,Sticker_16
2172,2,ENLARGE,DataSlip_3
2172,1,ENLARGE,Note_3
2174,1,MOVE,Note_3
2175,2,SHRINK,DataSlip_3
2178,2,MOVE,DataSlip_3
2179,2,MOVE,DataSlip_3
2179,-1,REMOVE_OBJ_FROM_GROUP,DataSlip_3 -> move 
2179,-1,REMOVE_OBJ_FROM_GROUP,DataSlip_3 -> move 
2179,3,UPDATE_RELATION,DataSlip_3-DataSlip_5-DataSlip_11-DataSlip_10-
2179,3,SHRINK,Sticker_16
2179,3,MOVE,Sticker_16
2181,3,CREATE_OBJECT,Sticker_17
2182,2,UPDATE_RELATION,DataSlip_11-DataSlip_10-DataSlip_5-
2182,2,UPDATE_RELATION,DataSlip_3-DataSlip_11-DataSlip_10-DataSlip_5-
2182,2,SHRINK,Sticker_16
2183,3,NORMAL,Sticker_17
2185,3,NORMAL,Sticker_17
2186,2,CREATE_OBJECT,DataSlip_3-DataSlip_10-
2186,2,UPDATE_RELATION,DataSlip_3-DataSlip_10-
2186,2,UPDATE_RELATION,DataSlip_11-DataSlip_5-
2186,2,UPDATE_RELATION,DataSlip_3-DataSlip_10-
2186,2,ADD_OBJ_TO_GROUP,DataSlip_3-DataSlip_10- -> move 
2186,2,SHRINK,Sticker_2
2186,2,MOVE,Sticker_2
2186,3,ROTATE,Sticker_17
2187,2,UPDATE_RELATION,DataSlip_3-DataSlip_10-
2187,-1,REMOVE_OBJ_FROM_GROUP,DataSlip_3-DataSlip_10- -> move 
2187,-1,REMOVE_OBJ_FROM_GROUP,DataSlip_3-DataSlip_10- -> move 
2187,2,UPDATE_RELATION,DataSlip_11-DataSlip_5-DataSlip_3-DataSlip_10-
2187,2,SHRINK,Sticker_2
2187,2,MOVE,Sticker_2
2188,3,UPDATE_RELATION,DataSlip_11-DataSlip_5-DataSlip_3-DataSlip_10-
2188,3,SHRINK,Sticker_17
2188,3,MOVE,Sticker_17
2189,2,SHRINK,Relation_5
2192,2,MOVE,DataSlip_5-DataSlip_3-DataSlip_10-DataSlip_11-
2193,2,UPDATE_RELATION,DataSlip_5-DataSlip_11-DataSlip_3-DataSlip_10-
2193,2,MOVE,Sticker_17
2196,2,MOVE,DataSlip_5-DataSlip_11-DataSlip_3-DataSlip_10-
2198,3,CREATE_OBJECT,Sticker_18
2200,3,MOVE,Sticker_18
2201,2,UPDATE_RELATION,DataSlip_5-DataSlip_11-DataSlip_3-DataSlip_10-
2201,2,SHRINK,Sticker_17
2201,2,MOVE,Sticker_17
2201,1,MOVE,Note_3
2201,3,CREATE_OBJECT,Sticker_19
2202,3,CREATE_OBJECT,Sticker_20
2203,3,CREATE_OBJECT,Sticker_21
2204,3,CREATE_OBJECT,Sticker_22
2206,3,CREATE_OBJECT,Sticker_23
2206,1,MOVE,Keyboard
2206,3,CREATE_OBJECT,Sticker_24
2208,3,CREATE_OBJECT,Sticker_25
2209,3,CREATE_OBJECT,StorageArea_7
2222,-1,ENTER_GROUP_NAME,ujii name is: ujii
2228,2,MOVE,ujii
2229,2,MOVE,ujii
2232,3,DELETE_GROUP,ujii
2232,3,MOVE,Trash
2235,3,MOVE,Sticker_25
2235,1,MOVE,Sticker_12
2236,3,MOVE,Sticker_24
2236,1,MOVE,Sticker_11
2237,1,MOVE,Sticker_8
2237,3,MOVE,Sticker_23
2238,1,MOVE,Sticker_7
2239,1,MOVE,Sticker_7
2240,1,MOVE,Sticker_13
2240,3,MOVE,Sticker_22
2241,3,MOVE,Sticker_21
2243,3,MOVE,Sticker_20
2244,3,MOVE,Sticker_19
2248,3,UPDATE_RELATION,DataSlip_5-DataSlip_11-DataSlip_3-DataSlip_10-
2248,3,SHRINK,Sticker_19
2248,3,MOVE,Sticker_19
2249,1,MOVE,Note_6
2251,2,MOVE,Note_6
2252,2,MOVE,Note_6
2253,2,MOVE,Note_6
2253,2,MOVE,Note_6
2257,3,MOVE,Red herrings
2260,2,MOVE,Red herrings
2262,3,DELETE_NOTE,Note_6
2262,-1,UPDATE_NOTE,Note_6: 
2266,3,MOVE,Trash
2267,2,MOVE,Trash
2270,1,MOVE,Red herrings
2273,2,MOVE,Red herrings
2304,1,MOVE,DataSlip_1
2306,2,MOVE,DataSlip_1
2308,2,NORMAL,DataSlip_1
2308,2,NORMAL,DataSlip_1
2308,2,NORMAL,DataSlip_1
2308,2,ADD_OBJ_TO_GROUP,DataSlip_1 -> Red herrings
2308,2,SHRINK,DataSlip_1
2308,2,ROTATE,DataSlip_1
2310,2,ENLARGE,DataSlip_1
2310,-1,REMOVE_OBJ_FROM_GROUP,DataSlip_1 -> Red herrings
2310,2,REMOVE_OBJ_FROM_GROUP,DataSlip_1 -> Red herrings
2311,2,ADD_OBJ_TO_GROUP,DataSlip_1 -> Red herrings
2311,2,SHRINK,DataSlip_1
2311,2,MOVE,DataSlip_1
2313,-1,REMOVE_OBJ_FROM_GROUP,DataSlip_1 -> Red herrings
2313,2,REMOVE_OBJ_FROM_GROUP,DataSlip_1 -> Red herrings
2313,2,MOVE,DataSlip_1
2315,2,ENLARGE,DataSlip_1
2336,2,ENLARGE,DataSlip_1
2336,2,SHRINK,DataSlip_1
2337,2,ADD_OBJ_TO_GROUP,DataSlip_1 -> Red herrings
2337,2,SHRINK,DataSlip_1
2340,-1,REMOVE_OBJ_FROM_GROUP,DataSlip_1 -> Red herrings
2340,2,REMOVE_OBJ_FROM_GROUP,DataSlip_1 -> Red herrings
2340,2,MOVE,DataSlip_1
2340,2,MOVE,DataSlip_1
2342,2,ADD_OBJ_TO_GROUP,DataSlip_1 -> move 
2342,2,SHRINK,DataSlip_1
2342,2,MOVE,DataSlip_1
2343,2,MOVE,DataSlip_1
2355,1,MOVE,Sticker_12
2356,1,MOVE,Sticker_11
2357,3,MOVE,Note_3
2359,1,MOVE,Sticker_8
2362,1,MOVE,Sticker_7
2364,3,MOVE,move 
2366,1,MOVE,Sticker_8
2367,2,MOVE,Sticker_7
2367,2,MOVE,Sticker_12
2367,1,ENLARGE,Sticker_8
2369,1,MOVE,Sticker_8
2370,1,MOVE,Sticker_11
2370,1,MOVE,Sticker_8
2371,1,MOVE,Sticker_11
2371,3,MOVE,InteractionChart
2372,3,MOVE,Keyboard
2374,2,MOVE,Keyboard
2376,3,MOVE,InteractionChart
2377,2,MOVE,maby stay
2380,2,MOVE,InteractionChart
2381,2,MOVE,Sticker_7
2386,2,CREATE_OBJECT,StorageArea_8
2389,2,MOVE,Keyboard
2400,-1,ENTER_GROUP_NAME,notes name is: notes
2404,2,MOVE,notes
2404,2,MOVE,notes
2406,2,ADD_OBJ_TO_GROUP,Note_1 -> notes
2406,2,SHRINK,Note_1
2406,2,MOVE,Note_1
2408,2,ADD_OBJ_TO_GROUP,Note_3 -> notes
2408,2,SHRINK,Note_3
2408,2,MOVE,Note_3
2411,2,MOVE,Note_0
2415,2,MOVE,notes
2416,2,SHRINK,Note_3
2418,2,ROTATE,Note_3
2419,2,MOVE,Note_3
2420,3,MOVE,Sticker_20
2421,3,ENLARGE,Sticker_20
2422,3,NORMAL,Sticker_20
2427,3,ROTATE,Sticker_20
2429,3,CREATE_OBJECT,DataSlip_17-DataSlip_7-
2429,3,UPDATE_RELATION,DataSlip_17-DataSlip_7-
2429,3,MOVE,Sticker_20
2436,1,ENLARGE,DataSlip_13
2436,2,MOVE,DataSlip_8
2438,2,ENLARGE,DataSlip_8
2438,1,MOVE,DataSlip_13
2440,2,SHRINK,DataSlip_8
2440,2,SHRINK,DataSlip_8
2441,2,ROTATE,DataSlip_8
2442,1,SHRINK,DataSlip_13
2445,2,ADD_OBJ_TO_GROUP,DataSlip_8 -> move 
2445,2,SHRINK,DataSlip_8
2445,2,MOVE,DataSlip_8
2446,1,MOVE,DataSlip_13
2454,2,ADD_OBJ_TO_GROUP,DataSlip_13 -> dont
2454,2,SHRINK,DataSlip_13
2454,2,MOVE,DataSlip_13
2454,2,MOVE,DataSlip_13
2459,1,MOVE,DataSlip_19
2460,3,ADD_OBJ_TO_GROUP,DataSlip_17-DataSlip_7- -> maby stay
2460,3,SHRINK,Relation_22
2460,3,MOVE,DataSlip_7-DataSlip_17-
2460,1,ENLARGE,DataSlip_19
2469,1,SHRINK,DataSlip_19
2473,2,MOVE,maby stay
2475,3,MOVE,InteractionChart
2475,1,ADD_OBJ_TO_GROUP,DataSlip_19 -> maby stay
2475,1,SHRINK,DataSlip_19
2475,1,MOVE,DataSlip_19
2477,1,MOVE,DataSlip_18
2479,1,NORMAL,DataSlip_18
2480,1,NORMAL,DataSlip_18
2481,1,ROTATE,DataSlip_18
2483,1,MOVE,DataSlip_18
2485,1,ENLARGE,DataSlip_18
2486,3,MOVE,InteractionChart
2486,2,ADD_OBJ_TO_GROUP,DataSlip_12 -> maby stay
2486,2,SHRINK,DataSlip_12
2486,2,MOVE,DataSlip_12
2486,1,MOVE,DataSlip_18
2489,1,SHRINK,DataSlip_18
2490,1,NORMAL,DataSlip_18
2493,1,ADD_OBJ_TO_GROUP,DataSlip_18 -> maby stay
2493,1,SHRINK,DataSlip_18
2493,1,MOVE,DataSlip_18
2493,-1,SAVE,null
2493,-1,INIT_STAGE3,
2493,1,INTERACTION_TIME,387074 of 1540693
2493,1,SLIP_INTERACTION,222 of 770
2493,1,GROUP_INTERACTION,13 of 89
2493,1,NOTES_INTERACTION,247 of 503
2493,1,REL_INTERACTION,2 of 31
2493,2,INTERACTION_TIME,602867 of 1540693
2493,2,SLIP_INTERACTION,356 of 770
2493,2,GROUP_INTERACTION,55 of 89
2493,2,NOTES_INTERACTION,37 of 503
2493,2,REL_INTERACTION,17 of 31
2493,3,INTERACTION_TIME,550752 of 1540693
2493,3,SLIP_INTERACTION,192 of 770
2493,3,GROUP_INTERACTION,21 of 89
2493,3,NOTES_INTERACTION,219 of 503
2493,3,REL_INTERACTION,12 of 31
2494,3,MOVE,DataSlip_7-DataSlip_17-
2517,2,MOVE,InformationDialog
2549,3,SHOW_STATISTICS,
2549,1,INTERACTION_TIME,387636 of 1545222
2549,1,SLIP_INTERACTION,222 of 771
2549,1,GROUP_INTERACTION,13 of 89
2549,1,NOTES_INTERACTION,247 of 503
2549,1,REL_INTERACTION,2 of 31
2549,2,INTERACTION_TIME,604897 of 1545222
2549,2,SLIP_INTERACTION,356 of 771
2549,2,GROUP_INTERACTION,55 of 89
2549,2,NOTES_INTERACTION,37 of 503
2549,2,REL_INTERACTION,17 of 31
2549,3,INTERACTION_TIME,552689 of 1545222
2549,3,SLIP_INTERACTION,193 of 771
2549,3,GROUP_INTERACTION,21 of 89
2549,3,NOTES_INTERACTION,219 of 503
2549,3,REL_INTERACTION,12 of 31
2553,2,MOVE,StatisticsDialog
2567,3,CREATE_OBJECT,Sticker_26
2570,3,MOVE,Sticker_26
2574,3,MOVE,Sticker_26
2589,-1,PILED_SEQ,Piled sequencing
2594,-1,CREATE_OBJECT,Note_7
2594,-1,UPDATE_NOTE,Note_7: You can start a sequence about Windy Creek like: 16, 7, 1, and continue.
2606,2,MOVE,Red herrings
2608,3,MOVE,Sticker_26
2611,1,MOVE,Note_7
2611,3,CREATE_OBJECT,Sticker_27
2618,1,MOVE,Note_7
2619,1,ADD_OBJ_TO_GROUP,Note_7 -> notes
2619,1,SHRINK,Note_7
2619,1,MOVE,Note_7
2620,1,MOVE,Note_3
2621,1,MOVE,Note_7
2624,1,MOVE,Note_3
2625,1,MOVE,Note_7
2627,1,MOVE,Note_3
2630,-1,REMOVE_OBJ_FROM_GROUP,Note_7 -> notes
2630,1,REMOVE_OBJ_FROM_GROUP,Note_7 -> notes
2630,1,MOVE,Note_7
2631,1,ENLARGE,Note_7
2632,1,MOVE,Note_7
2641,3,SHRINK,Sticker_27
2641,3,NORMAL,Sticker_27
2649,3,MOVE,Sticker_27
2651,3,NORMAL,Sticker_27
2651,3,ROTATE,Sticker_27
2652,2,MOVE,maby stay
2653,-1,REMOVE_OBJ_FROM_GROUP,DataSlip_12 -> maby stay
2653,2,REMOVE_OBJ_FROM_GROUP,DataSlip_12 -> maby stay
2653,2,MOVE,DataSlip_12
2653,2,MOVE,maby stay
2654,2,MOVE,DataSlip_7-DataSlip_17-
2654,2,MOVE,DataSlip_18
2655,2,MOVE,maby stay
2656,3,MOVE,Sticker_27
2657,2,ADD_OBJ_TO_GROUP,DataSlip_12 -> maby stay
2657,2,SHRINK,DataSlip_12
2657,2,MOVE,DataSlip_12
2662,1,CREATE_OBJECT,Sticker_28
2664,1,MOVE,Sticker_28
2664,2,CREATE_OBJECT,Note_8
2665,3,MOVE,InteractionChart
2666,2,SHOW_STATISTICS,
2666,1,INTERACTION_TIME,415622 of 1636131
2666,1,SLIP_INTERACTION,222 of 779
2666,1,GROUP_INTERACTION,15 of 93
2666,1,NOTES_INTERACTION,247 of 504
2666,1,REL_INTERACTION,2 of 31
2666,2,INTERACTION_TIME,626225 of 1636131
2666,2,SLIP_INTERACTION,364 of 779
2666,2,GROUP_INTERACTION,57 of 93
2666,2,NOTES_INTERACTION,38 of 504
2666,2,REL_INTERACTION,17 of 31
2666,3,INTERACTION_TIME,594284 of 1636131
2666,3,SLIP_INTERACTION,193 of 779
2666,3,GROUP_INTERACTION,21 of 93
2666,3,NOTES_INTERACTION,219 of 504
2666,3,REL_INTERACTION,12 of 31
2670,1,MOVE,StatisticsDialog
2677,2,CREATE_OBJECT,Sticker_29
2680,2,UPDATE_RELATION,DataSlip_7-DataSlip_17-
2680,2,SHRINK,Sticker_29
2680,2,MOVE,Sticker_29
2681,2,UPDATE_RELATION,DataSlip_7-DataSlip_17-
2681,2,MOVE,Sticker_29
2682,1,CREATE_OBJECT,Sticker_30
2684,3,CREATE_OBJECT,Sticker_31
2684,3,CREATE_OBJECT,Sticker_32
2684,1,MOVE,Sticker_30
2685,3,CREATE_OBJECT,Sticker_33
2685,3,CREATE_OBJECT,Sticker_34
2685,-1,REMOVE_OBJ_FROM_GROUP,DataSlip_6 -> maby stay
2685,-1,REMOVE_OBJ_FROM_GROUP,DataSlip_6 -> maby stay
2686,-1,REMOVE_OBJ_FROM_GROUP,DataSlip_18 -> maby stay
2686,-1,REMOVE_OBJ_FROM_GROUP,DataSlip_18 -> maby stay
2686,-1,REMOVE_OBJ_FROM_GROUP,DataSlip_12 -> maby stay
2686,-1,REMOVE_OBJ_FROM_GROUP,DataSlip_12 -> maby stay
2686,2,CREATE_OBJECT,DataSlip_12-DataSlip_18-DataSlip_6-
2686,2,UPDATE_RELATION,DataSlip_12-DataSlip_18-DataSlip_6-
2686,2,ADD_OBJ_TO_GROUP,DataSlip_12-DataSlip_18-DataSlip_6- -> maby stay
2686,2,SHRINK,Sticker_29
2686,2,MOVE,Sticker_29
2686,3,CREATE_OBJECT,Sticker_35
2686,1,CREATE_OBJECT,Sticker_36
2686,3,CREATE_OBJECT,Sticker_37
2687,3,CREATE_OBJECT,Sticker_38
2687,3,CREATE_OBJECT,Sticker_39
2689,1,MOVE,Sticker_36
2690,3,MOVE,Sticker_39
2690,3,MOVE,Sticker_38
2690,1,CREATE_OBJECT,Sticker_40
2691,3,MOVE,Sticker_37
2692,3,MOVE,Sticker_35
2693,-1,REMOVE_OBJ_FROM_GROUP,DataSlip_12-DataSlip_18-DataSlip_6- -> maby stay
2693,-1,REMOVE_OBJ_FROM_GROUP,DataSlip_12-DataSlip_18-DataSlip_6- -> maby stay
2693,2,UPDATE_RELATION,DataSlip_7-DataSlip_17-DataSlip_12-DataSlip_18-DataSlip_6-
2693,2,SHRINK,Sticker_26
2693,2,MOVE,Sticker_26
2694,3,MOVE,Sticker_34
2695,3,MOVE,Sticker_33
2696,1,CREATE_OBJECT,Sticker_41
2696,3,MOVE,Sticker_32
2697,2,MOVE,Sticker_34
2698,3,MOVE,Sticker_31
2699,2,ENLARGE,Sticker_34
2700,2,NORMAL,Sticker_34
2700,1,NORMAL,Sticker_41
2703,1,ROTATE,Sticker_41
2704,1,MOVE,Sticker_41
2706,1,MOVE,Sticker_40
2707,2,ROTATE,Sticker_34
2708,1,NORMAL,Sticker_40
2708,3,MOVE,move 
2709,-1,REMOVE_OBJ_FROM_GROUP,DataSlip_19 -> maby stay
2709,-1,REMOVE_OBJ_FROM_GROUP,DataSlip_19 -> maby stay
2709,2,UPDATE_RELATION,DataSlip_7-DataSlip_17-DataSlip_12-DataSlip_18-DataSlip_6-DataSlip_19-
2709,2,SHRINK,Sticker_34
2709,2,MOVE,Sticker_34
2710,2,UPDATE_RELATION,DataSlip_7-DataSlip_17-DataSlip_12-DataSlip_18-DataSlip_6-DataSlip_19-
2710,2,SHRINK,Sticker_32
2710,2,MOVE,Sticker_32
2710,1,ADD_OBJ_TO_GROUP,Sticker_40 -> maby move
2710,1,SHRINK,Sticker_40
2710,1,ROTATE,Sticker_40
2712,-1,REMOVE_OBJ_FROM_GROUP,Sticker_40 -> maby move
2712,1,REMOVE_OBJ_FROM_GROUP,Sticker_40 -> maby move
2713,1,MOVE,Sticker_40
2713,3,CREATE_OBJECT,Sticker_42
2713,3,ADD_OBJ_TO_GROUP,Sticker_42 -> move 
2713,3,SHRINK,Sticker_42
2713,1,MOVE,Sticker_41
2714,2,UPDATE_RELATION,DataSlip_7-DataSlip_17-DataSlip_12-DataSlip_18-DataSlip_6-DataSlip_19-
2714,2,MOVE,Sticker_26
2716,3,UPDATE_RELATION,DataSlip_5-DataSlip_11-DataSlip_3-DataSlip_10-
2716,3,MOVE,Sticker_42
2716,2,NORMAL,Sticker_26
2718,2,ROTATE,Sticker_26
2720,2,UPDATE_RELATION,DataSlip_7-DataSlip_17-DataSlip_12-DataSlip_18-DataSlip_6-DataSlip_19-
2720,2,SHRINK,Sticker_26
2720,2,MOVE,Sticker_26
2722,3,SHRINK,Sticker_37
2722,3,NORMAL,Sticker_37
2723,3,ROTATE,Sticker_37
2725,3,NORMAL,Sticker_39
2727,3,ROTATE,Sticker_39
2729,1,NORMAL,Sticker_33
2729,1,ROTATE,Sticker_33
2731,3,NORMAL,Sticker_38
2731,-1,REMOVE_OBJ_FROM_GROUP,DataSlip_1 -> move 
2731,-1,REMOVE_OBJ_FROM_GROUP,DataSlip_1 -> move 
2731,-1,REMOVE_OBJ_FROM_GROUP,DataSlip_8 -> move 
2731,-1,REMOVE_OBJ_FROM_GROUP,DataSlip_8 -> move 
2731,2,UPDATE_RELATION,DataSlip_8-DataSlip_1-DataSlip_5-DataSlip_11-DataSlip_3-DataSlip_10-
2731,2,SHRINK,Sticker_37
2731,2,MOVE,Sticker_37
2731,1,MOVE,Sticker_33
2732,3,ROTATE,Sticker_38
2733,1,NORMAL,Sticker_33
2733,1,ROTATE,Sticker_33
2735,2,UPDATE_RELATION,DataSlip_8-DataSlip_1-DataSlip_5-DataSlip_11-DataSlip_3-DataSlip_10-
2735,2,SHRINK,Sticker_35
2735,2,MOVE,Sticker_35
2736,1,NORMAL,Sticker_33
2737,2,UPDATE_RELATION,DataSlip_5-DataSlip_11-DataSlip_1-DataSlip_3-DataSlip_10-DataSlip_8-
2737,2,UPDATE_RELATION,DataSlip_5-DataSlip_11-DataSlip_1-DataSlip_3-DataSlip_10-DataSlip_8-
2737,2,SHRINK,Sticker_35
2737,2,MOVE,Sticker_35
2738,1,ROTATE,Sticker_33
2738,3,CREATE_OBJECT,Note_9
2753,2,UPDATE_RELATION,DataSlip_5-DataSlip_11-DataSlip_1-DataSlip_3-DataSlip_10-DataSlip_8-
2753,2,SHRINK,Sticker_31
2753,2,MOVE,Sticker_31
2756,2,UPDATE_RELATION,DataSlip_5-DataSlip_11-DataSlip_1-DataSlip_3-DataSlip_10-DataSlip_8-
2756,2,SHRINK,Sticker_39
2756,2,MOVE,Sticker_39
2759,2,SHRINK,Sticker_39
2759,2,NORMAL,Sticker_39
2761,2,UPDATE_RELATION,DataSlip_5-DataSlip_11-DataSlip_1-DataSlip_3-DataSlip_10-DataSlip_8-
2761,2,UPDATE_RELATION,DataSlip_5-DataSlip_11-DataSlip_1-DataSlip_3-DataSlip_10-DataSlip_8-
2761,2,SHRINK,Sticker_39
2761,2,ROTATE,Sticker_39
2762,2,UPDATE_RELATION,DataSlip_5-DataSlip_11-DataSlip_1-DataSlip_3-DataSlip_10-DataSlip_8-
2762,2,UPDATE_RELATION,DataSlip_5-DataSlip_11-DataSlip_1-DataSlip_3-DataSlip_10-DataSlip_8-
2762,2,SHRINK,Sticker_39
2794,2,MOVE,Sticker_38
2800,2,MOVE,Sticker_36
2802,2,UPDATE_RELATION,DataSlip_2-DataSlip_14-DataSlip_20-DataSlip_15-
2802,2,SHRINK,Sticker_36
2802,2,MOVE,Sticker_36
2803,1,MOVE,Sticker_21
2805,2,UPDATE_RELATION,DataSlip_2-DataSlip_14-DataSlip_20-DataSlip_15-
2805,2,SHRINK,Sticker_41
2805,2,MOVE,Sticker_41
2805,1,MOVE,Sticker_18
2806,1,MOVE,Sticker_25
2807,2,UPDATE_RELATION,DataSlip_2-DataSlip_14-DataSlip_20-DataSlip_15-
2807,2,SHRINK,Sticker_40
2807,2,MOVE,Sticker_40
2809,1,MOVE,Sticker_24
2810,1,MOVE,Sticker_22
2811,2,CREATE_OBJECT,Sticker_43
2813,2,CREATE_OBJECT,Sticker_44
2814,1,MOVE,Sticker_23
2817,2,UPDATE_RELATION,DataSlip_2-DataSlip_14-DataSlip_20-DataSlip_15-
2817,2,SHRINK,Sticker_44
2817,2,MOVE,Sticker_44
2818,1,MOVE,Sticker_27
2821,2,NORMAL,Sticker_44
2821,2,NORMAL,Sticker_44
2822,2,ENLARGE,Sticker_44
2823,2,UPDATE_RELATION,DataSlip_2-DataSlip_14-DataSlip_20-DataSlip_15-
2823,2,UPDATE_RELATION,DataSlip_2-DataSlip_14-DataSlip_20-DataSlip_15-
2823,2,SHRINK,Sticker_44
2823,2,ROTATE,Sticker_44
2825,2,UPDATE_RELATION,DataSlip_2-DataSlip_14-DataSlip_20-DataSlip_15-
2825,2,UPDATE_RELATION,DataSlip_2-DataSlip_14-DataSlip_20-DataSlip_15-
2825,2,SHRINK,Sticker_44
2825,2,MOVE,Sticker_44
2827,2,UPDATE_RELATION,DataSlip_2-DataSlip_14-DataSlip_20-DataSlip_15-
2827,2,UPDATE_RELATION,DataSlip_2-DataSlip_14-DataSlip_20-DataSlip_15-
2827,2,SHRINK,Sticker_44
2827,2,MOVE,Sticker_44
2834,2,UPDATE_RELATION,DataSlip_16-DataSlip_4-
2834,2,ADD_OBJ_TO_GROUP,Sticker_10 -> notes
2834,2,SHRINK,Sticker_10
2834,2,MOVE,Sticker_10
2837,2,CREATE_OBJECT,Sticker_45
2838,2,CREATE_OBJECT,Sticker_46
2838,2,CREATE_OBJECT,Sticker_47
2841,2,SHRINK,Sticker_47
2841,2,NORMAL,Sticker_47
2841,2,ROTATE,Sticker_47
2845,2,UPDATE_RELATION,DataSlip_9-DataSlip_16-DataSlip_4-
2845,2,SHRINK,Sticker_47
2845,2,MOVE,Sticker_47
2848,2,UPDATE_RELATION,DataSlip_9-DataSlip_16-DataSlip_4-
2848,2,SHRINK,Sticker_46
2848,2,MOVE,Sticker_46
2849,2,MOVE,DataSlip_13
2851,2,UPDATE_RELATION,DataSlip_9-DataSlip_16-DataSlip_4-
2851,2,SHRINK,Sticker_45
2851,2,MOVE,Sticker_45
2853,2,UPDATE_RELATION,DataSlip_16-DataSlip_4-DataSlip_9-
2853,2,UPDATE_RELATION,DataSlip_16-DataSlip_4-DataSlip_9-
2853,2,SHRINK,Sticker_45
2853,1,MOVE,Keyboard
2855,1,MOVE,Keyboard
2858,2,ENLARGE,Sticker_45
2859,2,NORMAL,Sticker_45
2860,2,UPDATE_RELATION,DataSlip_16-DataSlip_4-DataSlip_9-
2860,2,UPDATE_RELATION,DataSlip_16-DataSlip_4-DataSlip_9-
2860,2,SHRINK,Sticker_45
2860,2,ROTATE,Sticker_45
2862,2,UPDATE_RELATION,DataSlip_16-DataSlip_4-DataSlip_9-
2862,-1,REMOVE_OBJ_FROM_GROUP,DataSlip_13 -> dont
2862,-1,REMOVE_OBJ_FROM_GROUP,DataSlip_13 -> dont
2862,2,UPDATE_RELATION,DataSlip_13-DataSlip_16-DataSlip_4-DataSlip_9-
2862,2,SHRINK,Sticker_45
2862,2,MOVE,Sticker_45
2864,2,ENLARGE,Sticker_47
2864,2,NORMAL,Sticker_47
2865,2,ENLARGE,Sticker_47
2866,2,NORMAL,Sticker_47
2867,2,UPDATE_RELATION,DataSlip_16-DataSlip_4-DataSlip_13-DataSlip_9-
2867,2,UPDATE_RELATION,DataSlip_16-DataSlip_4-DataSlip_13-DataSlip_9-
2867,2,SHRINK,Sticker_47
2867,2,ROTATE,Sticker_47
2868,2,UPDATE_RELATION,DataSlip_16-DataSlip_4-DataSlip_13-DataSlip_9-
2868,2,UPDATE_RELATION,DataSlip_16-DataSlip_4-DataSlip_13-DataSlip_9-
2868,2,SHRINK,Sticker_47
2874,3,MOVE,Red herrings
2875,1,MOVE,Keyboard
2878,3,MOVE,Red herrings
2881,3,MOVE,Red herrings
2881,1,MOVE,Keyboard
2902,1,MOVE,Keyboard
2906,1,MOVE,Note_9
2907,1,MOVE,Note_9
2910,1,MOVE,Note_9
2912,1,SHRINK,Note_9
2913,-1,REMOVE_OBJ_FROM_GROUP,DataSlip_7-DataSlip_17-DataSlip_12-DataSlip_18-DataSlip_6-DataSlip_19- -> maby stay
2913,3,REMOVE_OBJ_FROM_GROUP,DataSlip_7-DataSlip_17-DataSlip_12-DataSlip_18-DataSlip_6-DataSlip_19- -> maby stay
2914,1,NORMAL,Note_9
2917,1,MOVE,Note_9
2918,1,SHRINK,Note_9
2918,2,CREATE_OBJECT,Sticker_48
2921,1,MOVE,InteractionChart
2921,2,CREATE_OBJECT,Sticker_49
2923,3,CREATE_OBJECT,StorageArea_9
2924,1,MOVE,InteractionChart
3021,1,MOVE,Keyboard
3029,1,MOVE,Keyboard
3032,2,MOVE,Keyboard
3037,2,MOVE,Keyboard
3042,2,MOVE,Keyboard
3066,-1,ENTER_GROUP_NAME,billy ben daniel name is: billy ben daniel
3070,2,MOVE,billy ben daniel
3070,2,MOVE,billy ben daniel
3070,2,MOVE,billy ben daniel
3093,3,MOVE,Sequence evaluation
3118,2,MOVE,Keyboard
3197,-1,LINEAR_SEQ,Linear sequencing
3197,2,MOVE,Sequence evaluation
3209,1,MOVE,Keyboard
3210,1,MOVE,Keyboard
3273,3,MOVE,FinishDialog
3277,-1,CREATE_OBJECT,Note_10
3277,-1,UPDATE_NOTE,Note_10: The answer: she should move because it is hot there
3277,-1,SAVE,null
3278,-1,CLOSING,
3278,1,INTERACTION_TIME,496146 of 1962284
3278,1,SLIP_INTERACTION,222 of 787
3278,1,GROUP_INTERACTION,17 of 127
3278,1,NOTES_INTERACTION,300 of 727
3278,1,REL_INTERACTION,2 of 46
3278,2,INTERACTION_TIME,786562 of 1962284
3278,2,SLIP_INTERACTION,368 of 787
3278,2,GROUP_INTERACTION,86 of 127
3278,2,NOTES_INTERACTION,157 of 727
3278,2,REL_INTERACTION,32 of 46
3278,3,INTERACTION_TIME,679576 of 1962284
3278,3,SLIP_INTERACTION,197 of 787
3278,3,GROUP_INTERACTION,24 of 127
3278,3,NOTES_INTERACTION,270 of 727
3278,3,REL_INTERACTION,12 of 46
3278,-1,UPDATE_NOTE,Note_0: The question is: Should Annie leave Windy Creek or should she stay? And why
3278,-1,UPDATE_NOTE,Note_1: well if it is hot she will suffer and if she goes 2 a cold place it is sometimes  hot so where can she go__
3278,-1,UPDATE_NOTE,Note_3: maby stay for the boy ranch for her boyfriend and to see her family but will be dangerous because it is sunny and suffers alergies caused mainly by  the sun.
3278,-1,UPDATE_NOTE,Note_7: You can start a sequence about Windy Creek like: 16, 7, 1, and continue.
3278,-1,UPDATE_NOTE,Note_8: 
3278,-1,UPDATE_NOTE,Note_9: make a group___
3278,-1,UPDATE_NOTE,Note_10: The answer: she should move because it is hot there
