time,userID,action,objName
136,1,MOVE,DataSlip_4
136,3,NORMAL,DataSlip_2
137,1,ENLARGE,DataSlip_4
137,2,MOVE,DataSlip_25
139,1,MOVE,DataSlip_4
140,2,NORMAL,DataSlip_25
141,2,MOVE,DataSlip_25
143,3,NORMAL,DataSlip_2
143,2,NORMAL,DataSlip_4
145,1,MOVE,DataSlip_4
145,3,SHRINK,DataSlip_2
146,3,MOVE,DataSlip_2
146,2,MOVE,DataSlip_25
146,3,MOVE,DataSlip_14
147,2,MOVE,DataSlip_25
147,1,MOVE,DataSlip_18
148,3,NORMAL,DataSlip_14
149,1,ENLARGE,DataSlip_18
150,2,ENLARGE,DataSlip_21
150,2,NORMAL,DataSlip_21
151,2,ENLARGE,DataSlip_21
151,2,NORMAL,DataSlip_21
151,3,MOVE,DataSlip_14
151,1,MOVE,DataSlip_18
152,2,ROTATE,DataSlip_21
154,3,MOVE,DataSlip_14
154,1,NORMAL,DataSlip_18
155,3,NORMAL,DataSlip_14
157,1,MOVE,DataSlip_18
157,3,MOVE,DataSlip_14
158,2,MOVE,DataSlip_21
158,3,SHRINK,DataSlip_14
159,1,MOVE,DataSlip_16
160,1,NORMAL,DataSlip_16
161,3,MOVE,DataSlip_17
162,3,NORMAL,DataSlip_17
163,2,MOVE,DataSlip_15
164,1,MOVE,DataSlip_16
164,2,NORMAL,DataSlip_15
166,1,MOVE,DataSlip_7
168,1,NORMAL,DataSlip_7
168,3,NORMAL,DataSlip_17
171,1,MOVE,DataSlip_7
172,3,MOVE,DataSlip_17
174,2,MOVE,DataSlip_15
175,3,MOVE,DataSlip_5
176,3,MOVE,DataSlip_14
176,2,MOVE,DataSlip_13
177,1,MOVE,DataSlip_22
177,3,MOVE,DataSlip_2
178,2,NORMAL,DataSlip_13
178,1,NORMAL,DataSlip_22
179,3,SHRINK,DataSlip_5
180,3,ENLARGE,DataSlip_5
180,1,MOVE,DataSlip_22
180,2,NORMAL,DataSlip_13
181,3,MOVE,DataSlip_5
182,2,MOVE,DataSlip_13
183,1,MOVE,DataSlip_22
184,1,MOVE,DataSlip_1
184,2,MOVE,DataSlip_9
186,2,NORMAL,DataSlip_9
186,1,NORMAL,DataSlip_1
187,3,NORMAL,DataSlip_5
187,1,MOVE,DataSlip_1
188,3,MOVE,DataSlip_5
189,1,MOVE,DataSlip_1
189,3,MOVE,DataSlip_23
191,1,MOVE,Note_0
191,3,NORMAL,DataSlip_23
192,1,MOVE,Note_0
193,1,MOVE,Note_0
193,2,MOVE,DataSlip_9
194,1,MOVE,DataSlip_19
194,2,MOVE,DataSlip_9
195,2,MOVE,DataSlip_9
196,1,MOVE,DataSlip_12
196,2,MOVE,DataSlip_9
197,3,MOVE,DataSlip_23
198,1,NORMAL,DataSlip_12
198,2,MOVE,DataSlip_9
199,3,MOVE,DataSlip_17
199,1,MOVE,DataSlip_12
199,2,MOVE,DataSlip_8
201,2,MOVE,DataSlip_13
201,3,MOVE,DataSlip_14
202,1,SHRINK,DataSlip_12
202,1,NORMAL,DataSlip_12
203,1,ROTATE,DataSlip_12
203,2,NORMAL,DataSlip_8
204,3,MOVE,DataSlip_3
205,1,NORMAL,DataSlip_12
206,3,NORMAL,DataSlip_3
206,1,MOVE,DataSlip_12
207,2,MOVE,DataSlip_8
207,3,MOVE,DataSlip_3
207,1,MOVE,DataSlip_24
209,1,NORMAL,DataSlip_24
209,1,ROTATE,DataSlip_24
210,1,MOVE,DataSlip_24
213,3,SHRINK,DataSlip_3
213,2,MOVE,DataSlip_8
215,1,MOVE,DataSlip_24
215,3,NORMAL,DataSlip_3
216,3,MOVE,DataSlip_3
216,2,MOVE,DataSlip_10
218,3,MOVE,DataSlip_6
219,1,MOVE,DataSlip_19
220,1,MOVE,DataSlip_10
220,3,NORMAL,DataSlip_6
221,1,NORMAL,DataSlip_10
221,2,MOVE,DataSlip_26
221,3,MOVE,DataSlip_6
222,3,MOVE,DataSlip_2
223,2,NORMAL,DataSlip_26
224,3,MOVE,DataSlip_14
224,1,MOVE,DataSlip_1
225,1,MOVE,DataSlip_10
226,1,MOVE,DataSlip_19
226,2,MOVE,DataSlip_26
227,1,NORMAL,DataSlip_19
228,3,MOVE,DataSlip_6
230,2,MOVE,DataSlip_20
231,3,MOVE,DataSlip_11
231,2,MOVE,DataSlip_20
232,2,MOVE,DataSlip_14
233,1,MOVE,DataSlip_19
233,3,ENLARGE,DataSlip_11
233,2,MOVE,DataSlip_2
234,1,NORMAL,DataSlip_20
235,-1,SAVE,null
235,-1,INIT_STAGE2,
235,1,INTERACTION_TIME,62499 of 186456
235,1,SLIP_INTERACTION,43 of 122
235,2,INTERACTION_TIME,72379 of 186456
235,2,SLIP_INTERACTION,36 of 122
235,3,INTERACTION_TIME,51578 of 186456
235,3,SLIP_INTERACTION,43 of 122
235,2,SHRINK,DataSlip_14
235,3,MOVE,DataSlip_11
262,1,MOVE,InformationDialog
267,1,MOVE,DataSlip_19
268,1,MOVE,DataSlip_20
271,2,CREATE_OBJECT,StorageArea_2
285,1,MOVE,TextEntryDialog
288,3,MOVE,TextEntryDialog
290,1,MOVE,Keyboard
317,-1,ENTER_GROUP_NAME,stay name is: stay
320,3,MOVE,stay
345,2,MOVE,stay
481,1,MOVE,DataSlip_20
481,2,MOVE,stay
481,3,MOVE,DataSlip_11
483,1,CREATE_OBJECT,StorageArea_3
493,-1,ENTER_GROUP_NAME,leave name is: leave
499,1,MOVE,leave
499,2,NORMAL,DataSlip_11
501,3,MOVE,DataSlip_13
502,1,MOVE,DataSlip_22
503,2,MOVE,DataSlip_11
504,1,MOVE,DataSlip_22
506,2,MOVE,DataSlip_14
507,1,MOVE,DataSlip_14
508,3,SHRINK,DataSlip_13
508,3,NORMAL,DataSlip_13
508,2,MOVE,DataSlip_14
508,3,ROTATE,DataSlip_13
509,1,MOVE,DataSlip_14
509,3,MOVE,DataSlip_13
511,2,MOVE,DataSlip_14
512,2,NORMAL,DataSlip_14
514,3,MOVE,DataSlip_6
516,1,SHRINK,DataSlip_22
518,1,ENLARGE,DataSlip_22
518,1,NORMAL,DataSlip_22
518,1,ROTATE,DataSlip_22
520,3,MOVE,DataSlip_6
520,1,MOVE,DataSlip_22
521,3,MOVE,DataSlip_6
521,2,NORMAL,DataSlip_14
523,1,SHRINK,DataSlip_22
523,2,SHRINK,DataSlip_14
523,3,MOVE,DataSlip_17
525,1,MOVE,DataSlip_22
526,2,MOVE,DataSlip_14
527,2,ENLARGE,DataSlip_14
530,1,ADD_OBJ_TO_GROUP,DataSlip_22 -> leave
530,1,SHRINK,DataSlip_22
530,1,MOVE,DataSlip_22
531,2,NORMAL,DataSlip_14
532,2,NORMAL,DataSlip_14
532,3,MOVE,DataSlip_17
532,2,NORMAL,DataSlip_14
532,1,MOVE,DataSlip_21
534,3,MOVE,DataSlip_9
534,2,NORMAL,DataSlip_14
535,2,NORMAL,DataSlip_14
537,1,ENLARGE,DataSlip_21
539,2,ROTATE,DataSlip_14
539,1,ADD_OBJ_TO_GROUP,DataSlip_21 -> leave
539,1,SHRINK,DataSlip_21
539,1,MOVE,DataSlip_21
540,3,MOVE,DataSlip_9
541,2,SHRINK,DataSlip_14
542,-1,REMOVE_OBJ_FROM_GROUP,DataSlip_21 -> leave
542,1,REMOVE_OBJ_FROM_GROUP,DataSlip_21 -> leave
542,1,MOVE,DataSlip_21
543,3,MOVE,DataSlip_8
544,1,NORMAL,DataSlip_21
546,1,MOVE,DataSlip_21
553,2,MOVE,Keyboard
557,2,CREATE_OBJECT,StorageArea_4
557,3,MOVE,DataSlip_8
559,2,MOVE,Keyboard
591,2,MOVE,TextEntryDialog
594,2,MOVE,TextEntryDialog
594,2,MOVE,TextEntryDialog
597,3,NORMAL,TextEntryDialog
599,3,ROTATE,TextEntryDialog
602,-1,ENTER_GROUP_NAME,lll name is: lll
604,2,DELETE_GROUP,lll
605,3,MOVE,Trash
606,3,MOVE,Trash
606,1,MOVE,DataSlip_21
610,2,MOVE,Trash
613,1,MOVE,DataSlip_11
613,1,MOVE,DataSlip_12
615,1,MOVE,DataSlip_1
617,1,NORMAL,DataSlip_1
617,1,ROTATE,DataSlip_1
618,1,MOVE,DataSlip_1
620,1,MOVE,DataSlip_10
626,3,MOVE,DataSlip_9
627,3,MOVE,DataSlip_9
628,1,MOVE,DataSlip_9
631,1,MOVE,DataSlip_9
634,2,MOVE,DataSlip_9
635,1,CREATE_OBJECT,StorageArea_5
636,2,MOVE,DataSlip_1
650,-1,ENTER_GROUP_NAME,family name is: family
652,2,MOVE,Keyboard
654,1,MOVE,family
657,3,MOVE,family
658,1,MOVE,DataSlip_10
659,1,MOVE,DataSlip_20
660,1,MOVE,DataSlip_16
661,1,MOVE,DataSlip_24
662,1,MOVE,DataSlip_7
662,1,MOVE,DataSlip_18
663,3,MOVE,DataSlip_10
664,1,MOVE,leave
665,1,MOVE,leave
666,3,ADD_OBJ_TO_GROUP,DataSlip_9 -> stay
666,3,SHRINK,DataSlip_9
666,3,MOVE,DataSlip_9
666,-1,REMOVE_OBJ_FROM_GROUP,DataSlip_22 -> leave
666,1,REMOVE_OBJ_FROM_GROUP,DataSlip_22 -> leave
666,1,MOVE,DataSlip_22
668,3,NORMAL,DataSlip_9
668,1,MOVE,leave
668,-1,REMOVE_OBJ_FROM_GROUP,DataSlip_9 -> stay
668,3,REMOVE_OBJ_FROM_GROUP,DataSlip_9 -> stay
670,1,MOVE,Keyboard
671,1,ADD_OBJ_TO_GROUP,DataSlip_12 -> stay
671,1,SHRINK,DataSlip_12
671,1,MOVE,DataSlip_12
671,3,MOVE,DataSlip_9
671,1,MOVE,leave
672,1,ENLARGE,DataSlip_19
672,1,NORMAL,DataSlip_19
672,1,ENLARGE,DataSlip_19
672,1,ROTATE,DataSlip_19
674,1,MOVE,DataSlip_19
676,1,NORMAL,DataSlip_19
677,1,MOVE,DataSlip_19
678,1,MOVE,DataSlip_18
679,3,MOVE,DataSlip_10
679,1,MOVE,DataSlip_7
681,1,MOVE,leave
681,1,MOVE,stay
681,3,MOVE,DataSlip_6
683,3,MOVE,stay
685,-1,REMOVE_OBJ_FROM_GROUP,DataSlip_12 -> stay
685,1,REMOVE_OBJ_FROM_GROUP,DataSlip_12 -> stay
685,1,MOVE,DataSlip_12
686,3,MOVE,stay
687,3,MOVE,family
687,3,MOVE,DataSlip_6
690,2,CREATE_OBJECT,StorageArea_6
703,-1,ENTER_GROUP_NAME,money name is: money
705,1,MOVE,money
707,3,ADD_OBJ_TO_GROUP,DataSlip_6 -> money
707,3,SHRINK,DataSlip_6
707,3,MOVE,DataSlip_6
709,3,MOVE,money
710,1,MOVE,DataSlip_11
711,3,MOVE,DataSlip_1
711,1,MOVE,DataSlip_11
712,3,MOVE,DataSlip_13
712,1,NORMAL,DataSlip_12
713,1,ROTATE,DataSlip_12
716,2,MOVE,family
718,3,MOVE,DataSlip_1
719,3,MOVE,DataSlip_21
719,3,MOVE,DataSlip_13
721,2,MOVE,money
722,2,ADD_OBJ_TO_GROUP,DataSlip_14 -> money
722,2,SHRINK,DataSlip_14
722,2,MOVE,DataSlip_14
723,1,MOVE,DataSlip_12
723,2,MOVE,DataSlip_6
725,2,MOVE,DataSlip_14
731,3,MOVE,DataSlip_10
731,1,NORMAL,DataSlip_14
735,3,MOVE,DataSlip_10
735,3,MOVE,DataSlip_8
739,3,ADD_OBJ_TO_GROUP,DataSlip_17 -> family
739,3,SHRINK,DataSlip_17
739,3,MOVE,DataSlip_17
740,2,SHRINK,DataSlip_14
741,3,ADD_OBJ_TO_GROUP,DataSlip_8 -> family
741,3,SHRINK,DataSlip_8
741,3,MOVE,DataSlip_8
743,1,MOVE,money
743,3,MOVE,DataSlip_1
744,1,MOVE,DataSlip_12
746,3,MOVE,DataSlip_21
751,1,MOVE,DataSlip_12
756,3,MOVE,DataSlip_3
758,3,MOVE,DataSlip_3
759,1,MOVE,DataSlip_12
762,3,MOVE,DataSlip_23
764,3,MOVE,DataSlip_23
764,1,MOVE,DataSlip_21
765,3,MOVE,DataSlip_5
767,1,ADD_OBJ_TO_GROUP,DataSlip_3 -> stay
767,1,SHRINK,DataSlip_3
767,1,MOVE,DataSlip_3
770,1,MOVE,DataSlip_1
773,3,MOVE,DataSlip_23
773,3,MOVE,DataSlip_10
775,2,MOVE,DataSlip_10
776,3,MOVE,DataSlip_26
776,2,MOVE,DataSlip_23
776,2,MOVE,DataSlip_23
777,2,MOVE,DataSlip_23
779,2,MOVE,DataSlip_23
781,1,MOVE,DataSlip_1
781,2,SHRINK,DataSlip_23
781,2,NORMAL,DataSlip_23
782,2,ROTATE,DataSlip_23
785,3,MOVE,DataSlip_7
786,1,ADD_OBJ_TO_GROUP,DataSlip_26 -> stay
786,1,SHRINK,DataSlip_26
786,1,MOVE,DataSlip_26
787,1,MOVE,money
788,1,MOVE,DataSlip_9
790,-1,REMOVE_OBJ_FROM_GROUP,DataSlip_3 -> stay
790,1,REMOVE_OBJ_FROM_GROUP,DataSlip_3 -> stay
790,1,MOVE,DataSlip_3
790,2,MOVE,DataSlip_23
791,1,MOVE,DataSlip_21
791,3,MOVE,DataSlip_11
792,3,MOVE,DataSlip_7
792,1,MOVE,stay
793,-1,REMOVE_OBJ_FROM_GROUP,DataSlip_17 -> family
793,1,REMOVE_OBJ_FROM_GROUP,DataSlip_17 -> family
793,1,MOVE,DataSlip_17
794,3,NORMAL,DataSlip_22
803,3,MOVE,DataSlip_4
805,3,MOVE,DataSlip_20
806,1,MOVE,DataSlip_6
807,3,MOVE,DataSlip_22
807,1,MOVE,Keyboard
808,3,ADD_OBJ_TO_GROUP,DataSlip_16 -> stay
808,3,SHRINK,DataSlip_16
808,3,MOVE,DataSlip_16
808,1,MOVE,money
808,3,MOVE,DataSlip_25
809,1,MOVE,money
810,3,MOVE,DataSlip_25
810,2,MOVE,DataSlip_12
811,3,MOVE,DataSlip_18
812,2,SHRINK,DataSlip_12
812,3,MOVE,DataSlip_25
812,1,MOVE,money
815,2,ADD_OBJ_TO_GROUP,DataSlip_12 -> stay
815,2,SHRINK,DataSlip_12
815,2,MOVE,DataSlip_12
816,1,MOVE,money
816,2,MOVE,leave
817,3,MOVE,DataSlip_18
817,1,MOVE,DataSlip_13
818,-1,REMOVE_OBJ_FROM_GROUP,DataSlip_16 -> stay
818,2,REMOVE_OBJ_FROM_GROUP,DataSlip_16 -> stay
818,2,MOVE,DataSlip_16
819,1,NORMAL,DataSlip_13
821,3,MOVE,DataSlip_19
823,2,MOVE,DataSlip_26
824,3,MOVE,DataSlip_19
827,2,MOVE,DataSlip_16
828,2,NORMAL,DataSlip_16
828,2,ROTATE,DataSlip_16
832,2,SHRINK,DataSlip_16
836,3,MOVE,DataSlip_7
839,2,ADD_OBJ_TO_GROUP,DataSlip_16 -> family
839,2,SHRINK,DataSlip_16
839,2,MOVE,DataSlip_16
840,2,MOVE,DataSlip_8
841,1,ADD_OBJ_TO_GROUP,DataSlip_13 -> stay
841,1,SHRINK,DataSlip_13
841,1,MOVE,DataSlip_13
844,3,MOVE,DataSlip_22
844,1,MOVE,DataSlip_3
845,1,NORMAL,DataSlip_3
847,3,MOVE,Red herrings
848,1,MOVE,DataSlip_3
855,2,MOVE,Red herrings
860,2,MOVE,Red herrings
861,3,MOVE,DataSlip_22
863,1,MOVE,DataSlip_3
878,3,MOVE,DataSlip_19
879,1,ADD_OBJ_TO_GROUP,DataSlip_3 -> family
879,1,SHRINK,DataSlip_3
879,1,MOVE,DataSlip_3
881,2,MOVE,DataSlip_22
881,1,MOVE,DataSlip_9
881,3,MOVE,DataSlip_7
883,2,MOVE,DataSlip_11
884,2,SHRINK,DataSlip_11
887,3,MOVE,DataSlip_7
888,2,MOVE,DataSlip_11
888,1,ADD_OBJ_TO_GROUP,DataSlip_9 -> stay
888,1,SHRINK,DataSlip_9
888,1,MOVE,DataSlip_9
889,2,NORMAL,DataSlip_11
890,1,NORMAL,DataSlip_9
892,2,MOVE,DataSlip_11
893,2,SHRINK,DataSlip_11
896,1,SHRINK,DataSlip_9
897,1,MOVE,DataSlip_9
897,3,MOVE,DataSlip_7
900,1,MOVE,DataSlip_7
902,2,ADD_OBJ_TO_GROUP,DataSlip_11 -> stay
902,2,SHRINK,DataSlip_11
902,2,MOVE,DataSlip_11
907,3,ADD_OBJ_TO_GROUP,DataSlip_7 -> stay
907,3,SHRINK,DataSlip_7
907,3,MOVE,DataSlip_7
911,1,MOVE,DataSlip_10
913,3,MOVE,DataSlip_19
913,2,MOVE,DataSlip_22
914,3,MOVE,DataSlip_18
917,1,MOVE,DataSlip_10
920,1,MOVE,DataSlip_2
922,1,NORMAL,DataSlip_2
925,3,MOVE,DataSlip_25
931,2,MOVE,DataSlip_10
932,1,ADD_OBJ_TO_GROUP,DataSlip_2 -> leave
932,1,SHRINK,DataSlip_2
932,1,MOVE,DataSlip_2
934,2,MOVE,DataSlip_25
934,1,MOVE,DataSlip_23
935,2,ADD_OBJ_TO_GROUP,DataSlip_25 -> leave
935,2,SHRINK,DataSlip_25
935,2,MOVE,DataSlip_25
937,1,ADD_OBJ_TO_GROUP,DataSlip_23 -> leave
937,1,SHRINK,DataSlip_23
937,1,MOVE,DataSlip_23
938,3,MOVE,DataSlip_20
939,1,MOVE,DataSlip_17
941,1,MOVE,DataSlip_21
956,1,SHRINK,DataSlip_21
959,-1,REMOVE_OBJ_FROM_GROUP,DataSlip_25 -> leave
959,2,REMOVE_OBJ_FROM_GROUP,DataSlip_25 -> leave
959,2,ADD_OBJ_TO_GROUP,DataSlip_25 -> family
959,2,SHRINK,DataSlip_25
959,2,MOVE,DataSlip_25
961,1,MOVE,DataSlip_21
961,3,MOVE,DataSlip_4
961,3,NORMAL,DataSlip_20
962,3,ROTATE,DataSlip_20
962,2,SHRINK,DataSlip_10
963,1,ADD_OBJ_TO_GROUP,DataSlip_21 -> leave
963,1,SHRINK,DataSlip_21
963,1,MOVE,DataSlip_21
963,2,SHRINK,DataSlip_22
964,3,MOVE,DataSlip_20
965,3,MOVE,DataSlip_18
965,2,ADD_OBJ_TO_GROUP,DataSlip_22 -> family
965,2,SHRINK,DataSlip_22
965,2,MOVE,DataSlip_22
966,1,NORMAL,DataSlip_17
969,3,MOVE,DataSlip_18
972,3,MOVE,DataSlip_19
976,1,ADD_OBJ_TO_GROUP,DataSlip_17 -> family
976,1,SHRINK,DataSlip_17
976,1,MOVE,DataSlip_17
977,1,MOVE,DataSlip_1
979,1,MOVE,DataSlip_1
981,1,MOVE,DataSlip_1
981,3,NORMAL,DataSlip_10
982,3,NORMAL,DataSlip_10
982,3,ROTATE,DataSlip_10
983,3,MOVE,DataSlip_10
985,2,MOVE,DataSlip_10
987,2,NORMAL,DataSlip_10
989,2,ROTATE,DataSlip_10
990,1,ADD_OBJ_TO_GROUP,DataSlip_1 -> family
990,1,SHRINK,DataSlip_1
990,1,MOVE,DataSlip_1
994,1,MOVE,DataSlip_5
995,1,MOVE,DataSlip_15
998,2,MOVE,DataSlip_10
999,3,MOVE,DataSlip_24
1000,2,MOVE,DataSlip_10
1003,1,MOVE,DataSlip_10
1005,2,MOVE,DataSlip_10
1005,1,MOVE,DataSlip_24
1008,3,MOVE,DataSlip_18
1008,2,MOVE,DataSlip_10
1009,3,MOVE,DataSlip_18
1010,3,MOVE,DataSlip_18
1011,1,ADD_OBJ_TO_GROUP,DataSlip_24 -> stay
1011,1,SHRINK,DataSlip_24
1011,1,MOVE,DataSlip_24
1016,3,ADD_OBJ_TO_GROUP,DataSlip_18 -> money
1016,3,SHRINK,DataSlip_18
1016,3,MOVE,DataSlip_18
1017,-1,REMOVE_OBJ_FROM_GROUP,DataSlip_18 -> money
1017,3,REMOVE_OBJ_FROM_GROUP,DataSlip_18 -> money
1017,3,MOVE,DataSlip_18
1018,2,MOVE,DataSlip_10
1020,1,MOVE,DataSlip_15
1022,1,ADD_OBJ_TO_GROUP,DataSlip_15 -> leave
1022,1,SHRINK,DataSlip_15
1022,1,MOVE,DataSlip_15
1023,2,MOVE,DataSlip_18
1026,3,MOVE,DataSlip_20
1027,3,MOVE,DataSlip_4
1027,2,MOVE,DataSlip_18
1028,3,MOVE,DataSlip_19
1028,3,MOVE,DataSlip_19
1028,2,MOVE,DataSlip_18
1028,1,ADD_OBJ_TO_GROUP,DataSlip_10 -> stay
1028,1,SHRINK,DataSlip_10
1028,1,MOVE,DataSlip_10
1030,2,NORMAL,DataSlip_18
1033,2,SHRINK,DataSlip_18
1033,2,NORMAL,DataSlip_18
1035,1,MOVE,DataSlip_5
1035,2,MOVE,DataSlip_18
1037,2,SHRINK,DataSlip_18
1039,2,ADD_OBJ_TO_GROUP,DataSlip_18 -> leave
1039,2,SHRINK,DataSlip_18
1039,2,MOVE,DataSlip_18
1052,2,MOVE,DataSlip_19
1054,2,MOVE,DataSlip_19
1054,3,MOVE,DataSlip_20
1057,1,ADD_OBJ_TO_GROUP,DataSlip_5 -> leave
1057,1,SHRINK,DataSlip_5
1057,1,MOVE,DataSlip_5
1058,3,MOVE,DataSlip_4
1059,2,MOVE,DataSlip_19
1060,3,MOVE,DataSlip_4
1064,3,MOVE,Note_0
1068,2,MOVE,DataSlip_19
1068,1,ADD_OBJ_TO_GROUP,DataSlip_20 -> leave
1068,1,SHRINK,DataSlip_20
1068,1,MOVE,DataSlip_20
1070,2,MOVE,DataSlip_19
1071,1,MOVE,DataSlip_19
1073,2,MOVE,DataSlip_4
1083,2,SHRINK,DataSlip_4
1083,1,MOVE,DataSlip_19
1084,2,ADD_OBJ_TO_GROUP,DataSlip_4 -> leave
1084,2,SHRINK,DataSlip_4
1084,2,MOVE,DataSlip_4
1088,1,MOVE,DataSlip_19
1094,2,MOVE,DataSlip_19
1095,2,SHRINK,DataSlip_19
1097,2,ADD_OBJ_TO_GROUP,DataSlip_19 -> money
1097,2,SHRINK,DataSlip_19
1097,2,MOVE,DataSlip_19
1097,-1,SAVE,null
1097,-1,INIT_STAGE3,
1097,1,INTERACTION_TIME,301784 of 759283
1097,1,SLIP_INTERACTION,173 of 447
1097,1,GROUP_INTERACTION,26 of 51
1097,1,NOTES_INTERACTION,0 of 0
1097,1,REL_INTERACTION,0 of 0
1097,2,INTERACTION_TIME,293814 of 759283
1097,2,SLIP_INTERACTION,129 of 447
1097,2,GROUP_INTERACTION,16 of 51
1097,2,NOTES_INTERACTION,0 of 0
1097,2,REL_INTERACTION,0 of 0
1097,3,INTERACTION_TIME,163685 of 759283
1097,3,SLIP_INTERACTION,145 of 447
1097,3,GROUP_INTERACTION,9 of 51
1097,3,NOTES_INTERACTION,0 of 0
1097,3,REL_INTERACTION,0 of 0
1103,2,MOVE,InformationDialog
1129,2,MOVE,money
1130,1,MOVE,money
1130,2,MOVE,DataSlip_10
1131,-1,REMOVE_OBJ_FROM_GROUP,DataSlip_19 -> money
1131,1,REMOVE_OBJ_FROM_GROUP,DataSlip_19 -> money
1131,1,MOVE,DataSlip_19
1131,-1,REMOVE_OBJ_FROM_GROUP,DataSlip_6 -> money
1131,1,REMOVE_OBJ_FROM_GROUP,DataSlip_6 -> money
1131,1,MOVE,DataSlip_6
1132,2,MOVE,stay
1132,3,MOVE,leave
1132,-1,REMOVE_OBJ_FROM_GROUP,DataSlip_14 -> money
1132,1,REMOVE_OBJ_FROM_GROUP,DataSlip_14 -> money
1132,1,MOVE,DataSlip_14
1133,-1,REMOVE_OBJ_FROM_GROUP,DataSlip_10 -> stay
1133,2,REMOVE_OBJ_FROM_GROUP,DataSlip_10 -> stay
1133,2,MOVE,DataSlip_10
1133,1,DELETE_GROUP,money
1133,-1,REMOVE_OBJ_FROM_GROUP,DataSlip_13 -> stay
1133,2,REMOVE_OBJ_FROM_GROUP,DataSlip_13 -> stay
1133,2,MOVE,DataSlip_13
1134,-1,REMOVE_OBJ_FROM_GROUP,DataSlip_5 -> leave
1134,3,REMOVE_OBJ_FROM_GROUP,DataSlip_5 -> leave
1134,3,MOVE,DataSlip_5
1134,2,NORMAL,DataSlip_24
1134,-1,REMOVE_OBJ_FROM_GROUP,DataSlip_24 -> stay
1134,2,REMOVE_OBJ_FROM_GROUP,DataSlip_24 -> stay
1135,2,ADD_OBJ_TO_GROUP,DataSlip_24 -> stay
1135,2,SHRINK,DataSlip_24
1135,1,MOVE,family
1135,-1,REMOVE_OBJ_FROM_GROUP,DataSlip_24 -> stay
1135,2,REMOVE_OBJ_FROM_GROUP,DataSlip_24 -> stay
1135,2,MOVE,DataSlip_24
1136,3,MOVE,DataSlip_5
1136,-1,REMOVE_OBJ_FROM_GROUP,DataSlip_9 -> stay
1136,2,REMOVE_OBJ_FROM_GROUP,DataSlip_9 -> stay
1136,2,MOVE,DataSlip_9
1136,-1,REMOVE_OBJ_FROM_GROUP,DataSlip_1 -> family
1136,1,REMOVE_OBJ_FROM_GROUP,DataSlip_1 -> family
1136,1,MOVE,DataSlip_1
1136,-1,REMOVE_OBJ_FROM_GROUP,DataSlip_22 -> family
1136,1,REMOVE_OBJ_FROM_GROUP,DataSlip_22 -> family
1136,1,MOVE,DataSlip_22
1136,-1,REMOVE_OBJ_FROM_GROUP,DataSlip_20 -> leave
1136,3,REMOVE_OBJ_FROM_GROUP,DataSlip_20 -> leave
1136,3,MOVE,DataSlip_20
1137,-1,REMOVE_OBJ_FROM_GROUP,DataSlip_12 -> stay
1137,2,REMOVE_OBJ_FROM_GROUP,DataSlip_12 -> stay
1137,2,MOVE,DataSlip_12
1137,-1,REMOVE_OBJ_FROM_GROUP,DataSlip_17 -> family
1137,1,REMOVE_OBJ_FROM_GROUP,DataSlip_17 -> family
1137,1,MOVE,DataSlip_17
1137,2,MOVE,stay
1138,-1,REMOVE_OBJ_FROM_GROUP,DataSlip_3 -> family
1138,1,REMOVE_OBJ_FROM_GROUP,DataSlip_3 -> family
1138,1,MOVE,DataSlip_3
1138,-1,REMOVE_OBJ_FROM_GROUP,DataSlip_21 -> leave
1138,3,REMOVE_OBJ_FROM_GROUP,DataSlip_21 -> leave
1138,3,MOVE,DataSlip_21
1138,-1,REMOVE_OBJ_FROM_GROUP,DataSlip_16 -> family
1138,1,REMOVE_OBJ_FROM_GROUP,DataSlip_16 -> family
1138,1,MOVE,DataSlip_16
1138,2,MOVE,stay
1139,-1,REMOVE_OBJ_FROM_GROUP,DataSlip_4 -> leave
1139,3,REMOVE_OBJ_FROM_GROUP,DataSlip_4 -> leave
1139,3,MOVE,DataSlip_4
1139,-1,REMOVE_OBJ_FROM_GROUP,DataSlip_25 -> family
1139,1,REMOVE_OBJ_FROM_GROUP,DataSlip_25 -> family
1139,1,MOVE,DataSlip_25
1139,-1,REMOVE_OBJ_FROM_GROUP,DataSlip_8 -> family
1139,1,REMOVE_OBJ_FROM_GROUP,DataSlip_8 -> family
1139,1,MOVE,DataSlip_8
1140,-1,REMOVE_OBJ_FROM_GROUP,DataSlip_11 -> stay
1140,2,REMOVE_OBJ_FROM_GROUP,DataSlip_11 -> stay
1140,2,MOVE,DataSlip_11
1140,-1,REMOVE_OBJ_FROM_GROUP,DataSlip_18 -> leave
1140,3,REMOVE_OBJ_FROM_GROUP,DataSlip_18 -> leave
1140,3,MOVE,DataSlip_18
1140,-1,REMOVE_OBJ_FROM_GROUP,DataSlip_15 -> leave
1140,3,REMOVE_OBJ_FROM_GROUP,DataSlip_15 -> leave
1140,3,MOVE,DataSlip_15
1140,2,MOVE,stay
1140,1,DELETE_GROUP,family
1141,2,MOVE,DataSlip_7
1141,-1,REMOVE_OBJ_FROM_GROUP,DataSlip_23 -> leave
1141,3,REMOVE_OBJ_FROM_GROUP,DataSlip_23 -> leave
1141,3,MOVE,DataSlip_23
1141,2,SHRINK,DataSlip_26
1142,-1,REMOVE_OBJ_FROM_GROUP,DataSlip_26 -> stay
1142,2,REMOVE_OBJ_FROM_GROUP,DataSlip_26 -> stay
1142,-1,REMOVE_OBJ_FROM_GROUP,DataSlip_2 -> leave
1142,3,REMOVE_OBJ_FROM_GROUP,DataSlip_2 -> leave
1142,3,MOVE,DataSlip_2
1142,1,MOVE,stay
1143,3,MOVE,leave
1144,2,MOVE,stay
1145,1,DELETE_GROUP,leave
1145,-1,REMOVE_OBJ_FROM_GROUP,DataSlip_7 -> stay
1145,2,REMOVE_OBJ_FROM_GROUP,DataSlip_7 -> stay
1145,2,MOVE,DataSlip_7
1146,2,DELETE_GROUP,stay
1150,1,MOVE,DataSlip_19
1150,3,MOVE,DataSlip_18
1151,2,MOVE,Keyboard
1151,1,NORMAL,DataSlip_19
1152,3,NORMAL,DataSlip_18
1153,1,MOVE,DataSlip_6
1153,1,ADD_OBJ_TO_GROUP,DataSlip_6 -> Red herrings
1153,1,SHRINK,DataSlip_6
1153,2,MOVE,Red herrings
1153,3,ADD_OBJ_TO_GROUP,DataSlip_18 -> Red herrings
1153,3,SHRINK,DataSlip_18
1153,3,MOVE,DataSlip_18
1154,-1,REMOVE_OBJ_FROM_GROUP,DataSlip_6 -> Red herrings
1154,1,REMOVE_OBJ_FROM_GROUP,DataSlip_6 -> Red herrings
1154,1,MOVE,DataSlip_6
1155,2,MOVE,Red herrings
1156,-1,REMOVE_OBJ_FROM_GROUP,DataSlip_18 -> Red herrings
1156,1,REMOVE_OBJ_FROM_GROUP,DataSlip_18 -> Red herrings
1156,1,MOVE,DataSlip_18
1157,2,MOVE,Red herrings
1158,2,MOVE,Red herrings
1158,2,MOVE,Red herrings
1158,1,MOVE,DataSlip_18
1160,2,MOVE,Red herrings
1160,2,MOVE,Red herrings
1161,1,MOVE,Red herrings
1163,2,MOVE,Red herrings
1165,1,MOVE,DataSlip_6
1166,2,MOVE,Red herrings
1167,1,NORMAL,DataSlip_6
1171,2,MOVE,Note_0
1174,2,MOVE,Note_0
1180,2,CREATE_OBJECT,Sticker_0
1181,2,MOVE,Sticker_0
1182,2,SHRINK,Sticker_0
1185,2,CREATE_OBJECT,Sticker_1
1187,3,MOVE,Note_0
1193,2,MOVE,Sticker_1
1195,1,MOVE,DataSlip_6
1197,3,MOVE,DataSlip_15
1198,3,MOVE,DataSlip_5
1199,1,MOVE,DataSlip_18
1199,2,CREATE_OBJECT,DataSlip_13-
1199,2,UPDATE_RELATION,DataSlip_13-
1199,2,MOVE,Sticker_0
1201,2,MOVE,DataSlip_13-
1202,1,SHRINK,DataSlip_18
1202,1,ROTATE,DataSlip_18
1203,2,DELETE_RELATION,DataSlip_13-
1203,2,MOVE,Sticker_0
1204,1,NORMAL,DataSlip_18
1207,2,MOVE,Sticker_1
1207,2,MOVE,DataSlip_23
1208,1,MOVE,DataSlip_18
1209,1,MOVE,DataSlip_18
1209,2,MOVE,DataSlip_5
1211,1,MOVE,DataSlip_18
1211,2,CREATE_OBJECT,DataSlip_5-DataSlip_23-
1211,2,UPDATE_RELATION,DataSlip_5-DataSlip_23-
1211,2,MOVE,Sticker_1
1212,1,MOVE,DataSlip_18
1213,1,MOVE,DataSlip_18
1214,1,MOVE,DataSlip_13
1216,1,NORMAL,DataSlip_13
1227,1,MOVE,DataSlip_8
1228,1,MOVE,DataSlip_25
1229,1,MOVE,DataSlip_16
1229,2,MOVE,DataSlip_16
1230,2,MOVE,DataSlip_25
1231,2,MOVE,DataSlip_8
1231,1,MOVE,DataSlip_3
1233,1,NORMAL,DataSlip_3
1233,2,MOVE,DataSlip_3
1235,2,MOVE,DataSlip_3
1236,2,NORMAL,DataSlip_3
1237,2,SHRINK,DataSlip_3
1238,1,MOVE,DataSlip_17
1238,3,NORMAL,Relation_1
1239,1,NORMAL,DataSlip_17
1240,3,MOVE,DataSlip_5-DataSlip_23-
1242,1,MOVE,DataSlip_17
1244,2,DELETE_RELATION,DataSlip_5-DataSlip_23-
1244,2,MOVE,Sticker_1
1244,3,MOVE,DataSlip_5
1246,3,NORMAL,DataSlip_5
1247,3,ROTATE,DataSlip_5
1247,2,MOVE,Sticker_0
1252,3,MOVE,DataSlip_5
1253,1,MOVE,DataSlip_3
1254,2,MOVE,Sticker_0
1255,3,MOVE,DataSlip_15
1255,2,MOVE,Sticker_1
1256,3,NORMAL,DataSlip_15
1256,2,MOVE,Sticker_1
1258,3,NORMAL,DataSlip_15
1258,2,MOVE,Sticker_0
1259,2,CREATE_OBJECT,DataSlip_3-
1259,2,UPDATE_RELATION,DataSlip_3-
1259,2,MOVE,Sticker_1
1259,3,ROTATE,DataSlip_15
1259,2,DELETE_RELATION,DataSlip_3-
1259,2,CREATE_OBJECT,DataSlip_3-
1259,2,UPDATE_RELATION,DataSlip_3-
1260,3,MOVE,DataSlip_15
1261,2,DELETE_RELATION,DataSlip_3-
1261,2,CREATE_OBJECT,DataSlip_3-
1261,2,UPDATE_RELATION,DataSlip_3-
1262,2,DELETE_RELATION,DataSlip_3-
1262,2,CREATE_OBJECT,DataSlip_3-
1262,2,UPDATE_RELATION,DataSlip_3-
1262,2,MOVE,Sticker_1
1262,1,MOVE,DataSlip_17
1264,3,MOVE,DataSlip_15
1265,1,SHRINK,DataSlip_17
1265,2,UPDATE_RELATION,DataSlip_3-
1265,2,MOVE,Sticker_0
1266,1,MOVE,DataSlip_18
1267,1,MOVE,DataSlip_17
1268,2,MOVE,DataSlip_3-
1270,3,MOVE,DataSlip_5
1271,1,UPDATE_RELATION,Relation_5
1271,1,CREATE_OBJECT,DataSlip_17-
1271,1,UPDATE_RELATION,DataSlip_17-
1271,1,MOVE,Sticker_0
1272,2,DELETE_RELATION,Relation_5
1272,2,MOVE,Sticker_1
1273,3,MOVE,DataSlip_23
1274,1,DELETE_RELATION,DataSlip_17-
1274,1,MOVE,Sticker_0
1275,2,MOVE,Sticker_1
1276,1,CREATE_OBJECT,Sticker_2
1277,3,SHRINK,DataSlip_23
1278,1,CREATE_OBJECT,DataSlip_17-
1278,1,UPDATE_RELATION,DataSlip_17-
1278,1,MOVE,Sticker_2
1279,3,MOVE,DataSlip_23
1280,3,NORMAL,DataSlip_23
1281,3,MOVE,DataSlip_23
1283,3,NORMAL,DataSlip_23
1284,1,NORMAL,DataSlip_3
1284,3,ROTATE,DataSlip_23
1285,2,MOVE,DataSlip_11
1287,2,MOVE,DataSlip_10
1288,2,MOVE,DataSlip_9
1289,1,MOVE,DataSlip_3
1290,3,MOVE,DataSlip_23
1292,1,SHRINK,DataSlip_3
1295,3,MOVE,DataSlip_4
1295,1,MOVE,DataSlip_3
1296,3,NORMAL,DataSlip_4
1296,1,DELETE_RELATION,DataSlip_17-
1296,1,CREATE_OBJECT,DataSlip_17-DataSlip_3-
1296,1,UPDATE_RELATION,DataSlip_17-DataSlip_3-
1297,3,MOVE,DataSlip_4
1298,3,NORMAL,DataSlip_4
1300,3,ROTATE,DataSlip_4
1304,1,NORMAL,DataSlip_22
1308,3,NORMAL,DataSlip_4
1309,3,MOVE,DataSlip_4
1311,3,MOVE,DataSlip_8
1316,3,NORMAL,DataSlip_8
1317,1,MOVE,DataSlip_22
1318,3,NORMAL,DataSlip_8
1318,1,MOVE,DataSlip_22
1319,3,ROTATE,DataSlip_8
1324,3,MOVE,DataSlip_8
1327,3,MOVE,DataSlip_8
1328,1,MOVE,DataSlip_19
1328,3,NORMAL,DataSlip_8
1329,1,MOVE,DataSlip_22
1330,1,MOVE,DataSlip_14
1330,3,ROTATE,DataSlip_8
1330,1,MOVE,DataSlip_26
1331,1,MOVE,DataSlip_12
1332,1,MOVE,DataSlip_1
1332,1,MOVE,DataSlip_11
1334,2,NORMAL,DataSlip_8
1335,2,ROTATE,DataSlip_8
1338,3,MOVE,DataSlip_5
1339,3,MOVE,DataSlip_8
1340,1,MOVE,DataSlip_9
1340,2,MOVE,DataSlip_4
1342,3,MOVE,DataSlip_8
1343,2,NORMAL,DataSlip_4
1344,3,MOVE,DataSlip_8
1345,2,NORMAL,DataSlip_4
1347,1,MOVE,DataSlip_8
1348,2,NORMAL,DataSlip_4
1349,3,CREATE_OBJECT,Sticker_3
1349,1,SHRINK,DataSlip_8
1351,2,ROTATE,DataSlip_4
1351,1,MOVE,DataSlip_8
1352,2,MOVE,DataSlip_4
1354,2,MOVE,DataSlip_23
1355,3,UPDATE_RELATION,DataSlip_8-DataSlip_17-DataSlip_3-
1355,3,MOVE,Sticker_3
1355,1,MOVE,DataSlip_9
1356,2,MOVE,DataSlip_23
1357,2,NORMAL,DataSlip_23
1358,2,NORMAL,DataSlip_23
1359,3,CREATE_OBJECT,Sticker_4
1361,3,MOVE,Sticker_4
1362,2,ROTATE,DataSlip_23
1362,1,MOVE,DataSlip_26
1363,1,NORMAL,DataSlip_26
1364,3,UPDATE_RELATION,DataSlip_9-DataSlip_8-DataSlip_17-DataSlip_3-
1364,3,MOVE,Sticker_4
1364,2,MOVE,DataSlip_23
1366,2,MOVE,DataSlip_15
1367,2,NORMAL,DataSlip_15
1368,1,SHRINK,DataSlip_26
1368,2,NORMAL,DataSlip_15
1369,2,NORMAL,DataSlip_15
1370,2,NORMAL,DataSlip_15
1371,1,MOVE,DataSlip_26
1372,1,CREATE_OBJECT,DataSlip_26-
1372,1,UPDATE_RELATION,DataSlip_26-
1372,1,MOVE,Sticker_0
1373,1,MOVE,DataSlip_26-
1375,3,MOVE,DataSlip_23
1376,2,ROTATE,DataSlip_15
1378,1,MOVE,DataSlip_23
1379,2,MOVE,DataSlip_15
1381,1,MOVE,DataSlip_22
1382,1,MOVE,DataSlip_22
1388,3,MOVE,DataSlip_24
1389,3,NORMAL,DataSlip_24
1391,1,SHRINK,DataSlip_18
1393,1,MOVE,DataSlip_18
1396,3,NORMAL,DataSlip_24
1398,3,NORMAL,DataSlip_24
1398,1,MOVE,DataSlip_18
1400,1,MOVE,DataSlip_19
1400,3,SHRINK,DataSlip_24
1401,1,MOVE,DataSlip_6
1401,3,MOVE,DataSlip_24
1406,1,SHRINK,DataSlip_6
1408,3,MOVE,DataSlip_22
1409,1,MOVE,DataSlip_6
1409,3,MOVE,DataSlip_15
1410,3,MOVE,DataSlip_23
1413,3,MOVE,DataSlip_14
1414,3,MOVE,DataSlip_18
1416,2,CREATE_OBJECT,Sticker_5
1417,1,MOVE,DataSlip_6
1419,1,MOVE,DataSlip_14
1422,2,MOVE,Sticker_5
1427,2,CREATE_OBJECT,Sticker_6
1429,3,MOVE,DataSlip_19
1429,2,SHRINK,Sticker_6
1432,1,MOVE,Sticker_5
1434,1,ENLARGE,Sticker_5
1434,3,MOVE,DataSlip_19
1435,1,NORMAL,Sticker_5
1439,1,MOVE,Sticker_5
1440,3,NORMAL,DataSlip_11
1441,2,MOVE,Trash
1441,1,MOVE,DataSlip_14
1452,1,MOVE,DataSlip_13
1462,2,NORMAL,DataSlip_1
1467,2,MOVE,DataSlip_1
1468,1,MOVE,DataSlip_26-
1469,1,MOVE,DataSlip_26-
1470,2,SHRINK,DataSlip_1
1471,1,MOVE,DataSlip_9-DataSlip_8-DataSlip_17-DataSlip_3-
1471,1,DELETE_RELATION,DataSlip_26-
1471,1,UPDATE_RELATION,DataSlip_26-DataSlip_9-DataSlip_8-DataSlip_17-DataSlip_3-
1471,1,MOVE,Sticker_0
1473,2,MOVE,DataSlip_1
1473,1,UPDATE_RELATION,DataSlip_17-DataSlip_3-DataSlip_8-DataSlip_9-
1473,1,UPDATE_RELATION,DataSlip_26-DataSlip_17-DataSlip_3-DataSlip_8-DataSlip_9-
1473,1,MOVE,Sticker_0
1475,1,MOVE,DataSlip_26-DataSlip_17-DataSlip_3-DataSlip_8-DataSlip_9-
1476,1,MOVE,DataSlip_1
1478,1,MOVE,DataSlip_26-DataSlip_17-DataSlip_3-DataSlip_8-DataSlip_9-
1479,3,MOVE,DataSlip_11
1479,2,UPDATE_RELATION,DataSlip_26-DataSlip_17-DataSlip_3-DataSlip_8-DataSlip_9-DataSlip_1-
1479,2,MOVE,Sticker_5
1480,3,NORMAL,DataSlip_11
1482,1,MOVE,DataSlip_26-DataSlip_17-DataSlip_3-DataSlip_8-DataSlip_9-DataSlip_1-
1482,3,MOVE,DataSlip_11
1484,3,SHRINK,DataSlip_11
1485,3,MOVE,DataSlip_11
1486,3,MOVE,DataSlip_10
1487,3,MOVE,DataSlip_23
1488,1,MOVE,DataSlip_13
1493,1,MOVE,DataSlip_26-DataSlip_17-DataSlip_3-DataSlip_8-DataSlip_9-DataSlip_1-
1493,1,MOVE,DataSlip_26-DataSlip_17-DataSlip_3-DataSlip_8-DataSlip_9-DataSlip_1-
1494,1,MOVE,DataSlip_11
1497,3,MOVE,DataSlip_23
1498,1,MOVE,DataSlip_11
1499,3,MOVE,DataSlip_10
1500,1,NORMAL,DataSlip_11
1500,3,NORMAL,DataSlip_10
1502,1,SHRINK,DataSlip_11
1505,1,MOVE,DataSlip_11
1505,3,MOVE,DataSlip_10
1506,1,UPDATE_RELATION,DataSlip_17-DataSlip_3-DataSlip_8-DataSlip_9-DataSlip_26-
1506,1,MOVE,Sticker_5
1506,1,MOVE,DataSlip_1
1507,1,MOVE,DataSlip_11
1508,3,MOVE,DataSlip_10
1509,1,CREATE_OBJECT,DataSlip_11-DataSlip_1-
1509,1,UPDATE_RELATION,DataSlip_11-DataSlip_1-
1509,1,MOVE,Sticker_5
1510,3,MOVE,DataSlip_4
1510,1,DELETE_RELATION,DataSlip_11-DataSlip_1-
1510,1,CREATE_OBJECT,DataSlip_11-DataSlip_1-
1510,1,UPDATE_RELATION,DataSlip_11-DataSlip_1-
1510,1,MOVE,Sticker_5
1514,2,NORMAL,DataSlip_10
1515,1,SHRINK,DataSlip_14
1516,3,MOVE,DataSlip_15
1517,1,NORMAL,DataSlip_14
1518,2,NORMAL,DataSlip_10
1518,3,MOVE,DataSlip_4
1520,1,MOVE,DataSlip_14
1520,2,MOVE,DataSlip_10
1521,2,SHRINK,DataSlip_10
1521,1,SHRINK,DataSlip_14
1523,3,MOVE,DataSlip_4
1523,2,MOVE,DataSlip_10
1523,1,MOVE,DataSlip_14
1524,2,SHRINK,DataSlip_13
1524,3,MOVE,DataSlip_19
1525,1,MOVE,DataSlip_17-DataSlip_3-DataSlip_8-DataSlip_9-DataSlip_26-
1526,2,SHRINK,DataSlip_23
1527,1,MOVE,DataSlip_6
1527,2,MOVE,DataSlip_23
1529,2,MOVE,DataSlip_23
1530,2,MOVE,DataSlip_13
1530,1,CREATE_OBJECT,Sticker_7
1531,3,MOVE,DataSlip_20
1532,1,CREATE_OBJECT,DataSlip_14-
1532,1,UPDATE_RELATION,DataSlip_14-
1532,1,MOVE,Sticker_7
1534,3,MOVE,DataSlip_19
1535,3,MOVE,DataSlip_4
1537,3,MOVE,DataSlip_25
1540,2,MOVE,DataSlip_25
1541,3,MOVE,DataSlip_4
1542,3,MOVE,DataSlip_15
1542,1,MOVE,DataSlip_25
1542,3,MOVE,DataSlip_4
1543,3,MOVE,DataSlip_20
1544,3,NORMAL,DataSlip_20
1547,1,NORMAL,DataSlip_25
1548,3,MOVE,DataSlip_5
1550,1,SHRINK,DataSlip_25
1550,3,NORMAL,DataSlip_5
1552,1,MOVE,DataSlip_25
1552,2,MOVE,DataSlip_20
1553,2,SHRINK,DataSlip_20
1553,3,ROTATE,DataSlip_5
1553,1,MOVE,DataSlip_25
1555,1,MOVE,DataSlip_25
1555,2,MOVE,DataSlip_20
1555,1,MOVE,DataSlip_25
1555,3,MOVE,DataSlip_5
1556,1,DELETE_RELATION,DataSlip_14-
1556,1,CREATE_OBJECT,DataSlip_14-DataSlip_25-
1556,1,UPDATE_RELATION,DataSlip_14-DataSlip_25-
1556,1,MOVE,DataSlip_5
1559,1,SHRINK,DataSlip_5
1560,1,MOVE,DataSlip_5
1564,3,UPDATE_RELATION,DataSlip_5-DataSlip_14-DataSlip_25-
1564,3,MOVE,Sticker_1
1565,1,MOVE,DataSlip_17-DataSlip_3-DataSlip_8-DataSlip_9-DataSlip_26-
1568,1,MOVE,DataSlip_13
1568,1,MOVE,DataSlip_20
1570,1,NORMAL,DataSlip_20
1571,2,MOVE,DataSlip_4
1571,3,NORMAL,DataSlip_7
1572,1,MOVE,DataSlip_20
1573,2,SHRINK,DataSlip_4
1575,3,MOVE,DataSlip_7
1575,1,ENLARGE,DataSlip_20
1575,2,MOVE,DataSlip_4
1575,1,NORMAL,DataSlip_20
1576,1,ROTATE,DataSlip_20
1576,3,MOVE,DataSlip_18
1577,3,MOVE,DataSlip_7
1578,1,NORMAL,DataSlip_20
1579,3,MOVE,DataSlip_18
1579,1,SHRINK,DataSlip_20
1580,1,MOVE,DataSlip_20
1583,3,MOVE,DataSlip_15
1583,1,MOVE,DataSlip_7
1585,1,SHRINK,DataSlip_7
1585,3,CREATE_OBJECT,Sticker_8
1587,3,UPDATE_RELATION,DataSlip_7-DataSlip_5-DataSlip_14-DataSlip_25-
1587,3,MOVE,Sticker_8
1588,1,MOVE,DataSlip_7-DataSlip_5-DataSlip_14-DataSlip_25-
1589,2,MOVE,DataSlip_22
1590,2,MOVE,DataSlip_22
1591,1,MOVE,DataSlip_7-DataSlip_5-DataSlip_14-DataSlip_25-
1592,2,UPDATE_RELATION,DataSlip_14-DataSlip_25-DataSlip_5-
1592,2,UPDATE_RELATION,DataSlip_7-DataSlip_14-DataSlip_25-DataSlip_5-
1592,2,MOVE,Sticker_8
1596,3,CREATE_OBJECT,Sticker_9
1596,1,MOVE,DataSlip_22
1597,2,MOVE,DataSlip_7-DataSlip_14-DataSlip_25-DataSlip_5-
1598,2,UPDATE_RELATION,DataSlip_14-DataSlip_25-DataSlip_5-
1598,2,MOVE,Sticker_8
1599,2,MOVE,DataSlip_7
1600,2,UPDATE_RELATION,DataSlip_14-DataSlip_25-DataSlip_5-DataSlip_7-
1600,2,MOVE,Sticker_8
1600,3,UPDATE_RELATION,DataSlip_11-DataSlip_1-DataSlip_14-DataSlip_25-DataSlip_5-DataSlip_7-
1600,3,MOVE,Sticker_9
1601,1,NORMAL,Relation_13
1601,1,MOVE,DataSlip_5-DataSlip_14-DataSlip_25-DataSlip_7-
1604,1,MOVE,DataSlip_11-DataSlip_1-DataSlip_14-DataSlip_25-DataSlip_5-DataSlip_7-
1610,3,NORMAL,Relation_11
1611,3,SHRINK,Relation_11
1616,1,MOVE,DataSlip_6
1617,1,MOVE,DataSlip_13
1618,1,MOVE,DataSlip_4
1619,3,MOVE,DataSlip_24
1621,3,MOVE,DataSlip_24
1621,1,MOVE,DataSlip_6
1622,3,NORMAL,DataSlip_24
1623,1,MOVE,DataSlip_10
1623,3,ROTATE,DataSlip_24
1624,3,MOVE,DataSlip_24
1625,1,NORMAL,DataSlip_10
1627,1,MOVE,DataSlip_10
1628,2,MOVE,DataSlip_24
1629,2,NORMAL,DataSlip_24
1630,2,ROTATE,DataSlip_24
1631,2,MOVE,DataSlip_24
1631,1,MOVE,DataSlip_10
1632,2,MOVE,DataSlip_21
1635,3,MOVE,DataSlip_21
1635,2,MOVE,DataSlip_2
1635,1,MOVE,DataSlip_6
1636,3,NORMAL,DataSlip_21
1637,1,NORMAL,DataSlip_6
1637,3,MOVE,DataSlip_21
1637,2,MOVE,DataSlip_2
1638,2,NORMAL,DataSlip_2
1638,1,MOVE,DataSlip_6
1639,1,MOVE,DataSlip_6
1640,1,MOVE,DataSlip_6
1640,2,MOVE,DataSlip_2
1644,2,SHRINK,DataSlip_2
1647,2,MOVE,DataSlip_2
1649,1,SHRINK,DataSlip_6
1649,2,MOVE,DataSlip_15
1651,2,SHRINK,DataSlip_15
1652,1,MOVE,DataSlip_6
1653,2,NORMAL,DataSlip_24
1654,2,ROTATE,DataSlip_24
1656,2,SHRINK,DataSlip_24
1657,2,MOVE,DataSlip_24
1658,3,MOVE,DataSlip_21
1659,2,SHRINK,DataSlip_18
1665,2,MOVE,DataSlip_18
1666,2,NORMAL,DataSlip_18
1667,1,MOVE,DataSlip_21
1668,2,ROTATE,DataSlip_18
1669,2,MOVE,DataSlip_18
1670,3,MOVE,DataSlip_22
1671,1,MOVE,DataSlip_21
1671,3,MOVE,DataSlip_19
1672,2,MOVE,DataSlip_16
1673,3,NORMAL,DataSlip_12
1673,2,CREATE_OBJECT,Sticker_10
1674,1,MOVE,DataSlip_21
1675,3,MOVE,DataSlip_12
1675,2,CREATE_OBJECT,DataSlip_16-DataSlip_24-
1675,2,UPDATE_RELATION,DataSlip_16-DataSlip_24-
1675,2,MOVE,Sticker_10
1676,2,DELETE_RELATION,DataSlip_16-DataSlip_24-
1676,2,CREATE_OBJECT,DataSlip_16-DataSlip_24-
1676,2,UPDATE_RELATION,DataSlip_16-DataSlip_24-
1676,2,MOVE,Sticker_10
1677,2,CREATE_OBJECT,Sticker_11
1679,1,SHRINK,DataSlip_21
1680,1,NORMAL,DataSlip_21
1680,2,MOVE,Sticker_11
1680,1,NORMAL,DataSlip_21
1681,2,UPDATE_RELATION,DataSlip_16-DataSlip_24-DataSlip_15-
1681,2,MOVE,Sticker_11
1682,1,MOVE,DataSlip_21
1683,2,CREATE_OBJECT,Sticker_12
1683,3,MOVE,DataSlip_12
1684,1,MOVE,DataSlip_21
1685,2,UPDATE_RELATION,DataSlip_16-DataSlip_24-DataSlip_15-DataSlip_18-
1685,2,MOVE,Sticker_12
1686,1,MOVE,DataSlip_12
1690,1,SHRINK,DataSlip_12
1690,3,MOVE,DataSlip_19
1692,1,MOVE,DataSlip_12
1692,2,MOVE,DataSlip_16-DataSlip_24-DataSlip_15-DataSlip_18-
1693,1,MOVE,DataSlip_22
1695,2,MOVE,DataSlip_22
1695,1,MOVE,DataSlip_12
1698,2,CREATE_OBJECT,Sticker_13
1698,1,MOVE,DataSlip_19
1700,1,UPDATE_RELATION,DataSlip_24-DataSlip_15-DataSlip_18-
1700,1,CREATE_OBJECT,DataSlip_19-
1700,1,UPDATE_RELATION,DataSlip_19-
1700,1,MOVE,Sticker_10
1700,2,MOVE,Sticker_13
1702,1,MOVE,DataSlip_16
1704,1,MOVE,DataSlip_24-DataSlip_15-DataSlip_18-
1720,2,MOVE,DataSlip_2
1723,1,NORMAL,Relation_15
1725,2,UPDATE_RELATION,DataSlip_24-DataSlip_15-
1725,2,MOVE,Sticker_12
1726,1,MOVE,DataSlip_24-DataSlip_15-
1726,2,MOVE,Sticker_12
1727,1,DELETE_RELATION,DataSlip_24-DataSlip_15-
1727,1,MOVE,Sticker_11
1728,1,MOVE,DataSlip_19-
1729,2,MOVE,Sticker_12
1730,2,MOVE,Sticker_13
1732,1,MOVE,DataSlip_24
1733,3,MOVE,DataSlip_2
1733,2,CREATE_OBJECT,DataSlip_2-
1733,2,UPDATE_RELATION,DataSlip_2-
1733,2,MOVE,Sticker_13
1734,1,MOVE,DataSlip_24
1734,3,MOVE,DataSlip_2-
1735,2,DELETE_RELATION,DataSlip_2-
1735,2,CREATE_OBJECT,DataSlip_2-
1735,2,UPDATE_RELATION,DataSlip_2-
1735,2,MOVE,Sticker_13
1735,3,MOVE,Relation_17
1735,2,DELETE_RELATION,DataSlip_2-
1735,2,CREATE_OBJECT,DataSlip_2-
1735,2,UPDATE_RELATION,DataSlip_2-
1735,2,MOVE,Sticker_13
1737,2,MOVE,DataSlip_2-
1738,3,MOVE,DataSlip_2-
1739,3,DELETE_RELATION,DataSlip_2-
1739,3,CREATE_OBJECT,DataSlip_2-DataSlip_24-
1739,3,UPDATE_RELATION,DataSlip_2-DataSlip_24-
1739,2,UPDATE_RELATION,DataSlip_2-DataSlip_24-
1739,2,MOVE,Sticker_12
1740,3,MOVE,DataSlip_2-DataSlip_24-
1741,2,MOVE,DataSlip_4
1742,1,UPDATE_RELATION,DataSlip_24-
1742,1,MOVE,Sticker_13
1743,1,MOVE,DataSlip_24-
1743,3,DELETE_RELATION,DataSlip_24-
1743,3,CREATE_OBJECT,DataSlip_24-
1743,3,UPDATE_RELATION,DataSlip_24-
1743,3,MOVE,Sticker_12
1743,1,MOVE,DataSlip_24-
1744,1,DELETE_RELATION,DataSlip_24-
1744,1,MOVE,Sticker_12
1745,1,MOVE,DataSlip_24
1747,1,MOVE,Trash
1747,1,MOVE,DataSlip_18
1752,1,MOVE,DataSlip_24
1753,1,MOVE,DataSlip_19-
1754,1,MOVE,DataSlip_21
1755,3,MOVE,DataSlip_22
1755,2,MOVE,Trash
1755,1,MOVE,DataSlip_17-DataSlip_3-DataSlip_8-DataSlip_9-DataSlip_26-
1756,1,MOVE,DataSlip_10
1766,1,MOVE,DataSlip_17-DataSlip_3-DataSlip_8-DataSlip_9-DataSlip_26-
1767,1,MOVE,DataSlip_22
1769,1,MOVE,DataSlip_10
1773,1,MOVE,DataSlip_17-DataSlip_3-DataSlip_8-DataSlip_9-DataSlip_26-
1775,1,MOVE,DataSlip_21
1776,3,SHRINK,DataSlip_22
1777,1,MOVE,DataSlip_17-DataSlip_3-DataSlip_8-DataSlip_9-DataSlip_26-
1779,3,MOVE,DataSlip_22
1780,1,MOVE,DataSlip_19-
1781,3,CREATE_OBJECT,Sticker_14
1783,3,UPDATE_RELATION,DataSlip_17-DataSlip_3-DataSlip_8-DataSlip_9-DataSlip_26-DataSlip_22-
1783,3,MOVE,Sticker_14
1784,1,MOVE,DataSlip_19-
1786,1,MOVE,DataSlip_21
1787,2,ENLARGE,Sticker_10
1787,2,DELETE_RELATION,DataSlip_19-
1787,2,CREATE_OBJECT,DataSlip_19-
1787,2,UPDATE_RELATION,DataSlip_19-
1787,3,MOVE,DataSlip_11-DataSlip_1-DataSlip_14-DataSlip_25-DataSlip_7-DataSlip_5-
1789,3,MOVE,DataSlip_12
1792,1,MOVE,DataSlip_21
1793,2,DELETE_RELATION,DataSlip_19-
1796,2,MOVE,Trash
1801,2,MOVE,DataSlip_18
1806,3,CREATE_OBJECT,Sticker_15
1807,1,MOVE,DataSlip_24
1814,3,UPDATE_RELATION,DataSlip_12-DataSlip_11-DataSlip_1-DataSlip_14-DataSlip_25-DataSlip_7-DataSlip_5-
1814,3,MOVE,Sticker_15
1817,3,MOVE,DataSlip_24
1820,3,MOVE,DataSlip_24
1821,1,MOVE,DataSlip_21
1826,2,MOVE,DataSlip_19
1827,2,SHRINK,DataSlip_19
1829,2,MOVE,DataSlip_19
1836,2,MOVE,DataSlip_4
1838,1,MOVE,DataSlip_21
1838,2,MOVE,DataSlip_4
1839,1,MOVE,DataSlip_10
1840,2,MOVE,DataSlip_19
1841,1,MOVE,DataSlip_19
1843,2,MOVE,DataSlip_19
1844,2,MOVE,DataSlip_19
1854,2,MOVE,DataSlip_16
1857,2,MOVE,DataSlip_16
1858,2,MOVE,DataSlip_16
1860,1,MOVE,DataSlip_21
1863,1,MOVE,DataSlip_10
1864,3,MOVE,DataSlip_24
1867,2,SHRINK,DataSlip_21
1868,1,MOVE,DataSlip_10
1869,1,MOVE,DataSlip_10
1871,2,MOVE,DataSlip_21
1871,1,MOVE,DataSlip_17-DataSlip_3-DataSlip_8-DataSlip_9-DataSlip_26-DataSlip_22-
1872,3,NORMAL,DataSlip_6
1873,1,MOVE,DataSlip_20
1873,3,MOVE,DataSlip_6
1874,2,MOVE,DataSlip_10
1877,2,MOVE,DataSlip_6
1878,2,MOVE,DataSlip_6
1879,2,SHRINK,DataSlip_6
1886,2,MOVE,DataSlip_6
1891,3,ENLARGE,DataSlip_20
1893,2,MOVE,DataSlip_6
1894,3,MOVE,DataSlip_20
1895,2,MOVE,DataSlip_6
1896,3,MOVE,DataSlip_20
1897,2,ENLARGE,DataSlip_6
1898,2,MOVE,DataSlip_6
1899,3,MOVE,DataSlip_20
1899,2,ENLARGE,DataSlip_6
1900,2,NORMAL,DataSlip_6
1901,3,MOVE,DataSlip_20
1906,3,NORMAL,DataSlip_20
1907,2,ROTATE,DataSlip_6
1907,3,MOVE,DataSlip_20
1909,2,SHRINK,DataSlip_6
1910,2,MOVE,DataSlip_6
1912,1,MOVE,DataSlip_6
1915,3,MOVE,DataSlip_20
1916,2,CREATE_OBJECT,Sticker_16
1917,3,MOVE,DataSlip_10
1918,2,UPDATE_RELATION,DataSlip_6-DataSlip_12-DataSlip_11-DataSlip_1-DataSlip_14-DataSlip_25-DataSlip_7-DataSlip_5-
1918,2,MOVE,Sticker_16
1920,3,ENLARGE,DataSlip_13
1920,2,CREATE_OBJECT,Sticker_17
1920,1,MOVE,DataSlip_19
1921,3,MOVE,DataSlip_13
1923,2,CREATE_OBJECT,Sticker_18
1924,1,MOVE,DataSlip_13
1925,2,CREATE_OBJECT,Sticker_19
1926,1,MOVE,DataSlip_20
1926,1,MOVE,DataSlip_20
1928,1,MOVE,DataSlip_10
1928,2,CREATE_OBJECT,DataSlip_20-
1928,2,UPDATE_RELATION,DataSlip_20-
1928,1,MOVE,DataSlip_10
1930,1,MOVE,DataSlip_15
1930,3,NORMAL,DataSlip_13
1931,1,MOVE,DataSlip_19
1932,3,MOVE,DataSlip_13
1932,2,DELETE_RELATION,DataSlip_20-
1932,2,MOVE,Sticker_19
1933,2,MOVE,Sticker_18
1934,1,MOVE,DataSlip_19
1936,2,CREATE_OBJECT,DataSlip_18-
1936,2,UPDATE_RELATION,DataSlip_18-
1936,2,MOVE,Sticker_17
1936,3,NORMAL,Relation_8
1937,2,CREATE_OBJECT,DataSlip_10-
1937,2,UPDATE_RELATION,DataSlip_10-
1937,2,MOVE,Sticker_19
1938,2,UPDATE_RELATION,DataSlip_10-
1938,2,MOVE,Sticker_18
1939,3,MOVE,DataSlip_26-DataSlip_17-DataSlip_3-DataSlip_8-DataSlip_9-DataSlip_22-
1940,1,UPDATE_RELATION,Relation_25
1940,1,CREATE_OBJECT,DataSlip_20-DataSlip_21-DataSlip_2-
1940,1,UPDATE_RELATION,DataSlip_20-DataSlip_21-DataSlip_2-
1940,1,MOVE,Sticker_18
1940,2,DELETE_RELATION,Relation_25
1940,3,MOVE,DataSlip_26-DataSlip_17-DataSlip_3-DataSlip_8-DataSlip_9-DataSlip_22-
1941,2,DELETE_RELATION,DataSlip_18-
1942,3,NORMAL,Relation_8
1942,1,MOVE,DataSlip_19
1943,2,MOVE,DataSlip_20-DataSlip_21-DataSlip_2-
1944,1,MOVE,DataSlip_19
1945,2,MOVE,DataSlip_19
1945,1,MOVE,DataSlip_13
1946,1,MOVE,DataSlip_13
1948,3,NORMAL,Relation_8
1949,2,SHRINK,Relation_26
1950,3,NORMAL,Relation_8
1951,2,MOVE,DataSlip_21-DataSlip_2-DataSlip_20-
1951,3,NORMAL,Relation_8
1953,2,DELETE_RELATION,DataSlip_21-DataSlip_2-DataSlip_20-
1954,1,NORMAL,DataSlip_13
1954,1,ROTATE,DataSlip_13
1954,2,MOVE,DataSlip_21
1955,2,MOVE,DataSlip_2
1956,3,NORMAL,Relation_8
1956,2,MOVE,DataSlip_20
1957,1,NORMAL,DataSlip_13
1958,1,ROTATE,DataSlip_13
1959,1,MOVE,DataSlip_13
1959,3,NORMAL,Relation_8
1961,1,MOVE,DataSlip_13
1962,3,MOVE,DataSlip_24
1969,3,MOVE,DataSlip_17-DataSlip_3-DataSlip_8-DataSlip_9-DataSlip_22-DataSlip_26-
1971,3,SHRINK,Relation_8
1979,1,MOVE,DataSlip_13
1980,3,MOVE,DataSlip_18
1981,1,MOVE,DataSlip_13
1982,1,MOVE,DataSlip_10
1982,3,SHRINK,DataSlip_18
1983,1,MOVE,DataSlip_10
1983,3,NORMAL,DataSlip_18
1984,3,MOVE,DataSlip_18
2006,1,MOVE,DataSlip_15
2012,1,MOVE,DataSlip_17-DataSlip_3-DataSlip_8-DataSlip_9-DataSlip_22-DataSlip_26-
2014,1,MOVE,DataSlip_16
2015,1,MOVE,DataSlip_13
2018,1,MOVE,DataSlip_17-DataSlip_3-DataSlip_8-DataSlip_9-DataSlip_22-DataSlip_26-
2019,2,UPDATE_RELATION,DataSlip_17-DataSlip_3-DataSlip_8-DataSlip_9-DataSlip_22-
2019,2,UPDATE_RELATION,DataSlip_17-DataSlip_3-DataSlip_8-DataSlip_9-DataSlip_22-
2019,2,MOVE,Sticker_0
2019,2,MOVE,DataSlip_4
2021,1,MOVE,DataSlip_17-DataSlip_3-DataSlip_8-DataSlip_9-DataSlip_22-
2022,2,UPDATE_RELATION,DataSlip_17-DataSlip_3-DataSlip_8-DataSlip_9-DataSlip_22-
2022,2,CREATE_OBJECT,DataSlip_20-
2022,2,UPDATE_RELATION,DataSlip_20-
2022,2,MOVE,Sticker_0
2024,2,MOVE,DataSlip_20-
2025,2,DELETE_RELATION,DataSlip_20-
2025,2,CREATE_OBJECT,DataSlip_13-
2025,2,UPDATE_RELATION,DataSlip_13-
2025,2,MOVE,Sticker_0
2027,2,CREATE_OBJECT,Sticker_20
2028,3,MOVE,DataSlip_18
2028,1,MOVE,DataSlip_17-DataSlip_3-DataSlip_8-DataSlip_9-DataSlip_22-
2030,2,UPDATE_RELATION,DataSlip_6-DataSlip_12-DataSlip_11-DataSlip_1-DataSlip_14-DataSlip_25-DataSlip_7-DataSlip_5-DataSlip_17-DataSlip_3-DataSlip_8-DataSlip_9-DataSlip_22-
2030,2,MOVE,Sticker_20
2031,3,MOVE,DataSlip_15
2033,3,NORMAL,DataSlip_15
2034,2,DELETE_RELATION,DataSlip_13-
2034,2,CREATE_OBJECT,DataSlip_13-DataSlip_10-
2034,2,UPDATE_RELATION,DataSlip_13-DataSlip_10-
2034,2,MOVE,Sticker_0
2034,1,MOVE,DataSlip_13-DataSlip_10-
2035,3,MOVE,DataSlip_15
2036,1,MOVE,DataSlip_13-DataSlip_10-
2037,1,DELETE_RELATION,DataSlip_13-DataSlip_10-
2037,1,CREATE_OBJECT,DataSlip_13-DataSlip_10-
2037,1,UPDATE_RELATION,DataSlip_13-DataSlip_10-
2037,1,MOVE,Sticker_0
2038,2,MOVE,Relation_29
2038,1,DELETE_RELATION,DataSlip_13-DataSlip_10-
2040,2,MOVE,Relation_30
2041,2,MOVE,DataSlip_13
2049,2,NORMAL,DataSlip_13
2051,2,ROTATE,DataSlip_13
2052,2,SHRINK,DataSlip_13
2056,2,MOVE,DataSlip_13
2058,2,MOVE,DataSlip_16
2058,1,MOVE,DataSlip_15
2060,1,ENLARGE,DataSlip_15
2061,2,MOVE,DataSlip_16
2062,1,MOVE,DataSlip_15
2067,1,MOVE,DataSlip_15
2069,2,MOVE,DataSlip_15
2072,2,MOVE,DataSlip_15
2073,2,SHRINK,DataSlip_15
2092,1,MOVE,DataSlip_15
2097,1,MOVE,DataSlip_15
2098,1,MOVE,DataSlip_10
2098,2,MOVE,Note_0
2104,1,MOVE,DataSlip_10
2114,1,MOVE,DataSlip_18
2116,3,MOVE,DataSlip_24
2141,3,UPDATE_RELATION,DataSlip_11-DataSlip_1-DataSlip_14-DataSlip_25-DataSlip_7-DataSlip_12-DataSlip_6-DataSlip_17-DataSlip_3-DataSlip_8-DataSlip_9-DataSlip_22-
2141,3,MOVE,Sticker_1
2142,3,MOVE,DataSlip_5
2143,3,MOVE,DataSlip_11-DataSlip_1-DataSlip_14-DataSlip_25-DataSlip_7-DataSlip_12-DataSlip_6-DataSlip_17-DataSlip_3-DataSlip_8-DataSlip_9-DataSlip_22-
2144,3,CREATE_OBJECT,DataSlip_14-DataSlip_25-DataSlip_7-DataSlip_12-DataSlip_6-DataSlip_17-DataSlip_3-DataSlip_8-DataSlip_9-DataSlip_22-
2144,3,UPDATE_RELATION,DataSlip_14-DataSlip_25-DataSlip_7-DataSlip_12-DataSlip_6-DataSlip_17-DataSlip_3-DataSlip_8-DataSlip_9-DataSlip_22-
2144,3,UPDATE_RELATION,DataSlip_11-DataSlip_1-
2144,3,UPDATE_RELATION,DataSlip_11-DataSlip_1-DataSlip_14-DataSlip_25-DataSlip_7-DataSlip_12-DataSlip_6-DataSlip_17-DataSlip_3-DataSlip_8-DataSlip_9-DataSlip_22-
2144,3,MOVE,Sticker_9
2145,3,UPDATE_RELATION,DataSlip_14-DataSlip_25-DataSlip_7-DataSlip_12-DataSlip_6-DataSlip_17-DataSlip_3-DataSlip_8-DataSlip_9-DataSlip_22-DataSlip_11-
2145,3,MOVE,Sticker_5
2146,2,MOVE,DataSlip_14-DataSlip_25-DataSlip_7-DataSlip_12-DataSlip_6-DataSlip_17-DataSlip_3-DataSlip_8-DataSlip_9-DataSlip_22-DataSlip_11-
2148,1,UPDATE_RELATION,DataSlip_14-DataSlip_25-DataSlip_7-DataSlip_12-DataSlip_6-DataSlip_17-DataSlip_3-DataSlip_8-DataSlip_9-DataSlip_22-
2148,1,MOVE,Sticker_9
2149,2,UPDATE_RELATION,DataSlip_25-DataSlip_7-DataSlip_12-DataSlip_6-DataSlip_17-DataSlip_3-DataSlip_8-DataSlip_9-DataSlip_22-
2149,2,MOVE,Sticker_7
2150,2,UPDATE_RELATION,DataSlip_7-DataSlip_12-DataSlip_6-DataSlip_17-DataSlip_3-DataSlip_8-DataSlip_9-DataSlip_22-
2150,2,MOVE,Sticker_8
2151,2,UPDATE_RELATION,DataSlip_12-DataSlip_6-DataSlip_17-DataSlip_3-DataSlip_8-DataSlip_9-DataSlip_22-
2151,2,MOVE,Sticker_15
2152,2,UPDATE_RELATION,DataSlip_17-DataSlip_3-DataSlip_8-DataSlip_9-DataSlip_22-DataSlip_6-
2152,2,MOVE,Sticker_16
2156,1,MOVE,DataSlip_17-DataSlip_3-DataSlip_8-DataSlip_9-DataSlip_22-DataSlip_6-
2159,2,MOVE,DataSlip_1
2160,3,NORMAL,Relation_11
2160,2,MOVE,DataSlip_14
2161,2,MOVE,DataSlip_12
2161,3,MOVE,DataSlip_6-DataSlip_17-DataSlip_3-DataSlip_8-DataSlip_9-DataSlip_22-
2161,2,NORMAL,DataSlip_7
2162,2,ROTATE,DataSlip_7
2163,2,MOVE,DataSlip_25
2164,2,MOVE,DataSlip_25
2164,1,MOVE,DataSlip_10
2164,3,MOVE,DataSlip_6-DataSlip_17-DataSlip_3-DataSlip_8-DataSlip_9-DataSlip_22-
2165,2,MOVE,DataSlip_7
2167,2,CREATE_OBJECT,DataSlip_12-
2167,2,UPDATE_RELATION,DataSlip_12-
2167,2,MOVE,Sticker_1
2167,1,MOVE,DataSlip_6-DataSlip_17-DataSlip_3-DataSlip_8-DataSlip_9-DataSlip_22-
2169,1,SHRINK,Relation_11
2169,1,NORMAL,Relation_11
2169,1,ROTATE,DataSlip_6-DataSlip_17-DataSlip_3-DataSlip_8-DataSlip_9-DataSlip_22-
2170,2,MOVE,DataSlip_14
2171,2,DELETE_RELATION,DataSlip_12-
2171,2,CREATE_OBJECT,DataSlip_14-DataSlip_1-
2171,2,UPDATE_RELATION,DataSlip_14-DataSlip_1-
2171,2,MOVE,Sticker_1
2172,1,MOVE,DataSlip_6-DataSlip_17-DataSlip_3-DataSlip_8-DataSlip_9-DataSlip_22-
2174,2,MOVE,DataSlip_12
2175,1,NORMAL,Relation_11
2175,2,CREATE_OBJECT,Sticker_21
2178,2,MOVE,Sticker_21
2179,1,NORMAL,Relation_11
2180,2,CREATE_OBJECT,DataSlip_12-
2180,2,UPDATE_RELATION,DataSlip_12-
2180,2,MOVE,Sticker_21
2181,2,DELETE_RELATION,DataSlip_12-
2181,2,CREATE_OBJECT,DataSlip_12-
2181,2,UPDATE_RELATION,DataSlip_12-
2181,2,MOVE,Sticker_21
2182,2,MOVE,DataSlip_7
2182,1,NORMAL,Relation_11
2183,1,ROTATE,DataSlip_6-DataSlip_17-DataSlip_3-DataSlip_8-DataSlip_9-DataSlip_22-
2183,2,DELETE_RELATION,DataSlip_12-
2183,2,UPDATE_RELATION,DataSlip_12-DataSlip_14-DataSlip_1-
2183,2,MOVE,Sticker_21
2184,2,MOVE,DataSlip_12-DataSlip_14-DataSlip_1-
2186,1,NORMAL,Sticker_20
2191,1,UPDATE_RELATION,DataSlip_17-DataSlip_3-DataSlip_8-DataSlip_9-DataSlip_22-
2191,1,UPDATE_RELATION,DataSlip_6-DataSlip_17-DataSlip_3-DataSlip_8-DataSlip_9-DataSlip_22-
2191,1,ROTATE,Sticker_20
2192,1,MOVE,DataSlip_6-DataSlip_17-DataSlip_3-DataSlip_8-DataSlip_9-DataSlip_22-
2195,1,NORMAL,Relation_11
2199,1,NORMAL,Relation_11
2200,1,ROTATE,DataSlip_6-DataSlip_17-DataSlip_3-DataSlip_8-DataSlip_9-DataSlip_22-
2208,1,MOVE,DataSlip_6-DataSlip_17-DataSlip_3-DataSlip_8-DataSlip_9-DataSlip_22-
2210,2,MOVE,DataSlip_7
2211,2,CREATE_OBJECT,Sticker_22
2213,2,CREATE_OBJECT,DataSlip_7-DataSlip_25-
2213,2,UPDATE_RELATION,DataSlip_7-DataSlip_25-
2213,2,MOVE,Sticker_22
2214,2,DELETE_RELATION,DataSlip_7-DataSlip_25-
2214,2,UPDATE_RELATION,DataSlip_7-DataSlip_12-DataSlip_14-DataSlip_1-
2214,2,MOVE,Sticker_22
2215,2,UPDATE_RELATION,DataSlip_14-DataSlip_1-DataSlip_12-
2215,2,UPDATE_RELATION,DataSlip_7-DataSlip_14-DataSlip_1-DataSlip_12-
2216,2,CREATE_OBJECT,Sticker_23
2218,2,MOVE,Sticker_23
2219,2,MOVE,DataSlip_25
2220,2,UPDATE_RELATION,DataSlip_25-DataSlip_7-DataSlip_14-DataSlip_1-DataSlip_12-
2220,2,MOVE,Sticker_23
2221,2,UPDATE_RELATION,DataSlip_14-DataSlip_1-DataSlip_12-DataSlip_7-
2221,2,UPDATE_RELATION,DataSlip_25-DataSlip_14-DataSlip_1-DataSlip_12-DataSlip_7-
2221,2,MOVE,Sticker_23
2223,2,MOVE,DataSlip_25-DataSlip_14-DataSlip_1-DataSlip_12-DataSlip_7-
2224,2,MOVE,DataSlip_11
2230,1,MOVE,DataSlip_18
2234,3,NORMAL,DataSlip_5
2236,3,MOVE,DataSlip_5
2238,2,MOVE,DataSlip_5
2240,2,NORMAL,DataSlip_5
2241,2,ROTATE,DataSlip_5
2243,2,MOVE,DataSlip_5
2243,2,NORMAL,DataSlip_5
2244,2,ROTATE,DataSlip_5
2245,2,MOVE,DataSlip_5
2246,2,MOVE,DataSlip_5
2247,2,MOVE,DataSlip_5
2248,2,NORMAL,DataSlip_5
2250,2,ROTATE,DataSlip_5
2251,2,MOVE,DataSlip_5
2252,2,SHRINK,DataSlip_5
2254,2,MOVE,DataSlip_5
2255,2,UPDATE_RELATION,DataSlip_5-DataSlip_25-DataSlip_14-DataSlip_1-DataSlip_12-DataSlip_7-
2255,2,MOVE,Sticker_5
2257,2,MOVE,DataSlip_5-DataSlip_25-DataSlip_14-DataSlip_1-DataSlip_12-DataSlip_7-
2257,3,UPDATE_RELATION,DataSlip_14-DataSlip_1-DataSlip_12-DataSlip_7-DataSlip_25-
2257,3,UPDATE_RELATION,DataSlip_5-DataSlip_14-DataSlip_1-DataSlip_12-DataSlip_7-DataSlip_25-
2258,3,MOVE,Sticker_5
2258,2,MOVE,DataSlip_5-DataSlip_14-DataSlip_1-DataSlip_12-DataSlip_7-DataSlip_25-
2259,3,MOVE,DataSlip_5-DataSlip_14-DataSlip_1-DataSlip_12-DataSlip_7-DataSlip_25-
2260,3,MOVE,DataSlip_5-DataSlip_14-DataSlip_1-DataSlip_12-DataSlip_7-DataSlip_25-
2260,2,UPDATE_RELATION,DataSlip_14-DataSlip_1-DataSlip_12-DataSlip_7-DataSlip_25-
2260,2,CREATE_OBJECT,DataSlip_5-
2260,2,UPDATE_RELATION,DataSlip_5-
2260,2,MOVE,Sticker_5
2260,3,MOVE,DataSlip_5-
2261,3,DELETE_RELATION,DataSlip_5-
2261,3,CREATE_OBJECT,DataSlip_5-
2261,3,UPDATE_RELATION,DataSlip_5-
2261,3,MOVE,Sticker_5
2262,3,DELETE_RELATION,DataSlip_5-
2262,3,CREATE_OBJECT,DataSlip_5-
2262,3,UPDATE_RELATION,DataSlip_5-
2262,3,MOVE,Sticker_5
2263,3,MOVE,DataSlip_5-
2264,3,MOVE,DataSlip_14-DataSlip_1-DataSlip_12-DataSlip_7-DataSlip_25-
2265,3,MOVE,DataSlip_5-
2266,3,NORMAL,Relation_47
2267,3,ROTATE,DataSlip_5-
2270,3,CREATE_OBJECT,Sticker_24
2271,1,NORMAL,Relation_11
2272,3,UPDATE_RELATION,DataSlip_14-DataSlip_1-DataSlip_12-DataSlip_7-DataSlip_25-DataSlip_5-
2272,3,MOVE,Sticker_24
2274,1,ROTATE,DataSlip_3-DataSlip_6-DataSlip_17-DataSlip_8-DataSlip_9-DataSlip_22-
2275,2,UPDATE_RELATION,DataSlip_14-DataSlip_1-DataSlip_12-DataSlip_7-DataSlip_25-DataSlip_5-
2275,2,MOVE,Sticker_5
2277,2,MOVE,Sticker_16
2278,1,MOVE,DataSlip_3-DataSlip_6-DataSlip_17-DataSlip_8-DataSlip_9-DataSlip_22-
2279,2,NORMAL,Sticker_5
2280,2,ROTATE,Sticker_5
2281,1,UPDATE_RELATION,DataSlip_14-DataSlip_1-DataSlip_12-DataSlip_7-DataSlip_25-DataSlip_5-DataSlip_3-DataSlip_6-DataSlip_17-DataSlip_8-DataSlip_9-DataSlip_22-
2281,1,MOVE,Sticker_15
2282,2,MOVE,Sticker_5
2284,2,MOVE,Sticker_8
2286,3,MOVE,DataSlip_24
2287,2,MOVE,Sticker_7
2290,2,MOVE,Sticker_9
2295,3,MOVE,DataSlip_15
2303,3,MOVE,DataSlip_20
2303,1,CREATE_OBJECT,DataSlip_26-
2303,1,UPDATE_RELATION,DataSlip_26-
2303,1,MOVE,Sticker_9
2304,3,NORMAL,DataSlip_20
2305,1,CREATE_OBJECT,DataSlip_10-
2305,1,UPDATE_RELATION,DataSlip_10-
2306,3,MOVE,DataSlip_20
2307,2,UPDATE_RELATION,DataSlip_10-
2307,1,MOVE,Trash
2308,1,MOVE,Trash
2309,2,DELETE_RELATION,DataSlip_26-
2309,1,MOVE,Trash
2310,1,MOVE,Trash
2311,3,SHRINK,DataSlip_20
2311,1,MOVE,Trash
2312,1,UPDATE_RELATION,Relation_49
2312,1,CREATE_OBJECT,DataSlip_10-
2312,1,UPDATE_RELATION,DataSlip_10-
2312,3,MOVE,DataSlip_20
2314,1,DELETE_RELATION,Relation_49
2314,1,UPDATE_RELATION,DataSlip_10-
2314,2,MOVE,DataSlip_10-
2315,1,MOVE,Trash
2316,2,UPDATE_RELATION,DataSlip_10-
2317,2,MOVE,DataSlip_10-
2317,2,DELETE_RELATION,DataSlip_10-
2319,3,MOVE,DataSlip_20
2322,2,MOVE,Trash
2324,1,MOVE,Trash
2326,1,MOVE,DataSlip_20
2329,2,MOVE,Trash
2330,3,MOVE,DataSlip_21
2331,2,MOVE,Trash
2332,3,NORMAL,DataSlip_21
2345,3,MOVE,DataSlip_4
2346,2,ENLARGE,DataSlip_2
2346,2,NORMAL,DataSlip_2
2347,3,NORMAL,DataSlip_4
2348,2,MOVE,DataSlip_2
2348,3,MOVE,DataSlip_4
2349,2,SHRINK,DataSlip_2
2351,2,MOVE,DataSlip_2
2352,2,MOVE,DataSlip_19
2360,1,MOVE,DataSlip_4
2363,1,MOVE,DataSlip_21
2363,3,MOVE,DataSlip_4
2364,1,MOVE,DataSlip_15
2364,3,NORMAL,DataSlip_4
2366,3,NORMAL,DataSlip_4
2366,3,SHRINK,DataSlip_4
2369,3,MOVE,DataSlip_4
2370,1,MOVE,DataSlip_15
2371,3,CREATE_OBJECT,Sticker_25
2371,1,MOVE,DataSlip_15
2373,3,UPDATE_RELATION,DataSlip_4-DataSlip_14-DataSlip_1-DataSlip_12-DataSlip_7-DataSlip_25-DataSlip_5-DataSlip_3-DataSlip_6-DataSlip_17-DataSlip_8-DataSlip_9-DataSlip_22-
2373,3,MOVE,Sticker_25
2375,3,CREATE_OBJECT,Sticker_26
2379,3,UPDATE_RELATION,DataSlip_15-DataSlip_4-DataSlip_14-DataSlip_1-DataSlip_12-DataSlip_7-DataSlip_25-DataSlip_5-DataSlip_3-DataSlip_6-DataSlip_17-DataSlip_8-DataSlip_9-DataSlip_22-
2379,3,MOVE,Sticker_26
2385,2,MOVE,DataSlip_10
2385,1,MOVE,DataSlip_21
2386,2,SHRINK,DataSlip_10
2387,3,MOVE,DataSlip_21
2389,2,MOVE,DataSlip_10
2391,1,MOVE,DataSlip_18
2393,1,MOVE,DataSlip_20
2394,1,NORMAL,DataSlip_20
2395,1,MOVE,DataSlip_20
2396,2,MOVE,DataSlip_26
2396,1,MOVE,DataSlip_20
2397,2,MOVE,DataSlip_10
2398,1,MOVE,DataSlip_20
2415,1,MOVE,DataSlip_20
2416,3,MOVE,DataSlip_21
2418,1,MOVE,DataSlip_18
2419,3,MOVE,DataSlip_21
2421,3,MOVE,DataSlip_21
2424,1,MOVE,DataSlip_18
2430,1,NORMAL,DataSlip_18
2432,2,MOVE,DataSlip_18
2433,2,SHRINK,DataSlip_18
2435,2,MOVE,DataSlip_18
2438,2,CREATE_OBJECT,Sticker_27
2440,2,UPDATE_RELATION,DataSlip_18-DataSlip_15-DataSlip_4-DataSlip_14-DataSlip_1-DataSlip_12-DataSlip_7-DataSlip_25-DataSlip_5-DataSlip_3-DataSlip_6-DataSlip_17-DataSlip_8-DataSlip_9-DataSlip_22-
2440,2,MOVE,Sticker_27
2442,2,MOVE,DataSlip_18-DataSlip_15-DataSlip_4-DataSlip_14-DataSlip_1-DataSlip_12-DataSlip_7-DataSlip_25-DataSlip_5-DataSlip_3-DataSlip_6-DataSlip_17-DataSlip_8-DataSlip_9-DataSlip_22-
2446,3,MOVE,DataSlip_26
2447,3,NORMAL,DataSlip_26
2453,2,UPDATE_RELATION,DataSlip_14-DataSlip_1-DataSlip_12-DataSlip_7-DataSlip_25-DataSlip_5-DataSlip_3-DataSlip_17-DataSlip_8-DataSlip_22-DataSlip_6-DataSlip_4-DataSlip_15-DataSlip_18-
2453,2,UPDATE_RELATION,DataSlip_9-DataSlip_14-DataSlip_1-DataSlip_12-DataSlip_7-DataSlip_25-DataSlip_5-DataSlip_3-DataSlip_17-DataSlip_8-DataSlip_22-DataSlip_6-DataSlip_4-DataSlip_15-DataSlip_18-
2453,2,MOVE,Sticker_4
2454,2,MOVE,DataSlip_9-DataSlip_14-DataSlip_1-DataSlip_12-DataSlip_7-DataSlip_25-DataSlip_5-DataSlip_3-DataSlip_17-DataSlip_8-DataSlip_22-DataSlip_6-DataSlip_4-DataSlip_15-DataSlip_18-
2455,2,UPDATE_RELATION,DataSlip_14-DataSlip_1-DataSlip_12-DataSlip_7-DataSlip_25-DataSlip_5-DataSlip_3-DataSlip_17-DataSlip_8-DataSlip_22-DataSlip_6-DataSlip_4-DataSlip_15-DataSlip_18-
2455,2,UPDATE_RELATION,DataSlip_14-DataSlip_1-DataSlip_12-DataSlip_7-DataSlip_25-DataSlip_5-DataSlip_3-DataSlip_17-DataSlip_8-DataSlip_22-DataSlip_6-DataSlip_4-DataSlip_15-DataSlip_18-
2455,2,MOVE,Sticker_4
2455,1,MOVE,DataSlip_16
2456,3,NORMAL,DataSlip_26
2456,2,MOVE,DataSlip_9
2456,1,MOVE,DataSlip_16
2458,3,MOVE,DataSlip_26
2458,1,ENLARGE,DataSlip_16
2459,2,UPDATE_RELATION,DataSlip_14-DataSlip_1-DataSlip_12-DataSlip_7-DataSlip_25-DataSlip_5-DataSlip_3-DataSlip_17-DataSlip_8-DataSlip_22-DataSlip_6-DataSlip_4-DataSlip_15-DataSlip_18-
2459,2,UPDATE_RELATION,DataSlip_14-DataSlip_1-DataSlip_12-DataSlip_7-DataSlip_25-DataSlip_5-DataSlip_3-DataSlip_17-DataSlip_8-DataSlip_22-DataSlip_6-DataSlip_4-DataSlip_15-DataSlip_18-
2459,2,MOVE,Sticker_4
2459,3,SHRINK,DataSlip_26
2461,1,MOVE,DataSlip_16
2463,2,MOVE,DataSlip_16
2464,3,SHRINK,Relation_41
2465,2,MOVE,DataSlip_9
2466,3,MOVE,DataSlip_14-DataSlip_1-DataSlip_12-DataSlip_25-DataSlip_5-DataSlip_3-DataSlip_17-DataSlip_8-DataSlip_22-DataSlip_6-DataSlip_4-DataSlip_15-DataSlip_18-DataSlip_7-
2466,2,MOVE,DataSlip_16
2467,3,NORMAL,Relation_41
2468,2,NORMAL,DataSlip_16
2470,1,MOVE,DataSlip_16
2472,1,MOVE,DataSlip_16
2472,3,MOVE,DataSlip_7-DataSlip_14-DataSlip_1-DataSlip_12-DataSlip_25-DataSlip_5-DataSlip_3-DataSlip_17-DataSlip_8-DataSlip_22-DataSlip_6-DataSlip_4-DataSlip_15-DataSlip_18-
2474,3,NORMAL,Relation_41
2475,3,SHRINK,Relation_41
2477,3,MOVE,DataSlip_26
2479,3,CREATE_OBJECT,Sticker_28
2482,3,UPDATE_RELATION,DataSlip_26-DataSlip_14-DataSlip_1-DataSlip_12-DataSlip_25-DataSlip_5-DataSlip_3-DataSlip_17-DataSlip_8-DataSlip_22-DataSlip_6-DataSlip_4-DataSlip_15-DataSlip_18-DataSlip_7-
2482,3,MOVE,Sticker_28
2486,1,MOVE,DataSlip_26-DataSlip_14-DataSlip_1-DataSlip_12-DataSlip_25-DataSlip_5-DataSlip_3-DataSlip_17-DataSlip_8-DataSlip_22-DataSlip_6-DataSlip_4-DataSlip_15-DataSlip_18-DataSlip_7-
2487,1,MOVE,DataSlip_11
2490,2,MOVE,DataSlip_20
2491,2,SHRINK,DataSlip_20
2492,2,MOVE,DataSlip_20
2493,2,MOVE,DataSlip_13
2493,1,MOVE,DataSlip_11
2494,2,MOVE,DataSlip_10
2497,3,MOVE,DataSlip_21
2498,1,MOVE,DataSlip_21
2500,3,MOVE,DataSlip_24
2504,1,MOVE,DataSlip_21
2505,1,MOVE,DataSlip_2
2508,1,SHRINK,DataSlip_2
2509,1,NORMAL,DataSlip_2
2509,3,MOVE,DataSlip_24
2510,2,MOVE,DataSlip_10
2512,1,NORMAL,DataSlip_2
2518,3,MOVE,DataSlip_24
2519,3,NORMAL,DataSlip_24
2520,3,SHRINK,DataSlip_24
2523,2,MOVE,DataSlip_10
2523,1,MOVE,DataSlip_2
2524,1,MOVE,DataSlip_2
2524,2,MOVE,DataSlip_10
2524,1,MOVE,DataSlip_2
2525,2,NORMAL,DataSlip_10
2525,3,MOVE,DataSlip_24
2526,1,MOVE,DataSlip_2
2526,2,MOVE,DataSlip_10
2529,3,CREATE_OBJECT,Sticker_29
2531,3,UPDATE_RELATION,DataSlip_24-DataSlip_26-DataSlip_14-DataSlip_1-DataSlip_12-DataSlip_25-DataSlip_5-DataSlip_3-DataSlip_17-DataSlip_8-DataSlip_22-DataSlip_6-DataSlip_4-DataSlip_15-DataSlip_18-DataSlip_7-
2531,3,MOVE,Sticker_29
2534,3,MOVE,DataSlip_2
2535,3,MOVE,DataSlip_2
2536,2,SHRINK,DataSlip_10
2536,3,MOVE,DataSlip_2
2536,1,MOVE,DataSlip_21
2537,2,MOVE,DataSlip_10
2537,3,MOVE,DataSlip_2
2541,1,MOVE,DataSlip_10
2542,3,MOVE,DataSlip_2
2543,1,MOVE,DataSlip_10
2546,2,NORMAL,DataSlip_10
2546,2,NORMAL,DataSlip_10
2547,3,CREATE_OBJECT,Sticker_30
2552,3,UPDATE_RELATION,DataSlip_24-DataSlip_26-DataSlip_14-DataSlip_1-DataSlip_12-DataSlip_25-DataSlip_5-DataSlip_3-DataSlip_17-DataSlip_8-DataSlip_22-DataSlip_6-DataSlip_4-DataSlip_15-DataSlip_18-DataSlip_7-
2552,3,MOVE,Sticker_30
2553,3,UPDATE_RELATION,DataSlip_14-DataSlip_1-DataSlip_12-DataSlip_7-DataSlip_25-DataSlip_5-DataSlip_3-DataSlip_17-DataSlip_8-DataSlip_22-DataSlip_6-DataSlip_4-DataSlip_15-DataSlip_18-DataSlip_26-DataSlip_24-
2553,3,UPDATE_RELATION,DataSlip_14-DataSlip_1-DataSlip_12-DataSlip_7-DataSlip_25-DataSlip_5-DataSlip_3-DataSlip_17-DataSlip_8-DataSlip_22-DataSlip_6-DataSlip_4-DataSlip_15-DataSlip_18-DataSlip_26-DataSlip_24-
2555,3,UPDATE_RELATION,DataSlip_14-DataSlip_1-DataSlip_12-DataSlip_7-DataSlip_25-DataSlip_5-DataSlip_3-DataSlip_17-DataSlip_8-DataSlip_22-DataSlip_6-DataSlip_4-DataSlip_15-DataSlip_18-DataSlip_26-DataSlip_24-
2555,3,UPDATE_RELATION,DataSlip_2-DataSlip_14-DataSlip_1-DataSlip_12-DataSlip_7-DataSlip_25-DataSlip_5-DataSlip_3-DataSlip_17-DataSlip_8-DataSlip_22-DataSlip_6-DataSlip_4-DataSlip_15-DataSlip_18-DataSlip_26-DataSlip_24-
2555,3,MOVE,Sticker_30
2555,2,MOVE,DataSlip_10
2559,2,MOVE,DataSlip_10
2560,2,SHRINK,DataSlip_10
2561,1,MOVE,DataSlip_16
2562,2,MOVE,DataSlip_10
2566,1,MOVE,DataSlip_21
2569,1,MOVE,DataSlip_21
2570,1,MOVE,DataSlip_10
2572,1,NORMAL,DataSlip_10
2573,1,MOVE,DataSlip_10
2578,3,NORMAL,DataSlip_16
2579,3,SHRINK,DataSlip_16
2580,1,NORMAL,DataSlip_10
2581,3,MOVE,DataSlip_16
2581,1,SHRINK,DataSlip_10
2582,3,MOVE,DataSlip_16
2584,1,MOVE,DataSlip_10
2584,1,MOVE,DataSlip_10
2586,1,MOVE,DataSlip_10
2586,1,MOVE,DataSlip_10
2588,1,MOVE,DataSlip_10
2590,3,MOVE,DataSlip_16
2594,2,MOVE,DataSlip_19
2594,1,MOVE,DataSlip_21
2595,2,MOVE,DataSlip_19
2595,2,MOVE,DataSlip_19
2596,1,MOVE,DataSlip_21
2596,2,MOVE,DataSlip_19
2596,3,CREATE_OBJECT,Sticker_31
2597,2,MOVE,DataSlip_19
2598,3,UPDATE_RELATION,DataSlip_16-DataSlip_2-DataSlip_14-DataSlip_1-DataSlip_12-DataSlip_7-DataSlip_25-DataSlip_5-DataSlip_3-DataSlip_17-DataSlip_8-DataSlip_22-DataSlip_6-DataSlip_4-DataSlip_15-DataSlip_18-DataSlip_26-DataSlip_24-
2598,3,MOVE,Sticker_31
2598,1,MOVE,DataSlip_19
2599,2,MOVE,DataSlip_23
2599,3,NORMAL,Relation_41
2600,3,SHRINK,Relation_41
2601,2,MOVE,Trash
2602,3,SHRINK,Relation_41
2603,1,SHRINK,DataSlip_19
2603,1,NORMAL,DataSlip_19
2603,1,NORMAL,DataSlip_19
2603,1,ROTATE,DataSlip_19
2605,1,NORMAL,DataSlip_19
2605,3,NORMAL,Relation_41
2607,1,MOVE,DataSlip_19
2607,3,SHRINK,Relation_41
2615,2,MOVE,DataSlip_20
2617,2,NORMAL,DataSlip_20
2624,1,MOVE,DataSlip_19
2627,1,MOVE,DataSlip_23
2630,2,MOVE,DataSlip_20
2633,1,MOVE,DataSlip_19
2637,1,MOVE,DataSlip_19
2639,1,MOVE,DataSlip_23
2643,1,MOVE,DataSlip_21
2643,1,MOVE,DataSlip_21
2645,2,MOVE,DataSlip_19
2647,2,SHRINK,DataSlip_19
2647,1,MOVE,DataSlip_13
2649,2,MOVE,DataSlip_19
2649,1,NORMAL,DataSlip_13
2650,2,MOVE,DataSlip_21
2650,1,MOVE,DataSlip_13
2652,2,MOVE,DataSlip_21
2653,3,NORMAL,DataSlip_20
2656,3,MOVE,DataSlip_20
2656,1,MOVE,DataSlip_13
2657,1,MOVE,DataSlip_21
2658,3,MOVE,DataSlip_13
2659,1,MOVE,DataSlip_21
2659,3,SHRINK,DataSlip_13
2661,1,MOVE,DataSlip_23
2661,2,MOVE,DataSlip_13
2662,1,NORMAL,DataSlip_23
2662,3,CREATE_OBJECT,Sticker_32
2663,3,CREATE_OBJECT,DataSlip_9-DataSlip_13-
2663,3,UPDATE_RELATION,DataSlip_9-DataSlip_13-
2663,3,MOVE,Sticker_32
2664,2,MOVE,DataSlip_9
2665,2,MOVE,DataSlip_9-DataSlip_13-
2667,2,DELETE_RELATION,DataSlip_9-DataSlip_13-
2667,2,CREATE_OBJECT,DataSlip_9-DataSlip_13-
2667,2,UPDATE_RELATION,DataSlip_9-DataSlip_13-
2667,2,MOVE,Sticker_32
2668,2,MOVE,DataSlip_9-DataSlip_13-
2671,3,MOVE,DataSlip_9-DataSlip_13-
2672,3,MOVE,DataSlip_9-DataSlip_13-
2672,2,UPDATE_RELATION,DataSlip_14-DataSlip_1-DataSlip_12-DataSlip_7-DataSlip_25-DataSlip_5-DataSlip_3-DataSlip_17-DataSlip_8-DataSlip_22-DataSlip_6-DataSlip_4-DataSlip_15-DataSlip_18-DataSlip_26-DataSlip_24-DataSlip_2-DataSlip_16-
2672,2,UPDATE_RELATION,DataSlip_14-DataSlip_1-DataSlip_12-DataSlip_7-DataSlip_25-DataSlip_5-DataSlip_3-DataSlip_17-DataSlip_8-DataSlip_22-DataSlip_6-DataSlip_4-DataSlip_15-DataSlip_18-DataSlip_26-DataSlip_24-DataSlip_2-DataSlip_16-DataSlip_9-DataSlip_13-
2672,2,CREATE_OBJECT,DataSlip_9-DataSlip_13-
2672,2,UPDATE_RELATION,DataSlip_9-DataSlip_13-
2672,2,UPDATE_RELATION,DataSlip_14-DataSlip_1-DataSlip_12-DataSlip_7-DataSlip_25-DataSlip_5-DataSlip_3-DataSlip_17-DataSlip_8-DataSlip_22-DataSlip_6-DataSlip_4-DataSlip_15-DataSlip_18-DataSlip_26-DataSlip_24-DataSlip_2-DataSlip_16-
2672,2,UPDATE_RELATION,DataSlip_14-DataSlip_1-DataSlip_12-DataSlip_7-DataSlip_25-DataSlip_5-DataSlip_3-DataSlip_17-DataSlip_8-DataSlip_22-DataSlip_6-DataSlip_4-DataSlip_15-DataSlip_18-DataSlip_26-DataSlip_24-DataSlip_2-DataSlip_16-DataSlip_9-DataSlip_13-
2675,3,MOVE,DataSlip_14-DataSlip_1-DataSlip_12-DataSlip_7-DataSlip_25-DataSlip_5-DataSlip_3-DataSlip_17-DataSlip_8-DataSlip_22-DataSlip_6-DataSlip_4-DataSlip_15-DataSlip_18-DataSlip_26-DataSlip_24-DataSlip_2-DataSlip_16-DataSlip_9-DataSlip_13-
2676,2,CREATE_OBJECT,DataSlip_9-DataSlip_13-
2676,2,UPDATE_RELATION,DataSlip_9-DataSlip_13-
2676,2,UPDATE_RELATION,DataSlip_14-DataSlip_1-DataSlip_12-DataSlip_7-DataSlip_25-DataSlip_5-DataSlip_3-DataSlip_17-DataSlip_8-DataSlip_22-DataSlip_6-DataSlip_4-DataSlip_15-DataSlip_18-DataSlip_26-DataSlip_24-DataSlip_2-DataSlip_16-
2676,2,MOVE,Sticker_4
2677,2,MOVE,Sticker_4
2679,2,MOVE,DataSlip_9-DataSlip_13-
2680,3,UPDATE_RELATION,DataSlip_14-DataSlip_1-DataSlip_12-DataSlip_7-DataSlip_25-DataSlip_5-DataSlip_3-DataSlip_17-DataSlip_8-DataSlip_22-DataSlip_6-DataSlip_4-DataSlip_15-DataSlip_18-DataSlip_26-DataSlip_24-DataSlip_2-DataSlip_16-DataSlip_9-DataSlip_13-
2680,3,MOVE,Sticker_4
2680,1,MOVE,DataSlip_23
2681,2,UPDATE_RELATION,DataSlip_14-DataSlip_1-DataSlip_12-DataSlip_7-DataSlip_25-DataSlip_5-DataSlip_3-DataSlip_17-DataSlip_8-DataSlip_22-DataSlip_6-DataSlip_4-DataSlip_15-DataSlip_18-DataSlip_26-DataSlip_24-DataSlip_2-DataSlip_16-DataSlip_9-
2681,2,UPDATE_RELATION,DataSlip_13-DataSlip_14-DataSlip_1-DataSlip_12-DataSlip_7-DataSlip_25-DataSlip_5-DataSlip_3-DataSlip_17-DataSlip_8-DataSlip_22-DataSlip_6-DataSlip_4-DataSlip_15-DataSlip_18-DataSlip_26-DataSlip_24-DataSlip_2-DataSlip_16-DataSlip_9-
2681,2,MOVE,Sticker_32
2683,1,MOVE,DataSlip_23
2683,3,MOVE,DataSlip_13-DataSlip_14-DataSlip_1-DataSlip_12-DataSlip_7-DataSlip_25-DataSlip_5-DataSlip_3-DataSlip_17-DataSlip_8-DataSlip_22-DataSlip_6-DataSlip_4-DataSlip_15-DataSlip_18-DataSlip_26-DataSlip_24-DataSlip_2-DataSlip_16-DataSlip_9-
2685,3,MOVE,DataSlip_10
2688,3,MOVE,DataSlip_13-DataSlip_14-DataSlip_1-DataSlip_12-DataSlip_7-DataSlip_25-DataSlip_5-DataSlip_3-DataSlip_17-DataSlip_8-DataSlip_22-DataSlip_6-DataSlip_4-DataSlip_15-DataSlip_18-DataSlip_26-DataSlip_24-DataSlip_2-DataSlip_16-DataSlip_9-
2690,3,NORMAL,Relation_41
2691,3,SHRINK,Relation_41
2692,1,MOVE,DataSlip_10
2695,2,SHRINK,Relation_41
2699,1,MOVE,DataSlip_10
2700,1,NORMAL,DataSlip_10
2700,1,NORMAL,DataSlip_10
2700,2,SHRINK,Relation_41
2700,1,ROTATE,DataSlip_10
2701,1,MOVE,DataSlip_10
2702,2,SHRINK,Relation_41
2703,1,ENLARGE,DataSlip_10
2704,2,CREATE_OBJECT,DataSlip_16-DataSlip_2-
2704,2,UPDATE_RELATION,DataSlip_16-DataSlip_2-
2704,2,UPDATE_RELATION,DataSlip_14-DataSlip_1-DataSlip_12-DataSlip_7-DataSlip_25-DataSlip_5-DataSlip_3-DataSlip_17-DataSlip_8-DataSlip_22-DataSlip_6-DataSlip_4-DataSlip_15-DataSlip_18-DataSlip_26-DataSlip_24-DataSlip_9-DataSlip_13-
2704,2,UPDATE_RELATION,DataSlip_14-DataSlip_1-DataSlip_12-DataSlip_7-DataSlip_25-DataSlip_5-DataSlip_3-DataSlip_17-DataSlip_8-DataSlip_22-DataSlip_6-DataSlip_4-DataSlip_15-DataSlip_18-DataSlip_26-DataSlip_24-DataSlip_9-DataSlip_13-DataSlip_16-DataSlip_2-
2704,2,MOVE,Sticker_30
2704,2,NORMAL,Sticker_30
2704,2,CREATE_OBJECT,DataSlip_16-DataSlip_2-
2704,2,UPDATE_RELATION,DataSlip_16-DataSlip_2-
2704,2,UPDATE_RELATION,DataSlip_14-DataSlip_1-DataSlip_12-DataSlip_7-DataSlip_25-DataSlip_5-DataSlip_3-DataSlip_17-DataSlip_8-DataSlip_22-DataSlip_6-DataSlip_4-DataSlip_15-DataSlip_18-DataSlip_26-DataSlip_24-DataSlip_9-DataSlip_13-
2704,2,UPDATE_RELATION,DataSlip_14-DataSlip_1-DataSlip_12-DataSlip_7-DataSlip_25-DataSlip_5-DataSlip_3-DataSlip_17-DataSlip_8-DataSlip_22-DataSlip_6-DataSlip_4-DataSlip_15-DataSlip_18-DataSlip_26-DataSlip_24-DataSlip_9-DataSlip_13-DataSlip_16-DataSlip_2-
2705,1,MOVE,DataSlip_10
2705,2,CREATE_OBJECT,DataSlip_16-DataSlip_2-
2705,2,UPDATE_RELATION,DataSlip_16-DataSlip_2-
2705,2,UPDATE_RELATION,DataSlip_14-DataSlip_1-DataSlip_12-DataSlip_7-DataSlip_25-DataSlip_5-DataSlip_3-DataSlip_17-DataSlip_8-DataSlip_22-DataSlip_6-DataSlip_4-DataSlip_15-DataSlip_18-DataSlip_26-DataSlip_24-DataSlip_9-DataSlip_13-
2705,2,UPDATE_RELATION,DataSlip_14-DataSlip_1-DataSlip_12-DataSlip_7-DataSlip_25-DataSlip_5-DataSlip_3-DataSlip_17-DataSlip_8-DataSlip_22-DataSlip_6-DataSlip_4-DataSlip_15-DataSlip_18-DataSlip_26-DataSlip_24-DataSlip_9-DataSlip_13-
2705,2,MOVE,Sticker_30
2706,3,DELETE_RELATION,DataSlip_16-DataSlip_2-
2706,3,CREATE_OBJECT,DataSlip_16-
2706,3,UPDATE_RELATION,DataSlip_16-
2706,3,MOVE,Sticker_31
2707,3,SHRINK,DataSlip_2
2709,3,MOVE,DataSlip_2
2710,2,UPDATE_RELATION,DataSlip_14-DataSlip_1-DataSlip_12-DataSlip_7-DataSlip_25-DataSlip_5-DataSlip_3-DataSlip_17-DataSlip_8-DataSlip_22-DataSlip_6-DataSlip_4-DataSlip_15-DataSlip_18-DataSlip_26-DataSlip_24-DataSlip_9-DataSlip_13-
2710,2,UPDATE_RELATION,DataSlip_2-DataSlip_14-DataSlip_1-DataSlip_12-DataSlip_7-DataSlip_25-DataSlip_5-DataSlip_3-DataSlip_17-DataSlip_8-DataSlip_22-DataSlip_6-DataSlip_4-DataSlip_15-DataSlip_18-DataSlip_26-DataSlip_24-DataSlip_9-DataSlip_13-
2710,2,MOVE,Sticker_30
2711,3,MOVE,DataSlip_16-
2712,3,DELETE_RELATION,DataSlip_16-
2712,3,UPDATE_RELATION,DataSlip_16-DataSlip_2-DataSlip_14-DataSlip_1-DataSlip_12-DataSlip_7-DataSlip_25-DataSlip_5-DataSlip_3-DataSlip_17-DataSlip_8-DataSlip_22-DataSlip_6-DataSlip_4-DataSlip_15-DataSlip_18-DataSlip_26-DataSlip_24-DataSlip_9-DataSlip_13-
2712,3,MOVE,Sticker_31
2713,1,MOVE,DataSlip_10
2721,1,SHRINK,DataSlip_10
2723,3,MOVE,DataSlip_20
2723,1,MOVE,DataSlip_10
2724,3,MOVE,DataSlip_10
2724,1,MOVE,DataSlip_21
2727,3,MOVE,DataSlip_10
2731,3,CREATE_OBJECT,Sticker_33
2732,2,MOVE,DataSlip_20
2732,3,UPDATE_RELATION,DataSlip_10-DataSlip_16-DataSlip_2-DataSlip_14-DataSlip_1-DataSlip_12-DataSlip_7-DataSlip_25-DataSlip_5-DataSlip_3-DataSlip_17-DataSlip_8-DataSlip_22-DataSlip_6-DataSlip_4-DataSlip_15-DataSlip_18-DataSlip_26-DataSlip_24-DataSlip_9-DataSlip_13-
2732,3,MOVE,Sticker_33
2732,1,MOVE,DataSlip_21
2734,2,MOVE,DataSlip_20
2735,1,MOVE,DataSlip_20
2741,2,SHRINK,DataSlip_20
2742,2,MOVE,DataSlip_20
2746,2,ENLARGE,DataSlip_23
2748,2,SHRINK,DataSlip_23
2748,1,MOVE,DataSlip_19
2751,1,MOVE,DataSlip_19
2752,1,MOVE,DataSlip_19
2755,2,MOVE,DataSlip_23
2760,2,MOVE,DataSlip_11
2762,1,MOVE,DataSlip_10-DataSlip_16-DataSlip_2-DataSlip_14-DataSlip_1-DataSlip_12-DataSlip_7-DataSlip_25-DataSlip_5-DataSlip_3-DataSlip_17-DataSlip_8-DataSlip_22-DataSlip_6-DataSlip_4-DataSlip_15-DataSlip_18-DataSlip_26-DataSlip_24-DataSlip_9-DataSlip_13-
2763,2,MOVE,DataSlip_19
2763,2,MOVE,DataSlip_20
2765,2,SHRINK,DataSlip_21
2767,2,MOVE,DataSlip_21
2768,2,MOVE,DataSlip_20
2769,2,MOVE,DataSlip_19
2769,3,MOVE,DataSlip_23
2770,3,NORMAL,DataSlip_23
2772,1,MOVE,DataSlip_19
2773,3,MOVE,DataSlip_23
2773,1,MOVE,DataSlip_11
2773,2,NORMAL,DataSlip_19
2773,1,MOVE,DataSlip_20
2776,2,SHRINK,DataSlip_19
2779,2,MOVE,DataSlip_19
2779,3,MOVE,DataSlip_23
2780,2,UPDATE_RELATION,DataSlip_14-DataSlip_1-DataSlip_12-DataSlip_7-DataSlip_25-DataSlip_5-DataSlip_3-DataSlip_17-DataSlip_8-DataSlip_22-DataSlip_6-DataSlip_4-DataSlip_15-DataSlip_18-DataSlip_26-DataSlip_24-DataSlip_9-DataSlip_2-DataSlip_16-DataSlip_10-
2780,2,MOVE,Sticker_32
2781,3,NORMAL,DataSlip_23
2782,2,MOVE,DataSlip_13
2782,3,SHRINK,DataSlip_23
2784,2,UPDATE_RELATION,DataSlip_13-DataSlip_14-DataSlip_1-DataSlip_12-DataSlip_7-DataSlip_25-DataSlip_5-DataSlip_3-DataSlip_17-DataSlip_8-DataSlip_22-DataSlip_6-DataSlip_4-DataSlip_15-DataSlip_18-DataSlip_26-DataSlip_24-DataSlip_9-DataSlip_2-DataSlip_16-DataSlip_10-
2784,2,MOVE,Sticker_32
2785,3,MOVE,DataSlip_23
2787,3,CREATE_OBJECT,Sticker_34
2788,1,MOVE,DataSlip_11
2789,3,MOVE,Sticker_34
2789,2,NORMAL,DataSlip_21
2790,3,CREATE_OBJECT,Sticker_35
2791,3,UPDATE_RELATION,DataSlip_23-DataSlip_13-DataSlip_14-DataSlip_1-DataSlip_12-DataSlip_7-DataSlip_25-DataSlip_5-DataSlip_3-DataSlip_17-DataSlip_8-DataSlip_22-DataSlip_6-DataSlip_4-DataSlip_15-DataSlip_18-DataSlip_26-DataSlip_24-DataSlip_9-DataSlip_2-DataSlip_16-DataSlip_10-
2791,3,MOVE,Sticker_35
2793,2,MOVE,DataSlip_21
2795,1,CREATE_OBJECT,Sticker_36
2796,2,SHRINK,DataSlip_21
2797,1,UPDATE_RELATION,DataSlip_11-DataSlip_23-DataSlip_13-DataSlip_14-DataSlip_1-DataSlip_12-DataSlip_7-DataSlip_25-DataSlip_5-DataSlip_3-DataSlip_17-DataSlip_8-DataSlip_22-DataSlip_6-DataSlip_4-DataSlip_15-DataSlip_18-DataSlip_26-DataSlip_24-DataSlip_9-DataSlip_2-DataSlip_16-DataSlip_10-
2797,1,MOVE,Sticker_36
2799,2,MOVE,DataSlip_21
2800,2,MOVE,DataSlip_21
2800,2,SHRINK,DataSlip_21
2801,2,ROTATE,DataSlip_21
2803,2,MOVE,DataSlip_20
2804,2,MOVE,DataSlip_19
2806,3,MOVE,DataSlip_21
2809,3,CREATE_OBJECT,Sticker_37
2811,3,UPDATE_RELATION,DataSlip_21-DataSlip_11-DataSlip_23-DataSlip_13-DataSlip_14-DataSlip_1-DataSlip_12-DataSlip_7-DataSlip_25-DataSlip_5-DataSlip_3-DataSlip_17-DataSlip_8-DataSlip_22-DataSlip_6-DataSlip_4-DataSlip_15-DataSlip_18-DataSlip_26-DataSlip_24-DataSlip_9-DataSlip_2-DataSlip_16-DataSlip_10-
2811,3,MOVE,Sticker_37
2814,1,MOVE,DataSlip_20
2816,2,MOVE,DataSlip_19
2817,1,CREATE_OBJECT,Sticker_38
2818,2,CREATE_OBJECT,Sticker_39
2819,1,UPDATE_RELATION,DataSlip_20-DataSlip_21-DataSlip_11-DataSlip_23-DataSlip_13-DataSlip_14-DataSlip_1-DataSlip_12-DataSlip_7-DataSlip_25-DataSlip_5-DataSlip_3-DataSlip_17-DataSlip_8-DataSlip_22-DataSlip_6-DataSlip_4-DataSlip_15-DataSlip_18-DataSlip_26-DataSlip_24-DataSlip_9-DataSlip_2-DataSlip_16-DataSlip_10-
2819,1,MOVE,Sticker_38
2820,2,UPDATE_RELATION,DataSlip_19-DataSlip_20-DataSlip_21-DataSlip_11-DataSlip_23-DataSlip_13-DataSlip_14-DataSlip_1-DataSlip_12-DataSlip_7-DataSlip_25-DataSlip_5-DataSlip_3-DataSlip_17-DataSlip_8-DataSlip_22-DataSlip_6-DataSlip_4-DataSlip_15-DataSlip_18-DataSlip_26-DataSlip_24-DataSlip_9-DataSlip_2-DataSlip_16-DataSlip_10-
2820,2,MOVE,Sticker_39
2822,3,MOVE,DataSlip_19-DataSlip_20-DataSlip_21-DataSlip_11-DataSlip_23-DataSlip_13-DataSlip_14-DataSlip_1-DataSlip_12-DataSlip_7-DataSlip_25-DataSlip_5-DataSlip_3-DataSlip_17-DataSlip_8-DataSlip_22-DataSlip_6-DataSlip_4-DataSlip_15-DataSlip_18-DataSlip_26-DataSlip_24-DataSlip_9-DataSlip_2-DataSlip_16-DataSlip_10-
2919,1,MOVE,Keyboard
2932,2,MOVE,FinishDialog
2990,-1,CREATE_OBJECT,Note_1
2990,-1,UPDATE_NOTE,Note_1: The answer: to get a better job_
2990,-1,SAVE,null
2990,-1,CLOSING,
2990,1,INTERACTION_TIME,901515 of 2384557
2990,1,SLIP_INTERACTION,540 of 1323
2990,1,GROUP_INTERACTION,42 of 87
2990,1,NOTES_INTERACTION,0 of 20
2990,1,REL_INTERACTION,25 of 99
2990,2,INTERACTION_TIME,934217 of 2384557
2990,2,SLIP_INTERACTION,402 of 1323
2990,2,GROUP_INTERACTION,27 of 87
2990,2,NOTES_INTERACTION,20 of 20
2990,2,REL_INTERACTION,61 of 99
2990,3,INTERACTION_TIME,548825 of 2384557
2990,3,SLIP_INTERACTION,381 of 1323
2990,3,GROUP_INTERACTION,18 of 87
2990,3,NOTES_INTERACTION,0 of 20
2990,3,REL_INTERACTION,13 of 99
2990,-1,UPDATE_NOTE,Note_0: The question is: Why did Oliver decide to join up?
2990,-1,UPDATE_NOTE,Note_1: The answer: to get a better job_
