time,userID,action,objName
53,2,MOVE,Note_0
55,3,ENLARGE,Note_0
57,3,ENLARGE,Note_0
58,3,ENLARGE,Note_0
59,3,ENLARGE,Note_0
62,2,MOVE,Note_0
72,3,MOVE,Note_0
73,2,MOVE,DataSlip_19
74,3,MOVE,DataSlip_8
74,1,MOVE,DataSlip_3
75,1,MOVE,DataSlip_20
76,2,MOVE,DataSlip_12
77,2,NORMAL,DataSlip_12
77,3,MOVE,DataSlip_17
77,1,MOVE,DataSlip_1
78,3,MOVE,DataSlip_15
79,2,MOVE,DataSlip_12
80,3,MOVE,DataSlip_11
81,1,ENLARGE,DataSlip_3
84,3,NORMAL,DataSlip_8
84,2,MOVE,DataSlip_12
85,1,MOVE,DataSlip_3
86,2,SHRINK,DataSlip_12
87,2,MOVE,DataSlip_12
88,1,MOVE,DataSlip_3
88,3,MOVE,DataSlip_8
88,2,MOVE,DataSlip_19
89,2,MOVE,DataSlip_6
89,3,MOVE,DataSlip_15
91,2,MOVE,DataSlip_18
92,3,SHRINK,DataSlip_8
92,2,MOVE,DataSlip_6
93,2,SHRINK,DataSlip_18
94,1,SHRINK,DataSlip_3
94,2,ENLARGE,DataSlip_18
95,3,NORMAL,DataSlip_15
96,1,MOVE,DataSlip_3
97,2,MOVE,DataSlip_18
97,3,MOVE,DataSlip_15
99,1,MOVE,DataSlip_20
100,2,MOVE,DataSlip_18
101,2,SHRINK,DataSlip_18
103,1,ENLARGE,DataSlip_20
103,3,NORMAL,DataSlip_15
104,3,SHRINK,DataSlip_15
105,1,MOVE,DataSlip_20
105,3,MOVE,DataSlip_15
106,2,MOVE,DataSlip_18
107,3,NORMAL,DataSlip_17
107,2,NORMAL,DataSlip_18
109,2,MOVE,DataSlip_18
111,2,MOVE,DataSlip_18
112,1,SHRINK,DataSlip_20
112,2,SHRINK,DataSlip_18
114,2,MOVE,DataSlip_18
115,1,MOVE,DataSlip_20
115,2,MOVE,DataSlip_1
116,2,MOVE,DataSlip_18
117,2,MOVE,DataSlip_6
117,1,MOVE,DataSlip_4
118,3,SHRINK,DataSlip_17
119,1,ENLARGE,DataSlip_4
120,2,MOVE,DataSlip_1
121,1,MOVE,DataSlip_4
121,3,NORMAL,DataSlip_11
121,2,NORMAL,DataSlip_1
122,2,MOVE,DataSlip_1
128,1,SHRINK,DataSlip_4
131,1,MOVE,DataSlip_4
133,3,MOVE,DataSlip_1
133,1,MOVE,DataSlip_14
135,1,ENLARGE,DataSlip_14
135,2,MOVE,DataSlip_1
136,1,MOVE,DataSlip_14
137,2,SHRINK,DataSlip_1
138,3,SHRINK,DataSlip_11
138,2,MOVE,DataSlip_1
139,2,MOVE,DataSlip_6
141,3,MOVE,DataSlip_5
141,1,SHRINK,DataSlip_14
143,1,MOVE,DataSlip_14
143,2,MOVE,DataSlip_2
143,3,NORMAL,DataSlip_5
144,2,MOVE,DataSlip_6
145,2,MOVE,DataSlip_16
146,1,MOVE,DataSlip_13
146,2,MOVE,DataSlip_10
147,2,MOVE,DataSlip_1
148,1,ENLARGE,DataSlip_13
148,3,MOVE,DataSlip_5
150,1,MOVE,DataSlip_13
151,2,MOVE,DataSlip_2
153,2,NORMAL,DataSlip_2
153,3,SHRINK,DataSlip_5
155,1,SHRINK,DataSlip_13
155,3,MOVE,DataSlip_5
156,2,MOVE,DataSlip_2
156,3,MOVE,DataSlip_11
157,3,MOVE,DataSlip_15
157,1,MOVE,DataSlip_18
159,1,ENLARGE,DataSlip_18
159,2,SHRINK,DataSlip_2
160,1,MOVE,DataSlip_18
161,3,MOVE,DataSlip_8
161,2,MOVE,DataSlip_2
163,2,MOVE,DataSlip_12
163,2,MOVE,DataSlip_19
165,1,SHRINK,DataSlip_18
166,1,MOVE,DataSlip_18
169,2,MOVE,DataSlip_2
170,2,MOVE,DataSlip_1
170,2,MOVE,DataSlip_1
170,2,SHRINK,DataSlip_12
170,2,NORMAL,DataSlip_12
171,1,MOVE,DataSlip_6
172,2,NORMAL,DataSlip_12
174,2,ROTATE,DataSlip_12
175,1,ENLARGE,DataSlip_6
175,2,MOVE,DataSlip_12
176,3,MOVE,DataSlip_11
177,1,MOVE,DataSlip_6
177,3,MOVE,DataSlip_15
178,2,MOVE,DataSlip_12
178,3,MOVE,DataSlip_8
180,2,NORMAL,DataSlip_12
180,3,MOVE,DataSlip_7
181,2,ROTATE,DataSlip_12
182,3,ENLARGE,DataSlip_7
184,3,MOVE,DataSlip_7
188,1,SHRINK,DataSlip_6
189,1,MOVE,DataSlip_6
190,3,NORMAL,DataSlip_7
191,3,SHRINK,DataSlip_7
191,2,MOVE,DataSlip_2
192,1,MOVE,DataSlip_1
192,2,MOVE,DataSlip_2
193,3,MOVE,DataSlip_7
193,2,MOVE,DataSlip_12
194,1,ENLARGE,DataSlip_1
194,3,MOVE,DataSlip_7
196,1,MOVE,DataSlip_1
197,2,MOVE,DataSlip_16
198,3,MOVE,DataSlip_15
198,2,ENLARGE,DataSlip_16
201,2,MOVE,DataSlip_16
201,3,MOVE,DataSlip_11
201,1,MOVE,DataSlip_1
202,3,MOVE,DataSlip_16
204,2,SHRINK,DataSlip_16
205,2,MOVE,DataSlip_16
206,2,NORMAL,DataSlip_16
209,1,SHRINK,DataSlip_1
212,3,MOVE,DataSlip_19
212,2,SHRINK,DataSlip_16
213,3,MOVE,DataSlip_15
214,2,MOVE,DataSlip_16
215,2,MOVE,DataSlip_16
215,3,MOVE,DataSlip_15
216,1,MOVE,DataSlip_2
217,2,MOVE,DataSlip_16
217,3,MOVE,DataSlip_19
218,1,ENLARGE,DataSlip_2
218,3,MOVE,DataSlip_19
219,1,MOVE,DataSlip_2
220,2,MOVE,DataSlip_15
222,3,MOVE,DataSlip_9
222,2,NORMAL,DataSlip_15
224,3,ENLARGE,DataSlip_9
225,1,SHRINK,DataSlip_2
225,3,MOVE,DataSlip_9
226,2,SHRINK,DataSlip_15
226,3,MOVE,DataSlip_9
227,1,MOVE,DataSlip_2
227,3,MOVE,DataSlip_9
229,2,MOVE,DataSlip_15
229,1,MOVE,DataSlip_16
230,2,NORMAL,DataSlip_15
230,1,ENLARGE,DataSlip_16
232,3,SHRINK,DataSlip_9
233,1,MOVE,DataSlip_16
233,2,MOVE,DataSlip_15
236,3,MOVE,DataSlip_19
237,2,MOVE,DataSlip_15
238,2,SHRINK,DataSlip_15
239,3,MOVE,DataSlip_9
240,1,SHRINK,DataSlip_16
240,2,MOVE,DataSlip_15
240,3,MOVE,DataSlip_9
241,1,MOVE,DataSlip_16
242,3,MOVE,DataSlip_8
252,2,MOVE,DataSlip_19
253,1,MOVE,DataSlip_6
254,2,MOVE,DataSlip_10
254,3,MOVE,DataSlip_5
255,2,MOVE,DataSlip_19
256,3,NORMAL,DataSlip_5
256,1,MOVE,DataSlip_9
258,2,NORMAL,DataSlip_10
260,2,MOVE,DataSlip_10
261,1,ENLARGE,DataSlip_9
261,3,SHRINK,DataSlip_5
262,3,MOVE,DataSlip_5
262,2,SHRINK,DataSlip_10
263,3,MOVE,DataSlip_7
263,1,MOVE,DataSlip_9
264,2,MOVE,DataSlip_10
265,2,MOVE,DataSlip_15
265,3,NORMAL,DataSlip_7
268,2,MOVE,DataSlip_12
270,3,MOVE,DataSlip_7
271,1,SHRINK,DataSlip_9
272,3,SHRINK,DataSlip_7
272,2,NORMAL,DataSlip_12
272,1,MOVE,DataSlip_9
273,3,MOVE,DataSlip_7
273,1,MOVE,DataSlip_6
274,3,MOVE,DataSlip_11
274,1,MOVE,DataSlip_20
275,1,MOVE,DataSlip_16
275,1,MOVE,DataSlip_4
275,3,SHRINK,DataSlip_11
276,2,SHRINK,DataSlip_12
276,3,ENLARGE,DataSlip_11
276,1,MOVE,DataSlip_19
277,2,MOVE,DataSlip_12
278,1,ENLARGE,DataSlip_19
279,-1,SAVE,null
279,-1,INIT_STAGE2,
279,1,INTERACTION_TIME,71121 of 285466
279,1,SLIP_INTERACTION,65 of 215
279,2,INTERACTION_TIME,117739 of 285466
279,2,SLIP_INTERACTION,85 of 215
279,3,INTERACTION_TIME,96606 of 285466
279,3,SLIP_INTERACTION,65 of 215
291,1,MOVE,DataSlip_19
292,1,SHRINK,DataSlip_19
292,2,SHRINK,DataSlip_11
298,1,CREATE_OBJECT,Sticker_0
300,1,MOVE,Sticker_0
305,2,MOVE,Keyboard
307,2,CREATE_OBJECT,StorageArea_2
324,-1,ENTER_GROUP_NAME,stay name is: stay
326,2,MOVE,stay
327,1,MOVE,stay
329,2,MOVE,stay
329,3,MOVE,DataSlip_17
330,1,MOVE,stay
330,2,MOVE,Sticker_0
332,3,ENLARGE,DataSlip_17
333,1,MOVE,stay
334,3,MOVE,DataSlip_17
336,1,ENLARGE,DataSlip_19
338,1,MOVE,DataSlip_19
338,3,SHRINK,DataSlip_17
345,1,SHRINK,DataSlip_19
347,1,ADD_OBJ_TO_GROUP,DataSlip_19 -> stay
347,1,SHRINK,DataSlip_19
347,1,MOVE,DataSlip_19
350,3,MOVE,DataSlip_11
351,1,MOVE,DataSlip_4
351,3,NORMAL,DataSlip_11
352,1,ENLARGE,DataSlip_4
352,3,MOVE,DataSlip_11
354,1,MOVE,DataSlip_4
356,3,SHRINK,DataSlip_11
361,2,NORMAL,DataSlip_4
362,2,SHRINK,DataSlip_4
363,3,MOVE,stay
364,3,ADD_OBJ_TO_GROUP,DataSlip_11 -> stay
364,3,SHRINK,DataSlip_11
364,3,MOVE,DataSlip_11
367,2,ADD_OBJ_TO_GROUP,DataSlip_4 -> stay
367,2,SHRINK,DataSlip_4
367,2,MOVE,DataSlip_4
368,1,MOVE,DataSlip_16
368,2,MOVE,stay
369,2,MOVE,Sticker_0
369,3,MOVE,DataSlip_8
370,1,MOVE,DataSlip_16
370,2,MOVE,stay
372,1,ENLARGE,DataSlip_16
372,3,ENLARGE,DataSlip_8
373,2,MOVE,DataSlip_10
374,1,MOVE,DataSlip_16
374,3,MOVE,DataSlip_8
375,3,MOVE,DataSlip_8
375,2,ADD_OBJ_TO_GROUP,DataSlip_10 -> stay
375,2,SHRINK,DataSlip_10
375,2,MOVE,DataSlip_10
379,3,MOVE,DataSlip_8
381,3,SHRINK,DataSlip_8
382,3,SHRINK,DataSlip_8
383,1,SHRINK,DataSlip_16
384,3,MOVE,DataSlip_8
385,1,ADD_OBJ_TO_GROUP,DataSlip_16 -> stay
385,1,SHRINK,DataSlip_16
385,1,MOVE,DataSlip_16
387,-1,REMOVE_OBJ_FROM_GROUP,DataSlip_10 -> stay
387,2,REMOVE_OBJ_FROM_GROUP,DataSlip_10 -> stay
387,2,MOVE,DataSlip_10
388,2,MOVE,DataSlip_16
389,1,MOVE,DataSlip_10
390,2,MOVE,stay
391,1,ENLARGE,DataSlip_10
391,2,MOVE,DataSlip_4
392,1,MOVE,DataSlip_10
393,3,CREATE_OBJECT,StorageArea_3
403,-1,ENTER_GROUP_NAME,leave name is: leave
404,2,MOVE,leave
406,3,MOVE,leave
407,1,MOVE,DataSlip_10
409,1,SHRINK,DataSlip_10
411,1,MOVE,DataSlip_10
411,2,ADD_OBJ_TO_GROUP,DataSlip_10 -> leave
411,2,SHRINK,DataSlip_10
411,2,MOVE,DataSlip_10
412,2,MOVE,DataSlip_10
413,2,MOVE,DataSlip_17
414,1,MOVE,DataSlip_2
415,3,SHRINK,DataSlip_17
416,3,ENLARGE,DataSlip_17
416,1,ENLARGE,DataSlip_2
417,1,MOVE,DataSlip_2
418,3,MOVE,DataSlip_17
422,3,MOVE,DataSlip_17
424,1,ENLARGE,DataSlip_2
425,3,SHRINK,DataSlip_17
426,3,ADD_OBJ_TO_GROUP,DataSlip_17 -> leave
426,3,SHRINK,DataSlip_17
426,3,MOVE,DataSlip_17
427,1,SHRINK,DataSlip_2
428,1,ADD_OBJ_TO_GROUP,DataSlip_2 -> stay
428,1,SHRINK,DataSlip_2
428,1,MOVE,DataSlip_2
429,1,MOVE,DataSlip_1
430,2,MOVE,DataSlip_15
431,3,ENLARGE,DataSlip_8
431,2,ENLARGE,DataSlip_15
431,1,ENLARGE,DataSlip_1
433,3,ADD_OBJ_TO_GROUP,DataSlip_8 -> leave
433,3,SHRINK,DataSlip_8
433,3,MOVE,DataSlip_8
434,1,MOVE,DataSlip_1
435,2,ADD_OBJ_TO_GROUP,DataSlip_15 -> stay
435,2,SHRINK,DataSlip_15
435,2,MOVE,DataSlip_15
438,-1,REMOVE_OBJ_FROM_GROUP,DataSlip_15 -> stay
438,2,REMOVE_OBJ_FROM_GROUP,DataSlip_15 -> stay
438,2,MOVE,DataSlip_15
439,3,MOVE,DataSlip_5
440,3,ENLARGE,DataSlip_5
442,2,ADD_OBJ_TO_GROUP,DataSlip_15 -> leave
442,2,SHRINK,DataSlip_15
442,2,MOVE,DataSlip_15
443,1,SHRINK,DataSlip_1
444,3,MOVE,DataSlip_5
445,1,MOVE,DataSlip_1
447,1,MOVE,DataSlip_13
450,3,SHRINK,DataSlip_5
451,3,ADD_OBJ_TO_GROUP,DataSlip_5 -> stay
451,3,SHRINK,DataSlip_5
452,-1,REMOVE_OBJ_FROM_GROUP,DataSlip_5 -> stay
452,3,ADD_OBJ_TO_GROUP,DataSlip_5 -> leave
452,3,SHRINK,DataSlip_5
452,3,MOVE,DataSlip_5
453,1,ENLARGE,DataSlip_13
454,1,MOVE,DataSlip_13
455,2,MOVE,leave
457,3,MOVE,DataSlip_7
459,1,SHRINK,DataSlip_13
459,3,NORMAL,DataSlip_7
461,1,ADD_OBJ_TO_GROUP,DataSlip_13 -> stay
461,1,SHRINK,DataSlip_13
461,1,MOVE,DataSlip_13
463,1,MOVE,DataSlip_18
465,2,SHRINK,DataSlip_7
466,1,MOVE,DataSlip_14
467,2,ADD_OBJ_TO_GROUP,DataSlip_7 -> leave
467,2,SHRINK,DataSlip_7
467,2,MOVE,DataSlip_7
467,1,ENLARGE,DataSlip_14
469,1,MOVE,DataSlip_14
471,3,MOVE,DataSlip_12
471,2,MOVE,DataSlip_1
472,3,MOVE,leave
473,1,SHRINK,DataSlip_14
473,3,MOVE,DataSlip_12
473,2,NORMAL,DataSlip_1
475,2,MOVE,DataSlip_1
475,3,NORMAL,DataSlip_12
476,1,ADD_OBJ_TO_GROUP,DataSlip_14 -> stay
476,1,SHRINK,DataSlip_14
476,1,MOVE,DataSlip_14
477,2,SHRINK,DataSlip_1
478,1,MOVE,DataSlip_20
479,2,ADD_OBJ_TO_GROUP,DataSlip_1 -> leave
479,2,SHRINK,DataSlip_1
479,2,MOVE,DataSlip_1
480,3,SHRINK,DataSlip_12
480,1,ENLARGE,DataSlip_20
482,3,ADD_OBJ_TO_GROUP,DataSlip_12 -> stay
482,3,SHRINK,DataSlip_12
482,3,MOVE,DataSlip_12
482,1,MOVE,DataSlip_20
491,1,SHRINK,DataSlip_20
493,1,ADD_OBJ_TO_GROUP,DataSlip_20 -> stay
493,1,SHRINK,DataSlip_20
493,1,MOVE,DataSlip_20
496,1,MOVE,DataSlip_3
496,3,MOVE,DataSlip_6
496,2,MOVE,DataSlip_14
498,3,ENLARGE,DataSlip_6
499,1,MOVE,DataSlip_3
499,-1,REMOVE_OBJ_FROM_GROUP,DataSlip_20 -> stay
499,2,REMOVE_OBJ_FROM_GROUP,DataSlip_20 -> stay
499,2,MOVE,DataSlip_20
500,1,ENLARGE,DataSlip_3
501,1,MOVE,DataSlip_3
503,2,NORMAL,DataSlip_20
504,2,ADD_OBJ_TO_GROUP,DataSlip_20 -> stay
504,2,SHRINK,DataSlip_20
504,2,MOVE,DataSlip_20
505,3,MOVE,DataSlip_6
506,2,MOVE,DataSlip_20
507,3,SHRINK,DataSlip_6
508,1,SHRINK,DataSlip_3
508,3,ADD_OBJ_TO_GROUP,DataSlip_6 -> stay
508,3,SHRINK,DataSlip_6
508,3,MOVE,DataSlip_6
511,2,MOVE,DataSlip_9
512,1,MOVE,DataSlip_3
513,2,MOVE,DataSlip_18
514,3,ADD_OBJ_TO_GROUP,DataSlip_3 -> leave
514,3,SHRINK,DataSlip_3
514,3,MOVE,DataSlip_3
515,3,MOVE,DataSlip_18
515,2,MOVE,DataSlip_9
515,2,MOVE,DataSlip_14
515,3,MOVE,DataSlip_3
517,2,NORMAL,DataSlip_9
518,3,NORMAL,DataSlip_18
518,2,ADD_OBJ_TO_GROUP,DataSlip_9 -> stay
518,2,SHRINK,DataSlip_9
518,2,MOVE,DataSlip_9
520,2,NORMAL,DataSlip_9
522,-1,REMOVE_OBJ_FROM_GROUP,DataSlip_9 -> stay
522,2,REMOVE_OBJ_FROM_GROUP,DataSlip_9 -> stay
522,2,ROTATE,DataSlip_9
524,2,MOVE,Keyboard
526,2,SHRINK,DataSlip_9
529,2,ADD_OBJ_TO_GROUP,DataSlip_9 -> stay
529,2,SHRINK,DataSlip_9
529,2,MOVE,DataSlip_9
530,2,MOVE,DataSlip_19
533,2,SHRINK,DataSlip_18
534,2,MOVE,DataSlip_18
535,3,ADD_OBJ_TO_GROUP,DataSlip_18 -> leave
535,3,SHRINK,DataSlip_18
535,3,MOVE,DataSlip_18
535,-1,CREATE_OBJECT,Note_1
535,-1,UPDATE_NOTE,Note_1: - Think about slips (3, 9 and 12). They should be in one group._- Think about slips (4, 8 and 15). They should be in one group._
535,-1,GROUPING_FAILED,Bad grouping attemept
555,3,MOVE,Note_1
555,3,MOVE,Note_0
556,3,MOVE,DataSlip_11
558,3,MOVE,stay
559,2,MOVE,Note_1
559,1,MOVE,stay
565,-1,REMOVE_OBJ_FROM_GROUP,DataSlip_3 -> leave
565,3,REMOVE_OBJ_FROM_GROUP,DataSlip_3 -> leave
565,3,MOVE,DataSlip_3
566,3,MOVE,DataSlip_18
567,3,MOVE,DataSlip_1
568,1,MOVE,DataSlip_6
568,3,MOVE,DataSlip_5
569,3,MOVE,DataSlip_10
569,-1,REMOVE_OBJ_FROM_GROUP,DataSlip_9 -> stay
569,1,REMOVE_OBJ_FROM_GROUP,DataSlip_9 -> stay
569,1,MOVE,DataSlip_9
571,3,MOVE,DataSlip_3
571,1,MOVE,DataSlip_6
571,-1,REMOVE_OBJ_FROM_GROUP,DataSlip_12 -> stay
571,2,REMOVE_OBJ_FROM_GROUP,DataSlip_12 -> stay
571,2,MOVE,DataSlip_12
572,1,MOVE,DataSlip_20
573,2,MOVE,DataSlip_9
574,2,MOVE,DataSlip_3
576,2,MOVE,Sticker_0
578,3,MOVE,DataSlip_18
579,-1,REMOVE_OBJ_FROM_GROUP,DataSlip_8 -> leave
579,3,REMOVE_OBJ_FROM_GROUP,DataSlip_8 -> leave
579,3,MOVE,DataSlip_8
580,3,MOVE,DataSlip_10
580,1,MOVE,DataSlip_20
580,2,MOVE,DataSlip_12
580,1,MOVE,stay
582,2,CREATE_OBJECT,DataSlip_12-DataSlip_9-
582,2,UPDATE_RELATION,DataSlip_12-DataSlip_9-
582,2,MOVE,Sticker_0
582,-1,REMOVE_OBJ_FROM_GROUP,DataSlip_4 -> stay
582,1,REMOVE_OBJ_FROM_GROUP,DataSlip_4 -> stay
582,1,MOVE,DataSlip_4
582,-1,REMOVE_OBJ_FROM_GROUP,DataSlip_15 -> leave
582,3,REMOVE_OBJ_FROM_GROUP,DataSlip_15 -> leave
582,3,MOVE,DataSlip_15
583,1,MOVE,DataSlip_11
583,2,DELETE_RELATION,DataSlip_12-DataSlip_9-
583,2,CREATE_OBJECT,DataSlip_12-DataSlip_9-
583,2,UPDATE_RELATION,DataSlip_12-DataSlip_9-
583,2,MOVE,Sticker_0
583,3,MOVE,DataSlip_8
584,2,MOVE,DataSlip_12-DataSlip_9-
584,1,MOVE,stay
587,1,MOVE,DataSlip_4
588,2,CREATE_OBJECT,Sticker_1
590,2,UPDATE_RELATION,DataSlip_12-DataSlip_9-DataSlip_3-
590,2,MOVE,Sticker_1
591,1,CREATE_OBJECT,Sticker_2
591,2,MOVE,DataSlip_12-DataSlip_9-DataSlip_3-
591,3,MOVE,DataSlip_15
593,3,MOVE,DataSlip_15
594,1,CREATE_OBJECT,DataSlip_15-
594,1,UPDATE_RELATION,DataSlip_15-
594,1,MOVE,Sticker_2
594,3,MOVE,DataSlip_8
595,1,MOVE,DataSlip_4
596,1,DELETE_RELATION,DataSlip_15-
596,1,CREATE_OBJECT,DataSlip_15-DataSlip_4-
596,1,UPDATE_RELATION,DataSlip_15-DataSlip_4-
598,1,MOVE,DataSlip_8
599,1,CREATE_OBJECT,Sticker_3
601,1,UPDATE_RELATION,DataSlip_8-DataSlip_15-DataSlip_4-
601,1,MOVE,Sticker_3
602,3,NORMAL,Relation_1
604,1,MOVE,DataSlip_8-DataSlip_15-DataSlip_4-
607,3,MOVE,DataSlip_3-DataSlip_12-DataSlip_9-
609,3,NORMAL,Relation_1
612,2,NORMAL,Relation_1
616,2,MOVE,DataSlip_9-DataSlip_12-DataSlip_3-
617,2,SHRINK,Relation_1
619,2,SHRINK,Relation_1
619,3,UPDATE_RELATION,DataSlip_3-DataSlip_12-
619,3,UPDATE_RELATION,DataSlip_9-DataSlip_3-DataSlip_12-Note_1-
621,2,SHRINK,Relation_1
624,3,MOVE,DataSlip_9-DataSlip_12-Note_1-DataSlip_3-
626,3,NORMAL,Relation_1
640,3,NORMAL,Relation_1
642,3,MOVE,DataSlip_9-Note_1-DataSlip_3-DataSlip_12-
643,3,MOVE,DataSlip_9-Note_1-DataSlip_3-DataSlip_12-
645,2,UPDATE_RELATION,DataSlip_3-DataSlip_12-
645,2,UPDATE_RELATION,DataSlip_3-DataSlip_12-
645,2,MOVE,Sticker_0
646,2,MOVE,Note_1
648,2,MOVE,DataSlip_9
648,1,MOVE,Note_1
649,2,MOVE,DataSlip_3-DataSlip_12-
650,2,UPDATE_RELATION,DataSlip_3-DataSlip_12-
650,2,UPDATE_RELATION,DataSlip_3-DataSlip_12-DataSlip_9-
650,2,MOVE,Sticker_0
651,2,MOVE,DataSlip_3-DataSlip_12-DataSlip_9-
652,2,MOVE,DataSlip_3-DataSlip_12-DataSlip_9-
654,3,SHRINK,Relation_1
656,3,SHRINK,Relation_1
659,2,UPDATE_RELATION,DataSlip_3-DataSlip_12-
659,2,MOVE,Sticker_0
660,2,MOVE,DataSlip_9
660,3,SHRINK,Relation_1
661,2,ENLARGE,Sticker_0
661,2,NORMAL,Sticker_0
662,2,CREATE_OBJECT,DataSlip_9-
662,2,UPDATE_RELATION,DataSlip_9-
662,2,ROTATE,Sticker_0
664,2,MOVE,DataSlip_9-
664,2,DELETE_RELATION,DataSlip_9-
664,2,UPDATE_RELATION,DataSlip_9-DataSlip_3-DataSlip_12-
665,2,UPDATE_RELATION,DataSlip_3-DataSlip_12-
665,2,UPDATE_RELATION,DataSlip_9-DataSlip_3-DataSlip_12-
666,2,UPDATE_RELATION,DataSlip_3-DataSlip_12-
666,2,UPDATE_RELATION,DataSlip_9-DataSlip_3-DataSlip_12-
666,2,MOVE,Sticker_0
670,3,NORMAL,Relation_1
671,2,MOVE,Keyboard
681,3,MOVE,DataSlip_9-DataSlip_3-DataSlip_12-
684,3,NORMAL,Relation_1
686,3,SHRINK,Relation_1
688,3,NORMAL,Sticker_0
689,3,UPDATE_RELATION,DataSlip_3-DataSlip_12-
689,3,UPDATE_RELATION,DataSlip_9-DataSlip_3-DataSlip_12-
689,3,ROTATE,Sticker_0
691,3,ENLARGE,Relation_1
693,3,MOVE,DataSlip_12-DataSlip_9-DataSlip_3-
700,3,SHRINK,Relation_1
703,3,ENLARGE,Relation_1
705,2,MOVE,DataSlip_9-DataSlip_3-DataSlip_12-
707,2,MOVE,Keyboard
709,2,MOVE,Keyboard
710,3,SHRINK,Relation_1
717,3,CREATE_OBJECT,StorageArea_4
724,2,MOVE,Keyboard
735,-1,ENTER_GROUP_NAME,arizona name is: arizona
742,2,NORMAL,Relation_1
746,3,ADD_OBJ_TO_GROUP,DataSlip_3-DataSlip_12-DataSlip_9- -> arizona
746,3,SHRINK,Relation_1
746,3,MOVE,DataSlip_12-DataSlip_9-DataSlip_3-
748,2,MOVE,DataSlip_12-DataSlip_9-DataSlip_3-
749,2,MOVE,DataSlip_12-DataSlip_9-DataSlip_3-
750,3,MOVE,arizona
752,1,ENLARGE,Relation_3
754,1,MOVE,DataSlip_8-DataSlip_15-DataSlip_4-
759,1,SHRINK,Relation_3
761,1,ENLARGE,Relation_3
769,1,SHRINK,Relation_3
771,1,ENLARGE,Relation_3
771,1,NORMAL,Relation_3
774,2,MOVE,Keyboard
780,1,SHRINK,Relation_3
787,2,CREATE_OBJECT,StorageArea_5
795,-1,ENTER_GROUP_NAME,no money name is: no money
797,2,MOVE,no money
798,1,ADD_OBJ_TO_GROUP,DataSlip_8-DataSlip_4-DataSlip_15- -> no money
798,1,SHRINK,Relation_3
798,1,MOVE,DataSlip_8-DataSlip_15-DataSlip_4-
798,-1,SAVE,null
798,-1,INIT_STAGE3,
798,1,INTERACTION_TIME,179197 of 642501
798,1,SLIP_INTERACTION,140 of 429
798,1,GROUP_INTERACTION,9 of 41
798,1,NOTES_INTERACTION,0 of 7
798,1,REL_INTERACTION,2 of 13
798,2,INTERACTION_TIME,239730 of 642501
798,2,SLIP_INTERACTION,151 of 429
798,2,GROUP_INTERACTION,17 of 41
798,2,NOTES_INTERACTION,2 of 7
798,2,REL_INTERACTION,9 of 13
798,3,INTERACTION_TIME,223574 of 642501
798,3,SLIP_INTERACTION,138 of 429
798,3,GROUP_INTERACTION,15 of 41
798,3,NOTES_INTERACTION,5 of 7
798,3,REL_INTERACTION,2 of 13
823,3,MOVE,arizona
825,-1,REMOVE_OBJ_FROM_GROUP,DataSlip_12-DataSlip_9-DataSlip_3- -> arizona
825,3,REMOVE_OBJ_FROM_GROUP,DataSlip_12-DataSlip_9-DataSlip_3- -> arizona
825,3,MOVE,DataSlip_12-DataSlip_9-DataSlip_3-
825,2,MOVE,no money
826,1,MOVE,Note_1
827,-1,REMOVE_OBJ_FROM_GROUP,DataSlip_8-DataSlip_15-DataSlip_4- -> no money
827,2,REMOVE_OBJ_FROM_GROUP,DataSlip_8-DataSlip_15-DataSlip_4- -> no money
827,2,MOVE,DataSlip_8-DataSlip_15-DataSlip_4-
829,3,MOVE,arizona
829,2,MOVE,DataSlip_8-DataSlip_15-DataSlip_4-
830,2,UPDATE_RELATION,DataSlip_8-DataSlip_4-
830,2,UPDATE_RELATION,DataSlip_15-DataSlip_8-DataSlip_4-
830,2,MOVE,Sticker_2
831,3,MOVE,leave
831,2,UPDATE_RELATION,DataSlip_8-DataSlip_4-
831,2,MOVE,Sticker_2
832,-1,REMOVE_OBJ_FROM_GROUP,DataSlip_10 -> leave
832,3,REMOVE_OBJ_FROM_GROUP,DataSlip_10 -> leave
832,3,MOVE,DataSlip_10
833,-1,REMOVE_OBJ_FROM_GROUP,DataSlip_7 -> leave
833,3,REMOVE_OBJ_FROM_GROUP,DataSlip_7 -> leave
833,3,MOVE,DataSlip_7
833,2,DELETE_RELATION,DataSlip_8-DataSlip_4-
833,2,ADD_OBJ_TO_GROUP,Sticker_3 -> no money
833,2,SHRINK,Sticker_3
833,2,MOVE,Sticker_3
833,-1,REMOVE_OBJ_FROM_GROUP,DataSlip_18 -> leave
833,3,REMOVE_OBJ_FROM_GROUP,DataSlip_18 -> leave
833,3,MOVE,DataSlip_18
834,-1,REMOVE_OBJ_FROM_GROUP,Sticker_3 -> no money
834,2,REMOVE_OBJ_FROM_GROUP,Sticker_3 -> no money
834,2,MOVE,Sticker_3
834,-1,REMOVE_OBJ_FROM_GROUP,DataSlip_5 -> leave
834,3,REMOVE_OBJ_FROM_GROUP,DataSlip_5 -> leave
834,3,MOVE,DataSlip_5
835,-1,REMOVE_OBJ_FROM_GROUP,DataSlip_1 -> leave
835,3,REMOVE_OBJ_FROM_GROUP,DataSlip_1 -> leave
835,3,MOVE,DataSlip_1
836,-1,REMOVE_OBJ_FROM_GROUP,DataSlip_17 -> leave
836,3,REMOVE_OBJ_FROM_GROUP,DataSlip_17 -> leave
836,3,MOVE,DataSlip_17
836,1,MOVE,stay
836,2,MOVE,Sticker_2
836,2,MOVE,Sticker_3
837,3,MOVE,arizona
838,1,MOVE,stay
840,-1,REMOVE_OBJ_FROM_GROUP,DataSlip_20 -> stay
840,1,REMOVE_OBJ_FROM_GROUP,DataSlip_20 -> stay
840,1,MOVE,DataSlip_20
840,3,DELETE_GROUP,arizona
840,-1,REMOVE_OBJ_FROM_GROUP,DataSlip_6 -> stay
840,1,REMOVE_OBJ_FROM_GROUP,DataSlip_6 -> stay
840,1,MOVE,DataSlip_6
842,-1,REMOVE_OBJ_FROM_GROUP,DataSlip_14 -> stay
842,1,REMOVE_OBJ_FROM_GROUP,DataSlip_14 -> stay
842,1,MOVE,DataSlip_14
842,1,MOVE,stay
843,3,DELETE_GROUP,leave
844,-1,REMOVE_OBJ_FROM_GROUP,DataSlip_13 -> stay
844,1,REMOVE_OBJ_FROM_GROUP,DataSlip_13 -> stay
844,1,MOVE,DataSlip_13
844,-1,REMOVE_OBJ_FROM_GROUP,DataSlip_16 -> stay
844,1,REMOVE_OBJ_FROM_GROUP,DataSlip_16 -> stay
844,1,MOVE,DataSlip_16
845,2,MOVE,DataSlip_18
845,-1,REMOVE_OBJ_FROM_GROUP,DataSlip_19 -> stay
845,1,REMOVE_OBJ_FROM_GROUP,DataSlip_19 -> stay
845,1,MOVE,DataSlip_19
846,2,MOVE,DataSlip_7
846,3,MOVE,no money
846,-1,REMOVE_OBJ_FROM_GROUP,DataSlip_11 -> stay
846,1,REMOVE_OBJ_FROM_GROUP,DataSlip_11 -> stay
846,1,MOVE,DataSlip_11
847,-1,REMOVE_OBJ_FROM_GROUP,DataSlip_2 -> stay
847,1,REMOVE_OBJ_FROM_GROUP,DataSlip_2 -> stay
847,1,MOVE,DataSlip_2
847,3,DELETE_GROUP,no money
848,2,UPDATE_RELATION,DataSlip_12-DataSlip_3-
848,1,MOVE,stay
849,1,MOVE,stay
850,2,DELETE_RELATION,DataSlip_12-DataSlip_3-
851,2,MOVE,DataSlip_12
853,1,MOVE,stay
854,1,MOVE,stay
855,2,MOVE,Note_1
855,3,DELETE_GROUP,stay
856,3,MOVE,Trash
856,2,SHRINK,Note_1
858,2,SHRINK,Note_0
860,2,MOVE,Note_0
861,2,MOVE,Note_1
869,3,NORMAL,DataSlip_12
870,1,MOVE,DataSlip_14
872,1,ENLARGE,DataSlip_14
872,3,MOVE,DataSlip_12
873,1,MOVE,DataSlip_14
875,1,MOVE,DataSlip_14
876,3,MOVE,DataSlip_10
877,3,NORMAL,DataSlip_10
878,3,MOVE,DataSlip_10
879,2,NORMAL,DataSlip_14
881,3,MOVE,DataSlip_10
881,1,MOVE,DataSlip_14
881,3,MOVE,DataSlip_7
881,3,MOVE,DataSlip_7
882,3,MOVE,DataSlip_18
883,3,MOVE,DataSlip_12
885,1,MOVE,DataSlip_14
885,2,NORMAL,DataSlip_18
886,2,MOVE,DataSlip_18
886,1,SHRINK,DataSlip_14
887,1,MOVE,DataSlip_14
887,2,NORMAL,DataSlip_7
888,3,MOVE,DataSlip_18
889,1,NORMAL,DataSlip_20
890,3,NORMAL,DataSlip_3
891,3,MOVE,DataSlip_3
892,3,MOVE,DataSlip_5
893,2,NORMAL,DataSlip_15
894,3,NORMAL,DataSlip_5
894,1,SHRINK,DataSlip_20
895,3,MOVE,DataSlip_9
895,2,NORMAL,DataSlip_8
895,1,MOVE,DataSlip_20
897,3,NORMAL,DataSlip_9
898,2,MOVE,DataSlip_15
899,3,MOVE,DataSlip_17
899,2,MOVE,DataSlip_8
899,1,MOVE,DataSlip_6
900,3,NORMAL,DataSlip_17
900,1,NORMAL,DataSlip_6
901,1,MOVE,DataSlip_6
901,2,MOVE,DataSlip_4
903,2,NORMAL,DataSlip_4
903,3,MOVE,DataSlip_1
904,3,NORMAL,DataSlip_1
905,3,MOVE,DataSlip_1
907,1,SHRINK,DataSlip_6
908,1,MOVE,DataSlip_6
909,2,MOVE,DataSlip_2
912,3,NORMAL,DataSlip_2
912,2,MOVE,DataSlip_11
912,1,MOVE,DataSlip_6
913,2,NORMAL,DataSlip_11
913,1,NORMAL,DataSlip_6
914,1,MOVE,DataSlip_6
914,2,NORMAL,DataSlip_11
916,2,ROTATE,DataSlip_11
918,3,MOVE,DataSlip_17
918,1,NORMAL,DataSlip_14
920,2,MOVE,DataSlip_11
922,1,MOVE,DataSlip_14
923,3,MOVE,DataSlip_17
924,1,NORMAL,DataSlip_20
925,3,MOVE,DataSlip_17
926,1,MOVE,DataSlip_20
927,3,MOVE,DataSlip_17
929,1,MOVE,DataSlip_19
929,3,MOVE,DataSlip_1
930,1,NORMAL,DataSlip_19
930,1,NORMAL,DataSlip_19
930,1,ROTATE,DataSlip_19
930,3,MOVE,DataSlip_1
935,1,MOVE,DataSlip_19
937,3,MOVE,DataSlip_1
937,3,NORMAL,DataSlip_1
938,3,ROTATE,DataSlip_1
939,1,MOVE,DataSlip_13
939,3,MOVE,DataSlip_1
940,1,ENLARGE,DataSlip_13
941,3,MOVE,DataSlip_2
943,1,MOVE,DataSlip_13
944,1,NORMAL,DataSlip_13
948,3,MOVE,DataSlip_2
949,3,MOVE,DataSlip_18
953,1,MOVE,DataSlip_13
955,1,MOVE,DataSlip_16
956,3,MOVE,DataSlip_18
957,1,NORMAL,DataSlip_16
957,3,MOVE,DataSlip_18
962,3,MOVE,DataSlip_18
966,2,MOVE,DataSlip_16
971,2,MOVE,DataSlip_16
975,3,MOVE,DataSlip_15
984,2,CREATE_OBJECT,Sticker_4
988,2,CREATE_OBJECT,DataSlip_16-
988,2,UPDATE_RELATION,DataSlip_16-
988,2,MOVE,Sticker_4
988,3,MOVE,DataSlip_3
995,3,MOVE,DataSlip_18
996,1,MOVE,DataSlip_14
1000,3,MOVE,DataSlip_18
1002,3,MOVE,DataSlip_5
1002,3,MOVE,DataSlip_9
1004,3,DELETE_RELATION,DataSlip_16-
1004,3,CREATE_OBJECT,DataSlip_16-DataSlip_18-
1004,3,UPDATE_RELATION,DataSlip_16-DataSlip_18-
1009,1,MOVE,DataSlip_11
1014,3,MOVE,DataSlip_5
1015,2,MOVE,DataSlip_19
1016,3,MOVE,DataSlip_5
1017,3,MOVE,DataSlip_3
1017,2,MOVE,DataSlip_19
1018,3,MOVE,DataSlip_7
1022,3,MOVE,DataSlip_12
1023,3,MOVE,DataSlip_10
1024,3,MOVE,DataSlip_12
1026,3,MOVE,DataSlip_2
1026,2,CREATE_OBJECT,Sticker_5
1027,3,MOVE,DataSlip_1
1027,2,CREATE_OBJECT,DataSlip_2-
1027,2,UPDATE_RELATION,DataSlip_2-
1028,3,MOVE,DataSlip_17
1030,2,DELETE_RELATION,DataSlip_2-
1030,2,UPDATE_RELATION,DataSlip_16-DataSlip_18-
1030,2,MOVE,Sticker_5
1032,3,MOVE,DataSlip_10
1036,1,UPDATE_RELATION,DataSlip_16-DataSlip_18-
1036,1,UPDATE_RELATION,DataSlip_10-DataSlip_16-DataSlip_18-
1043,1,MOVE,DataSlip_10-DataSlip_16-DataSlip_18-
1044,1,SHRINK,Relation_6
1048,2,SHRINK,Relation_6
1051,2,SHRINK,Relation_6
1053,2,SHRINK,Relation_6
1055,2,SHRINK,Relation_6
1056,2,MOVE,DataSlip_16-DataSlip_18-DataSlip_10-
1057,3,MOVE,DataSlip_16-DataSlip_18-DataSlip_10-
1058,2,UPDATE_RELATION,DataSlip_16-DataSlip_18-
1058,2,UPDATE_RELATION,DataSlip_10-DataSlip_16-DataSlip_18-
1058,2,MOVE,Sticker_5
1059,2,UPDATE_RELATION,DataSlip_16-DataSlip_18-
1059,2,UPDATE_RELATION,DataSlip_10-DataSlip_16-DataSlip_18-
1059,2,MOVE,Sticker_5
1060,2,SHRINK,Relation_6
1063,1,UPDATE_RELATION,DataSlip_10-DataSlip_18-
1063,1,MOVE,Sticker_4
1063,3,SHRINK,Relation_6
1067,2,DELETE_RELATION,DataSlip_10-DataSlip_18-
1067,2,CREATE_OBJECT,DataSlip_10-
1067,2,UPDATE_RELATION,DataSlip_10-
1067,2,MOVE,Sticker_5
1067,1,SHRINK,Relation_6
1067,3,SHRINK,DataSlip_16
1068,2,MOVE,DataSlip_10-
1069,1,SHRINK,DataSlip_18
1070,3,MOVE,DataSlip_16
1071,2,DELETE_RELATION,DataSlip_10-
1071,2,CREATE_OBJECT,DataSlip_10-
1071,2,UPDATE_RELATION,DataSlip_10-
1071,2,MOVE,Sticker_5
1071,1,MOVE,Sticker_4
1072,1,MOVE,DataSlip_18
1073,2,DELETE_RELATION,DataSlip_10-
1073,2,MOVE,Sticker_5
1073,3,MOVE,DataSlip_18
1075,3,MOVE,DataSlip_10
1075,2,CREATE_OBJECT,DataSlip_18-DataSlip_16-
1075,2,UPDATE_RELATION,DataSlip_18-DataSlip_16-
1075,2,MOVE,Sticker_4
1077,3,UPDATE_RELATION,DataSlip_18-DataSlip_16-DataSlip_10-
1077,3,MOVE,Sticker_5
1086,1,SHRINK,DataSlip_19
1089,1,MOVE,DataSlip_19
1091,1,SHRINK,DataSlip_12
1093,1,MOVE,DataSlip_12
1098,1,CREATE_OBJECT,Sticker_6
1102,1,UPDATE_RELATION,DataSlip_19-DataSlip_18-DataSlip_16-DataSlip_10-
1102,1,MOVE,Sticker_6
1104,1,CREATE_OBJECT,Sticker_7
1106,1,UPDATE_RELATION,DataSlip_12-DataSlip_19-DataSlip_18-DataSlip_16-DataSlip_10-
1106,1,MOVE,Sticker_7
1116,3,MOVE,DataSlip_9
1117,3,MOVE,DataSlip_8
1118,2,MOVE,DataSlip_17
1118,3,MOVE,DataSlip_9
1119,3,MOVE,DataSlip_8
1120,2,SHRINK,DataSlip_17
1123,2,MOVE,DataSlip_17
1128,3,MOVE,DataSlip_9
1131,1,CREATE_OBJECT,Sticker_8
1132,1,MOVE,Sticker_8
1133,3,SHRINK,DataSlip_9
1136,3,MOVE,DataSlip_9
1138,3,MOVE,DataSlip_17
1139,1,UPDATE_RELATION,DataSlip_9-DataSlip_12-DataSlip_19-DataSlip_18-DataSlip_16-DataSlip_10-
1140,1,MOVE,Sticker_8
1141,1,CREATE_OBJECT,Sticker_9
1143,1,UPDATE_RELATION,DataSlip_17-DataSlip_9-DataSlip_12-DataSlip_19-DataSlip_18-DataSlip_16-DataSlip_10-
1143,1,MOVE,Sticker_9
1148,3,MOVE,DataSlip_8
1154,3,SHRINK,DataSlip_8
1156,3,MOVE,DataSlip_8
1157,3,MOVE,DataSlip_4
1159,1,CREATE_OBJECT,Sticker_10
1160,1,UPDATE_RELATION,DataSlip_8-DataSlip_17-DataSlip_9-DataSlip_12-DataSlip_19-DataSlip_18-DataSlip_16-DataSlip_10-
1160,1,MOVE,Sticker_10
1164,3,MOVE,DataSlip_7
1165,3,MOVE,DataSlip_4
1167,3,SHRINK,DataSlip_4
1169,1,CREATE_OBJECT,Sticker_11
1170,3,MOVE,DataSlip_4
1171,1,UPDATE_RELATION,DataSlip_4-DataSlip_8-DataSlip_17-DataSlip_9-DataSlip_12-DataSlip_19-DataSlip_18-DataSlip_16-DataSlip_10-
1171,1,MOVE,Sticker_11
1175,3,MOVE,DataSlip_7
1176,3,MOVE,DataSlip_2
1177,3,MOVE,DataSlip_1
1180,3,MOVE,DataSlip_5
1181,3,MOVE,DataSlip_11
1183,3,MOVE,DataSlip_20
1185,3,MOVE,DataSlip_20
1186,3,MOVE,DataSlip_20
1187,3,MOVE,DataSlip_6
1189,3,MOVE,DataSlip_1
1191,3,MOVE,DataSlip_2
1192,2,MOVE,Trash
1192,3,MOVE,DataSlip_11
1193,1,MOVE,DataSlip_7
1194,2,MOVE,DataSlip_2
1195,1,MOVE,DataSlip_15
1195,2,MOVE,DataSlip_1
1196,3,MOVE,DataSlip_11
1197,3,MOVE,DataSlip_7
1198,3,MOVE,DataSlip_5
1198,1,MOVE,DataSlip_15
1200,3,MOVE,Keyboard
1200,1,MOVE,DataSlip_15
1201,1,SHRINK,DataSlip_15
1203,1,MOVE,DataSlip_15
1206,1,CREATE_OBJECT,Sticker_12
1207,1,UPDATE_RELATION,DataSlip_15-DataSlip_4-DataSlip_8-DataSlip_17-DataSlip_9-DataSlip_12-DataSlip_19-DataSlip_18-DataSlip_16-DataSlip_10-
1207,1,MOVE,Sticker_12
1210,3,CREATE_OBJECT,DataSlip_15-DataSlip_4-
1210,3,UPDATE_RELATION,DataSlip_15-DataSlip_4-
1210,3,UPDATE_RELATION,DataSlip_18-DataSlip_16-DataSlip_10-DataSlip_19-DataSlip_12-DataSlip_9-DataSlip_17-DataSlip_8-
1210,3,MOVE,Sticker_11
1213,3,CREATE_OBJECT,Sticker_13
1215,3,UPDATE_RELATION,DataSlip_18-DataSlip_16-DataSlip_10-DataSlip_19-DataSlip_12-DataSlip_9-DataSlip_17-DataSlip_8-DataSlip_15-DataSlip_4-
1215,3,MOVE,Sticker_13
1216,3,MOVE,DataSlip_18-DataSlip_16-DataSlip_10-DataSlip_19-DataSlip_12-DataSlip_9-DataSlip_17-DataSlip_8-DataSlip_15-DataSlip_4-
1217,3,CREATE_OBJECT,DataSlip_15-DataSlip_4-
1217,3,UPDATE_RELATION,DataSlip_15-DataSlip_4-
1217,3,UPDATE_RELATION,DataSlip_18-DataSlip_16-DataSlip_10-DataSlip_19-DataSlip_12-DataSlip_9-DataSlip_17-DataSlip_8-
1217,3,MOVE,Sticker_13
1219,3,MOVE,DataSlip_15-DataSlip_4-
1220,3,UPDATE_RELATION,DataSlip_18-DataSlip_16-DataSlip_10-DataSlip_19-DataSlip_12-DataSlip_9-DataSlip_17-DataSlip_8-DataSlip_15-DataSlip_4-
1220,3,MOVE,Sticker_13
1226,1,MOVE,DataSlip_5
1227,3,MOVE,DataSlip_3
1230,3,MOVE,DataSlip_3
1230,3,NORMAL,DataSlip_3
1231,3,ROTATE,DataSlip_3
1233,3,SHRINK,DataSlip_3
1235,3,MOVE,DataSlip_3
1238,1,CREATE_OBJECT,Sticker_14
1240,1,MOVE,Sticker_14
1243,3,UPDATE_RELATION,DataSlip_3-DataSlip_18-DataSlip_16-DataSlip_10-DataSlip_19-DataSlip_12-DataSlip_9-DataSlip_17-DataSlip_8-DataSlip_15-DataSlip_4-
1243,3,MOVE,Sticker_14
1248,3,MOVE,DataSlip_5
1250,3,MOVE,DataSlip_7
1252,1,MOVE,DataSlip_11
1255,3,MOVE,DataSlip_7
1257,3,MOVE,DataSlip_1
1262,3,MOVE,DataSlip_1
1263,3,MOVE,DataSlip_1
1265,3,SHRINK,DataSlip_1
1267,3,MOVE,DataSlip_1
1270,2,CREATE_OBJECT,Sticker_15
1273,2,UPDATE_RELATION,DataSlip_1-DataSlip_3-DataSlip_18-DataSlip_16-DataSlip_10-DataSlip_19-DataSlip_12-DataSlip_9-DataSlip_17-DataSlip_8-DataSlip_15-DataSlip_4-
1273,2,MOVE,Sticker_15
1277,3,MOVE,DataSlip_2
1278,1,MOVE,DataSlip_11
1279,1,MOVE,DataSlip_14
1279,2,MOVE,DataSlip_5
1280,3,MOVE,DataSlip_7
1280,1,MOVE,DataSlip_20
1281,1,MOVE,DataSlip_6
1282,2,MOVE,DataSlip_5
1284,2,SHRINK,DataSlip_5
1286,2,MOVE,DataSlip_5
1288,3,MOVE,DataSlip_5
1289,3,MOVE,DataSlip_5
1300,3,MOVE,DataSlip_5
1302,1,CREATE_OBJECT,Sticker_16
1303,1,UPDATE_RELATION,DataSlip_5-DataSlip_1-DataSlip_3-DataSlip_18-DataSlip_16-DataSlip_10-DataSlip_19-DataSlip_12-DataSlip_9-DataSlip_17-DataSlip_8-DataSlip_15-DataSlip_4-
1303,1,MOVE,Sticker_16
1317,3,MOVE,DataSlip_2
1327,3,MOVE,DataSlip_11
1329,3,SHRINK,DataSlip_11
1333,3,MOVE,DataSlip_11
1338,2,UPDATE_RELATION,DataSlip_18-DataSlip_16-DataSlip_10-DataSlip_19-DataSlip_12-DataSlip_9-DataSlip_17-DataSlip_8-DataSlip_15-DataSlip_4-DataSlip_3-DataSlip_1-
1338,2,UPDATE_RELATION,DataSlip_5-DataSlip_18-DataSlip_16-DataSlip_10-DataSlip_19-DataSlip_12-DataSlip_9-DataSlip_17-DataSlip_8-DataSlip_15-DataSlip_4-DataSlip_3-DataSlip_1-
1338,2,MOVE,Sticker_16
1340,2,MOVE,DataSlip_5-DataSlip_18-DataSlip_16-DataSlip_10-DataSlip_19-DataSlip_12-DataSlip_9-DataSlip_17-DataSlip_8-DataSlip_15-DataSlip_4-DataSlip_3-DataSlip_1-
1341,3,CREATE_OBJECT,Sticker_17
1343,3,MOVE,DataSlip_11
1344,3,UPDATE_RELATION,DataSlip_11-DataSlip_5-DataSlip_18-DataSlip_16-DataSlip_10-DataSlip_19-DataSlip_12-DataSlip_9-DataSlip_17-DataSlip_8-DataSlip_15-DataSlip_4-DataSlip_3-DataSlip_1-
1344,3,MOVE,Sticker_17
1348,2,UPDATE_RELATION,DataSlip_18-DataSlip_16-DataSlip_10-DataSlip_19-DataSlip_12-DataSlip_9-DataSlip_17-DataSlip_8-DataSlip_15-DataSlip_4-DataSlip_3-DataSlip_1-DataSlip_11-
1348,2,UPDATE_RELATION,DataSlip_5-DataSlip_18-DataSlip_16-DataSlip_10-DataSlip_19-DataSlip_12-DataSlip_9-DataSlip_17-DataSlip_8-DataSlip_15-DataSlip_4-DataSlip_3-DataSlip_1-DataSlip_11-
1348,2,MOVE,Sticker_16
1348,2,MOVE,DataSlip_5-DataSlip_18-DataSlip_16-DataSlip_10-DataSlip_19-DataSlip_12-DataSlip_9-DataSlip_17-DataSlip_8-DataSlip_15-DataSlip_4-DataSlip_3-DataSlip_1-DataSlip_11-
1351,2,MOVE,DataSlip_5-DataSlip_18-DataSlip_16-DataSlip_10-DataSlip_19-DataSlip_12-DataSlip_9-DataSlip_17-DataSlip_8-DataSlip_15-DataSlip_4-DataSlip_3-DataSlip_1-DataSlip_11-
1352,3,UPDATE_RELATION,DataSlip_18-DataSlip_16-DataSlip_10-DataSlip_19-DataSlip_12-DataSlip_9-DataSlip_17-DataSlip_8-DataSlip_4-DataSlip_3-DataSlip_1-DataSlip_11-DataSlip_5-
1352,3,UPDATE_RELATION,DataSlip_15-DataSlip_18-DataSlip_16-DataSlip_10-DataSlip_19-DataSlip_12-DataSlip_9-DataSlip_17-DataSlip_8-DataSlip_4-DataSlip_3-DataSlip_1-DataSlip_11-DataSlip_5-
1352,3,MOVE,Sticker_12
1353,2,MOVE,DataSlip_15-DataSlip_18-DataSlip_16-DataSlip_10-DataSlip_19-DataSlip_12-DataSlip_9-DataSlip_17-DataSlip_8-DataSlip_4-DataSlip_3-DataSlip_1-DataSlip_11-DataSlip_5-
1357,2,CREATE_OBJECT,DataSlip_9-DataSlip_17-DataSlip_8-DataSlip_4-DataSlip_3-DataSlip_1-DataSlip_5-DataSlip_15-
1357,2,UPDATE_RELATION,DataSlip_9-DataSlip_17-DataSlip_8-DataSlip_4-DataSlip_3-DataSlip_1-DataSlip_5-DataSlip_15-
1357,2,UPDATE_RELATION,DataSlip_18-DataSlip_16-DataSlip_10-DataSlip_19-DataSlip_12-DataSlip_11-
1357,2,UPDATE_RELATION,DataSlip_18-DataSlip_16-DataSlip_10-DataSlip_19-DataSlip_12-DataSlip_11-DataSlip_9-DataSlip_17-DataSlip_8-DataSlip_4-DataSlip_3-DataSlip_1-DataSlip_5-DataSlip_15-
1357,2,MOVE,Sticker_8
1362,1,MOVE,DataSlip_6
1366,3,MOVE,DataSlip_6
1366,1,CREATE_OBJECT,Sticker_18
1367,1,CREATE_OBJECT,Sticker_19
1368,3,SHRINK,DataSlip_6
1368,1,MOVE,Sticker_19
1371,3,MOVE,DataSlip_6
1373,2,CREATE_OBJECT,Sticker_20
1374,3,UPDATE_RELATION,DataSlip_6-DataSlip_18-DataSlip_16-DataSlip_10-DataSlip_19-DataSlip_12-DataSlip_11-DataSlip_9-DataSlip_17-DataSlip_8-DataSlip_4-DataSlip_3-DataSlip_1-DataSlip_5-DataSlip_15-
1374,3,MOVE,Sticker_19
1374,2,CREATE_OBJECT,Sticker_21
1374,2,CREATE_OBJECT,Sticker_22
1376,2,MOVE,Sticker_22
1378,2,MOVE,Sticker_21
1380,2,MOVE,Sticker_22
1385,3,MOVE,DataSlip_20
1385,2,MOVE,Sticker_18
1387,3,SHRINK,DataSlip_20
1390,3,MOVE,DataSlip_20
1390,3,MOVE,DataSlip_2
1391,1,CREATE_OBJECT,Sticker_23
1392,1,MOVE,Sticker_23
1393,3,MOVE,DataSlip_6-DataSlip_18-DataSlip_16-DataSlip_10-DataSlip_19-DataSlip_12-DataSlip_11-DataSlip_9-DataSlip_17-DataSlip_8-DataSlip_4-DataSlip_3-DataSlip_1-DataSlip_5-DataSlip_15-
1394,3,MOVE,DataSlip_6-DataSlip_18-DataSlip_16-DataSlip_10-DataSlip_19-DataSlip_12-DataSlip_11-DataSlip_9-DataSlip_17-DataSlip_8-DataSlip_4-DataSlip_3-DataSlip_1-DataSlip_5-DataSlip_15-
1396,3,UPDATE_RELATION,DataSlip_6-DataSlip_18-DataSlip_16-DataSlip_10-DataSlip_19-DataSlip_12-DataSlip_11-DataSlip_9-DataSlip_17-DataSlip_8-DataSlip_4-DataSlip_3-DataSlip_1-DataSlip_5-DataSlip_15-DataSlip_20-
1396,3,MOVE,Sticker_23
1398,2,MOVE,Sticker_18
1398,3,UPDATE_RELATION,DataSlip_18-DataSlip_16-DataSlip_10-DataSlip_19-DataSlip_12-DataSlip_11-DataSlip_9-DataSlip_17-DataSlip_8-DataSlip_4-DataSlip_3-DataSlip_1-DataSlip_5-DataSlip_15-DataSlip_6-
1398,3,MOVE,Sticker_23
1400,3,MOVE,DataSlip_20
1400,2,MOVE,Sticker_22
1400,3,UPDATE_RELATION,DataSlip_20-DataSlip_18-DataSlip_16-DataSlip_10-DataSlip_19-DataSlip_12-DataSlip_11-DataSlip_9-DataSlip_17-DataSlip_8-DataSlip_4-DataSlip_3-DataSlip_1-DataSlip_5-DataSlip_15-DataSlip_6-
1401,3,MOVE,Sticker_23
1402,2,MOVE,Sticker_21
1403,2,MOVE,Sticker_20
1403,2,MOVE,Sticker_21
1406,3,MOVE,DataSlip_2
1406,2,MOVE,Sticker_20
1408,2,MOVE,Sticker_21
1409,2,MOVE,Sticker_20
1418,1,MOVE,DataSlip_14
1419,1,MOVE,DataSlip_13
1426,2,CREATE_OBJECT,Sticker_24
1426,1,SHRINK,DataSlip_14
1428,1,MOVE,DataSlip_14
1429,1,MOVE,DataSlip_13
1432,1,CREATE_OBJECT,Sticker_25
1433,1,UPDATE_RELATION,DataSlip_14-DataSlip_20-DataSlip_18-DataSlip_16-DataSlip_10-DataSlip_19-DataSlip_12-DataSlip_11-DataSlip_9-DataSlip_17-DataSlip_8-DataSlip_4-DataSlip_3-DataSlip_1-DataSlip_5-DataSlip_15-DataSlip_6-
1433,1,MOVE,Sticker_25
1435,2,UPDATE_RELATION,DataSlip_14-DataSlip_20-DataSlip_18-DataSlip_16-DataSlip_10-DataSlip_19-DataSlip_12-DataSlip_11-DataSlip_9-DataSlip_17-DataSlip_8-DataSlip_4-DataSlip_3-DataSlip_1-DataSlip_5-DataSlip_15-DataSlip_6-
1435,2,MOVE,Sticker_22
1436,1,UPDATE_RELATION,DataSlip_18-DataSlip_16-DataSlip_10-DataSlip_19-DataSlip_12-DataSlip_11-DataSlip_9-DataSlip_17-DataSlip_8-DataSlip_4-DataSlip_3-DataSlip_1-DataSlip_5-DataSlip_15-DataSlip_6-DataSlip_20-
1436,1,UPDATE_RELATION,DataSlip_14-DataSlip_18-DataSlip_16-DataSlip_10-DataSlip_19-DataSlip_12-DataSlip_11-DataSlip_9-DataSlip_17-DataSlip_8-DataSlip_4-DataSlip_3-DataSlip_1-DataSlip_5-DataSlip_15-DataSlip_6-DataSlip_20-
1436,1,MOVE,Sticker_25
1437,1,MOVE,DataSlip_14-DataSlip_18-DataSlip_16-DataSlip_10-DataSlip_19-DataSlip_12-DataSlip_11-DataSlip_9-DataSlip_17-DataSlip_8-DataSlip_4-DataSlip_3-DataSlip_1-DataSlip_5-DataSlip_15-DataSlip_6-DataSlip_20-
1440,3,MOVE,DataSlip_2
1443,3,SHRINK,DataSlip_2
1444,2,MOVE,DataSlip_14-DataSlip_18-DataSlip_16-DataSlip_10-DataSlip_19-DataSlip_12-DataSlip_11-DataSlip_9-DataSlip_17-DataSlip_8-DataSlip_4-DataSlip_3-DataSlip_1-DataSlip_5-DataSlip_15-DataSlip_6-DataSlip_20-
1446,2,MOVE,DataSlip_14-DataSlip_18-DataSlip_16-DataSlip_10-DataSlip_19-DataSlip_12-DataSlip_11-DataSlip_9-DataSlip_17-DataSlip_8-DataSlip_4-DataSlip_3-DataSlip_1-DataSlip_5-DataSlip_15-DataSlip_6-DataSlip_20-
1449,3,MOVE,DataSlip_2
1449,2,CREATE_OBJECT,Sticker_26
1451,2,MOVE,Sticker_26
1453,3,UPDATE_RELATION,DataSlip_14-DataSlip_18-DataSlip_16-DataSlip_10-DataSlip_19-DataSlip_12-DataSlip_11-DataSlip_9-DataSlip_17-DataSlip_8-DataSlip_4-DataSlip_3-DataSlip_1-DataSlip_5-DataSlip_15-DataSlip_6-DataSlip_20-DataSlip_2-
1453,3,MOVE,Sticker_26
1453,3,MOVE,DataSlip_7
1456,1,MOVE,DataSlip_13
1457,2,SHRINK,DataSlip_7
1461,2,MOVE,DataSlip_7
1463,3,MOVE,DataSlip_7
1464,3,MOVE,DataSlip_7
1464,1,MOVE,DataSlip_13
1466,2,SHRINK,DataSlip_13
1468,2,CREATE_OBJECT,Sticker_27
1470,3,MOVE,DataSlip_13
1470,2,MOVE,Sticker_27
1471,3,UPDATE_RELATION,DataSlip_7-DataSlip_14-DataSlip_18-DataSlip_16-DataSlip_10-DataSlip_19-DataSlip_12-DataSlip_11-DataSlip_9-DataSlip_17-DataSlip_8-DataSlip_4-DataSlip_3-DataSlip_1-DataSlip_5-DataSlip_15-DataSlip_6-DataSlip_20-DataSlip_2-
1471,3,MOVE,Sticker_27
1474,2,UPDATE_RELATION,DataSlip_18-DataSlip_16-DataSlip_10-DataSlip_19-DataSlip_12-DataSlip_11-DataSlip_9-DataSlip_17-DataSlip_8-DataSlip_4-DataSlip_3-DataSlip_1-DataSlip_5-DataSlip_15-DataSlip_6-DataSlip_20-DataSlip_14-DataSlip_2-DataSlip_7-
1478,2,CREATE_OBJECT,Sticker_28
1479,1,MOVE,DataSlip_18-DataSlip_16-DataSlip_10-DataSlip_19-DataSlip_12-DataSlip_11-DataSlip_9-DataSlip_17-DataSlip_8-DataSlip_4-DataSlip_3-DataSlip_1-DataSlip_5-DataSlip_15-DataSlip_6-DataSlip_20-DataSlip_14-DataSlip_2-DataSlip_7-
1481,3,UPDATE_RELATION,DataSlip_18-DataSlip_16-DataSlip_10-DataSlip_19-DataSlip_12-DataSlip_11-DataSlip_9-DataSlip_17-DataSlip_8-DataSlip_4-DataSlip_3-DataSlip_1-DataSlip_5-DataSlip_15-DataSlip_6-DataSlip_20-DataSlip_14-DataSlip_2-DataSlip_7-DataSlip_13-
1481,3,MOVE,Sticker_28
1485,1,MOVE,DataSlip_18-DataSlip_16-DataSlip_10-DataSlip_19-DataSlip_12-DataSlip_11-DataSlip_9-DataSlip_17-DataSlip_8-DataSlip_4-DataSlip_3-DataSlip_1-DataSlip_5-DataSlip_15-DataSlip_6-DataSlip_20-DataSlip_14-DataSlip_2-DataSlip_7-DataSlip_13-
1489,1,NORMAL,Note_1
1491,1,MOVE,Note_1
1492,1,NORMAL,Note_0
1493,1,MOVE,Note_0
1497,2,ENLARGE,Note_1
1499,2,SHRINK,Note_1
1501,2,MOVE,Note_0
1503,2,SHRINK,Note_0
1530,3,MOVE,Keyboard
1533,2,MOVE,Keyboard
1537,3,MOVE,Keyboard
1571,3,MOVE,Keyboard
1577,1,MOVE,Keyboard
1579,3,MOVE,Keyboard
1642,3,MOVE,Keyboard
1686,-1,CREATE_OBJECT,Note_2
1686,-1,UPDATE_NOTE,Note_2: The answer: leave to get a better job and shell be able to get a car so she will beable to visit her family_
1686,-1,SAVE,null
1687,-1,CLOSING,
1687,1,INTERACTION_TIME,318590 of 1163936
1687,1,SLIP_INTERACTION,222 of 716
1687,1,GROUP_INTERACTION,17 of 63
1687,1,NOTES_INTERACTION,9 of 66
1687,1,REL_INTERACTION,5 of 39
1687,2,INTERACTION_TIME,417898 of 1163936
1687,2,SLIP_INTERACTION,202 of 716
1687,2,GROUP_INTERACTION,20 of 63
1687,2,NOTES_INTERACTION,52 of 66
1687,2,REL_INTERACTION,27 of 39
1687,3,INTERACTION_TIME,427448 of 1163936
1687,3,SLIP_INTERACTION,292 of 716
1687,3,GROUP_INTERACTION,26 of 63
1687,3,NOTES_INTERACTION,5 of 66
1687,3,REL_INTERACTION,7 of 39
1687,-1,UPDATE_NOTE,Note_0: The question is: Should Annie leave Windy Creek or should she stay? And why?
1687,-1,UPDATE_NOTE,Note_1: - Think about slips (3, 9 and 12). They should be in one group._- Think about slips (4, 8 and 15). They should be in one group._
1687,-1,UPDATE_NOTE,Note_2: The answer: leave to get a better job and shell be able to get a car so she will beable to visit her family_
